[2019-06-13 14:22:41] UTN FRA LOGGER.INFO: ::1 [] {"uid":"ecfba35"}
[2019-06-13 14:23:14] UTN FRA LOGGER.INFO: ip :::1 [] {"uid":"f1af206"}
[2019-06-13 14:31:21] UTN FRA LOGGER.INFO: info  =Mozilla/5.0 (X11; Linux x86_64) AppleWebKit/537.36 (KHTML, like Gecko) Chrome/73.0.3683.86 Safari/537.36 [] {"uid":"2676799"}
[2019-06-13 14:31:21] UTN FRA LOGGER.INFO: ip =::1 [] {"uid":"2676799"}
[2019-06-13 14:33:01] UTN FRA LOGGER.INFO: info  =PostmanRuntime/7.1.1 [] {"uid":"1c0e970"}
[2019-06-13 14:33:01] UTN FRA LOGGER.INFO: ip =::1 [] {"uid":"1c0e970"}
[2019-06-13 14:33:04] UTN FRA LOGGER.INFO: info  =PostmanRuntime/7.1.1 [] {"uid":"e0a490b"}
[2019-06-13 14:33:04] UTN FRA LOGGER.INFO: ip =::1 [] {"uid":"e0a490b"}
[2019-06-13 14:33:08] UTN FRA LOGGER.INFO: info  =PostmanRuntime/7.1.1 [] {"uid":"5792b8b"}
[2019-06-13 14:33:08] UTN FRA LOGGER.INFO: ip =::1 [] {"uid":"5792b8b"}
[2019-06-13 14:33:14] UTN FRA LOGGER.INFO: info  =PostmanRuntime/7.1.1 [] {"uid":"c3f3041"}
[2019-06-13 14:33:14] UTN FRA LOGGER.INFO: ip =::1 [] {"uid":"c3f3041"}
[2019-06-13 14:41:27] UTN FRA LOGGER.INFO: info  =Mozilla/5.0 (X11; Linux x86_64; rv:60.0) Gecko/20100101 Firefox/60.0 [] {"uid":"d971c69"}
[2019-06-13 14:41:27] UTN FRA LOGGER.INFO: ip =127.0.0.1 [] {"uid":"d971c69"}
[2019-06-13 14:46:20] UTN FRA LOGGER.INFO: info  =Mozilla/5.0 (X11; Linux x86_64; rv:60.0) Gecko/20100101 Firefox/60.0 [] {"uid":"01737b9"}
[2019-06-13 14:46:20] UTN FRA LOGGER.INFO: ip =127.0.0.1 [] {"uid":"01737b9"}
[2019-06-13 14:48:37] UTN FRA LOGGER.INFO: info  =Mozilla/5.0 (X11; Linux x86_64) AppleWebKit/537.36 (KHTML, like Gecko) Chrome/50.0.2661.76 YaBrowser/16.6.0.6383 (beta) Safari/537.36 [] {"uid":"5d9f7e5"}
[2019-06-13 14:48:37] UTN FRA LOGGER.INFO: ip =::1 [] {"uid":"5d9f7e5"}
[2019-06-13 14:48:52] UTN FRA LOGGER.INFO: info  =Mozilla/5.0 (X11; Linux x86_64) AppleWebKit/537.36 (KHTML, like Gecko) Chrome/50.0.2661.76 YaBrowser/16.6.0.6383 (beta) Safari/537.36 [] {"uid":"f6cdba9"}
[2019-06-13 14:48:52] UTN FRA LOGGER.INFO: ip =::1 [] {"uid":"f6cdba9"}
[2019-06-13 14:48:59] UTN FRA LOGGER.INFO: info  =Mozilla/5.0 (X11; Linux x86_64) AppleWebKit/537.36 (KHTML, like Gecko) Chrome/50.0.2661.76 YaBrowser/16.6.0.6383 (beta) Safari/537.36 [] {"uid":"7fb9fe5"}
[2019-06-13 14:48:59] UTN FRA LOGGER.INFO: ip =::1 [] {"uid":"7fb9fe5"}
[2019-06-13 14:50:12] UTN FRA LOGGER.INFO: info  =Mozilla/5.0 (X11; Linux x86_64) AppleWebKit/537.36 (KHTML, like Gecko) Chrome/71.0.3578.98 Safari/537.36 OPR/58.0.3135.107 [] {"uid":"05adba9"}
[2019-06-13 14:50:13] UTN FRA LOGGER.INFO: ip =::1 [] {"uid":"05adba9"}
[2019-06-13 14:51:49] UTN FRA LOGGER.INFO: info  =Mozilla/5.0 (X11; Linux x86_64) AppleWebKit/537.36 (KHTML, like Gecko) Chrome/73.0.3683.86 Safari/537.36 [] {"uid":"4869fa1"}
[2019-06-13 14:51:49] UTN FRA LOGGER.INFO: ip =::1 [] {"uid":"4869fa1"}
[2019-06-13 14:52:04] UTN FRA LOGGER.INFO: info  =PostmanRuntime/7.1.1 [] {"uid":"955f892"}
[2019-06-13 14:52:04] UTN FRA LOGGER.INFO: ip =::1 [] {"uid":"955f892"}
[2019-06-13 14:52:24] UTN FRA LOGGER.INFO: Datos  =PostmanRuntime/7.1.1 [] {"uid":"3d3557f"}
[2019-06-13 14:52:24] UTN FRA LOGGER.INFO: ip =::1 [] {"uid":"3d3557f"}
[2019-06-13 14:52:34] UTN FRA LOGGER.INFO: Datos  =Mozilla/5.0 (X11; Linux x86_64) AppleWebKit/537.36 (KHTML, like Gecko) Chrome/71.0.3578.98 Safari/537.36 OPR/58.0.3135.107 [] {"uid":"521a87e"}
[2019-06-13 14:52:34] UTN FRA LOGGER.INFO: ip =::1 [] {"uid":"521a87e"}
[2019-06-13 14:54:41] UTN FRA LOGGER.INFO: Datos  =Mozilla/5.0 (X11; Linux x86_64) AppleWebKit/537.36 (KHTML, like Gecko) Chrome/73.0.3683.86 Safari/537.36 [] {"uid":"15b9fd3"}
[2019-06-13 14:54:41] UTN FRA LOGGER.INFO: ip =::1 [] {"uid":"15b9fd3"}
[2019-06-13 15:40:36] UTN FRA LOGGER.INFO: Datos  =Mozilla/5.0 (X11; Linux x86_64) AppleWebKit/537.36 (KHTML, like Gecko) Chrome/73.0.3683.86 Safari/537.36 [] {"uid":"bbb9226"}
[2019-06-13 15:40:36] UTN FRA LOGGER.INFO: ip =::1 [] {"uid":"bbb9226"}
[2019-06-13 15:40:42] UTN FRA LOGGER.INFO: Datos  =Mozilla/5.0 (X11; Linux x86_64) AppleWebKit/537.36 (KHTML, like Gecko) Chrome/73.0.3683.86 Safari/537.36 [] {"uid":"d5105f7"}
[2019-06-13 15:40:42] UTN FRA LOGGER.INFO: ip =::1 [] {"uid":"d5105f7"}
[2019-06-13 15:41:29] UTN FRA LOGGER.INFO: Datos  =Mozilla/5.0 (X11; Linux x86_64) AppleWebKit/537.36 (KHTML, like Gecko) Chrome/73.0.3683.86 Safari/537.36 [] {"uid":"e12c6d8"}
[2019-06-13 15:41:29] UTN FRA LOGGER.INFO: ip =::1 [] {"uid":"e12c6d8"}
[2019-06-13 15:42:30] UTN FRA LOGGER.INFO: Datos  =Mozilla/5.0 (X11; Linux x86_64) AppleWebKit/537.36 (KHTML, like Gecko) Chrome/73.0.3683.86 Safari/537.36 [] {"uid":"36ef6fa"}
[2019-06-13 15:42:30] UTN FRA LOGGER.INFO: ip =::1 [] {"uid":"36ef6fa"}
[2019-06-13 15:45:52] UTN FRA LOGGER.INFO: Datos  =Mozilla/5.0 (X11; Linux x86_64) AppleWebKit/537.36 (KHTML, like Gecko) Chrome/73.0.3683.86 Safari/537.36 [] {"uid":"452e00c"}
[2019-06-13 15:45:52] UTN FRA LOGGER.INFO: ip =::1 [] {"uid":"452e00c"}
[2019-06-13 15:46:48] UTN FRA LOGGER.INFO: Datos  =Mozilla/5.0 (X11; Linux x86_64) AppleWebKit/537.36 (KHTML, like Gecko) Chrome/73.0.3683.86 Safari/537.36 [] {"uid":"accaf17"}
[2019-06-13 15:46:48] UTN FRA LOGGER.INFO: ip =::1 [] {"uid":"accaf17"}
[2019-06-13 15:46:49] UTN FRA LOGGER.INFO: Datos  =Mozilla/5.0 (X11; Linux x86_64) AppleWebKit/537.36 (KHTML, like Gecko) Chrome/73.0.3683.86 Safari/537.36 [] {"uid":"2977b9f"}
[2019-06-13 15:46:49] UTN FRA LOGGER.INFO: ip =::1 [] {"uid":"2977b9f"}
[2019-06-13 15:46:50] UTN FRA LOGGER.INFO: Datos  =Mozilla/5.0 (X11; Linux x86_64) AppleWebKit/537.36 (KHTML, like Gecko) Chrome/73.0.3683.86 Safari/537.36 [] {"uid":"5b1fbcd"}
[2019-06-13 15:46:50] UTN FRA LOGGER.INFO: ip =::1 [] {"uid":"5b1fbcd"}
[2019-06-13 15:47:05] UTN FRA LOGGER.INFO: Datos  =Mozilla/5.0 (X11; Linux x86_64) AppleWebKit/537.36 (KHTML, like Gecko) Chrome/73.0.3683.86 Safari/537.36 [] {"uid":"618e906"}
[2019-06-13 15:47:05] UTN FRA LOGGER.INFO: ip =::1 [] {"uid":"618e906"}
[2019-06-13 15:47:10] UTN FRA LOGGER.INFO: Datos  =Mozilla/5.0 (X11; Linux x86_64) AppleWebKit/537.36 (KHTML, like Gecko) Chrome/73.0.3683.86 Safari/537.36 [] {"uid":"e6f850c"}
[2019-06-13 15:47:10] UTN FRA LOGGER.INFO: ip =::1 [] {"uid":"e6f850c"}
[2019-06-13 15:47:16] UTN FRA LOGGER.INFO: Datos  =Mozilla/5.0 (X11; Linux x86_64) AppleWebKit/537.36 (KHTML, like Gecko) Chrome/73.0.3683.86 Safari/537.36 [] {"uid":"6080469"}
[2019-06-13 15:47:16] UTN FRA LOGGER.INFO: ip =::1 [] {"uid":"6080469"}
[2019-06-13 15:47:52] UTN FRA LOGGER.INFO: Datos  =Mozilla/5.0 (X11; Linux x86_64) AppleWebKit/537.36 (KHTML, like Gecko) Chrome/73.0.3683.86 Safari/537.36 [] {"uid":"be829a8"}
[2019-06-13 15:47:52] UTN FRA LOGGER.INFO: ip =::1 [] {"uid":"be829a8"}
[2019-06-13 15:47:55] UTN FRA LOGGER.INFO: Datos  =Mozilla/5.0 (X11; Linux x86_64) AppleWebKit/537.36 (KHTML, like Gecko) Chrome/73.0.3683.86 Safari/537.36 [] {"uid":"8f497ca"}
[2019-06-13 15:47:55] UTN FRA LOGGER.INFO: ip =::1 [] {"uid":"8f497ca"}
[2019-06-13 15:48:12] UTN FRA LOGGER.INFO: Datos  =Mozilla/5.0 (X11; Linux x86_64) AppleWebKit/537.36 (KHTML, like Gecko) Chrome/73.0.3683.86 Safari/537.36 [] {"uid":"9e48c5a"}
[2019-06-13 15:48:12] UTN FRA LOGGER.INFO: ip =::1 [] {"uid":"9e48c5a"}
[2019-06-13 15:48:15] UTN FRA LOGGER.INFO: Datos  =Mozilla/5.0 (X11; Linux x86_64) AppleWebKit/537.36 (KHTML, like Gecko) Chrome/73.0.3683.86 Safari/537.36 [] {"uid":"b916695"}
[2019-06-13 15:48:15] UTN FRA LOGGER.INFO: ip =::1 [] {"uid":"b916695"}
[2019-06-13 15:50:55] UTN FRA LOGGER.INFO: Datos  =Mozilla/5.0 (X11; Linux x86_64) AppleWebKit/537.36 (KHTML, like Gecko) Chrome/73.0.3683.86 Safari/537.36 [] {"uid":"1dd5fc6"}
[2019-06-13 15:50:55] UTN FRA LOGGER.INFO: ip =::1 [] {"uid":"1dd5fc6"}
[2019-06-13 15:51:28] UTN FRA LOGGER.INFO: Datos  =Mozilla/5.0 (X11; Linux x86_64) AppleWebKit/537.36 (KHTML, like Gecko) Chrome/73.0.3683.86 Safari/537.36 [] {"uid":"458c08c"}
[2019-06-13 15:51:28] UTN FRA LOGGER.INFO: ip =::1 [] {"uid":"458c08c"}
[2019-06-13 15:51:33] UTN FRA LOGGER.INFO: Datos  =Mozilla/5.0 (X11; Linux x86_64) AppleWebKit/537.36 (KHTML, like Gecko) Chrome/73.0.3683.86 Safari/537.36 [] {"uid":"c57b200"}
[2019-06-13 15:51:33] UTN FRA LOGGER.INFO: ip =::1 [] {"uid":"c57b200"}
[2019-06-13 15:53:23] UTN FRA LOGGER.INFO: Datos  =Mozilla/5.0 (X11; Linux x86_64) AppleWebKit/537.36 (KHTML, like Gecko) Chrome/73.0.3683.86 Safari/537.36 [] {"uid":"903207f"}
[2019-06-13 15:53:23] UTN FRA LOGGER.INFO: ip =::1 [] {"uid":"903207f"}
[2019-06-13 15:53:26] UTN FRA LOGGER.INFO: Datos  =Mozilla/5.0 (X11; Linux x86_64) AppleWebKit/537.36 (KHTML, like Gecko) Chrome/73.0.3683.86 Safari/537.36 [] {"uid":"3a71660"}
[2019-06-13 15:53:26] UTN FRA LOGGER.INFO: ip =::1 [] {"uid":"3a71660"}
[2019-06-13 15:54:00] UTN FRA LOGGER.INFO: Datos  =Mozilla/5.0 (X11; Linux x86_64) AppleWebKit/537.36 (KHTML, like Gecko) Chrome/73.0.3683.86 Safari/537.36 [] {"uid":"b363313"}
[2019-06-13 15:54:00] UTN FRA LOGGER.INFO: ip =::1 [] {"uid":"b363313"}
[2019-06-13 15:54:01] UTN FRA LOGGER.INFO: Datos  =Mozilla/5.0 (X11; Linux x86_64) AppleWebKit/537.36 (KHTML, like Gecko) Chrome/73.0.3683.86 Safari/537.36 [] {"uid":"a1ab03e"}
[2019-06-13 15:54:01] UTN FRA LOGGER.INFO: ip =::1 [] {"uid":"a1ab03e"}
[2019-06-13 15:54:01] UTN FRA LOGGER.INFO: Datos  =Mozilla/5.0 (X11; Linux x86_64) AppleWebKit/537.36 (KHTML, like Gecko) Chrome/73.0.3683.86 Safari/537.36 [] {"uid":"74bb1fc"}
[2019-06-13 15:54:01] UTN FRA LOGGER.INFO: ip =::1 [] {"uid":"74bb1fc"}
[2019-06-13 15:54:01] UTN FRA LOGGER.INFO: Datos  =Mozilla/5.0 (X11; Linux x86_64) AppleWebKit/537.36 (KHTML, like Gecko) Chrome/73.0.3683.86 Safari/537.36 [] {"uid":"e07b9d7"}
[2019-06-13 15:54:01] UTN FRA LOGGER.INFO: ip =::1 [] {"uid":"e07b9d7"}
[2019-06-13 15:54:01] UTN FRA LOGGER.INFO: Datos  =Mozilla/5.0 (X11; Linux x86_64) AppleWebKit/537.36 (KHTML, like Gecko) Chrome/73.0.3683.86 Safari/537.36 [] {"uid":"b3e7a0b"}
[2019-06-13 15:54:01] UTN FRA LOGGER.INFO: ip =::1 [] {"uid":"b3e7a0b"}
[2019-06-13 15:54:02] UTN FRA LOGGER.INFO: Datos  =Mozilla/5.0 (X11; Linux x86_64) AppleWebKit/537.36 (KHTML, like Gecko) Chrome/73.0.3683.86 Safari/537.36 [] {"uid":"e6fa77e"}
[2019-06-13 15:54:02] UTN FRA LOGGER.INFO: ip =::1 [] {"uid":"e6fa77e"}
[2019-06-13 15:54:02] UTN FRA LOGGER.INFO: Datos  =Mozilla/5.0 (X11; Linux x86_64) AppleWebKit/537.36 (KHTML, like Gecko) Chrome/73.0.3683.86 Safari/537.36 [] {"uid":"262fbd8"}
[2019-06-13 15:54:02] UTN FRA LOGGER.INFO: ip =::1 [] {"uid":"262fbd8"}
[2019-06-13 15:54:29] UTN FRA LOGGER.INFO: Datos  =Mozilla/5.0 (X11; Linux x86_64) AppleWebKit/537.36 (KHTML, like Gecko) Chrome/73.0.3683.86 Safari/537.36 [] {"uid":"69026c5"}
[2019-06-13 15:54:29] UTN FRA LOGGER.INFO: ip =::1 [] {"uid":"69026c5"}
[2019-06-13 15:54:53] UTN FRA LOGGER.INFO: Datos  =Mozilla/5.0 (X11; Linux x86_64) AppleWebKit/537.36 (KHTML, like Gecko) Chrome/73.0.3683.86 Safari/537.36 [] {"uid":"7f80bac"}
[2019-06-13 15:54:53] UTN FRA LOGGER.INFO: ip =::1 [] {"uid":"7f80bac"}
[2019-06-13 16:14:20] UTN FRA LOGGER.INFO: Datos  =PostmanRuntime/7.1.1 [] {"uid":"f37f107"}
[2019-06-13 16:14:20] UTN FRA LOGGER.INFO: ip =::1 [] {"uid":"f37f107"}
[2019-06-13 16:14:25] UTN FRA LOGGER.INFO: Datos  =PostmanRuntime/7.1.1 [] {"uid":"f86c548"}
[2019-06-13 16:14:25] UTN FRA LOGGER.INFO: ip =::1 [] {"uid":"f86c548"}
[2019-06-13 16:16:52] UTN FRA LOGGER.INFO: Datos  =PostmanRuntime/7.1.1 [] {"uid":"cfce916"}
[2019-06-13 16:16:52] UTN FRA LOGGER.INFO: ip =::1 [] {"uid":"cfce916"}
[2019-06-13 16:16:56] UTN FRA LOGGER.INFO: Datos  =PostmanRuntime/7.1.1 [] {"uid":"24b074c"}
[2019-06-13 16:16:56] UTN FRA LOGGER.INFO: ip =::1 [] {"uid":"24b074c"}
[2019-06-13 16:17:07] UTN FRA LOGGER.INFO: Datos  =PostmanRuntime/7.1.1 [] {"uid":"fecc8fc"}
[2019-06-13 16:17:07] UTN FRA LOGGER.INFO: ip =::1 [] {"uid":"fecc8fc"}
[2019-06-13 16:19:09] UTN FRA LOGGER.INFO: Datos  =Mozilla/5.0 (X11; Linux x86_64) AppleWebKit/537.36 (KHTML, like Gecko) Chrome/73.0.3683.86 Safari/537.36 [] {"uid":"e2193d4"}
[2019-06-13 16:19:09] UTN FRA LOGGER.INFO: ip =::1 [] {"uid":"e2193d4"}
[2019-06-13 16:19:58] UTN FRA LOGGER.INFO: Datos  =Mozilla/5.0 (X11; Linux x86_64) AppleWebKit/537.36 (KHTML, like Gecko) Chrome/73.0.3683.86 Safari/537.36 [] {"uid":"d83d781"}
[2019-06-13 16:19:58] UTN FRA LOGGER.INFO: ip =::1 [] {"uid":"d83d781"}
[2019-06-13 16:20:00] UTN FRA LOGGER.INFO: Datos  =Mozilla/5.0 (X11; Linux x86_64) AppleWebKit/537.36 (KHTML, like Gecko) Chrome/73.0.3683.86 Safari/537.36 [] {"uid":"89e32cc"}
[2019-06-13 16:20:00] UTN FRA LOGGER.INFO: ip =::1 [] {"uid":"89e32cc"}
[2019-06-13 16:20:32] UTN FRA LOGGER.INFO: Datos  =Mozilla/5.0 (X11; Linux x86_64) AppleWebKit/537.36 (KHTML, like Gecko) Chrome/73.0.3683.86 Safari/537.36 [] {"uid":"434586f"}
[2019-06-13 16:20:32] UTN FRA LOGGER.INFO: ip =::1 [] {"uid":"434586f"}
[2019-06-13 16:20:40] UTN FRA LOGGER.INFO: Datos  =PostmanRuntime/7.1.1 [] {"uid":"87cac8e"}
[2019-06-13 16:20:40] UTN FRA LOGGER.INFO: ip =::1 [] {"uid":"87cac8e"}
[2019-11-10 17:35:29] UTN FRA LOGGER.INFO: Datos  =PostmanRuntime/7.19.0 [] {"uid":"432d16e"}
[2019-11-10 17:35:29] UTN FRA LOGGER.INFO: ip =::1 [] {"uid":"432d16e"}
[2019-11-10 17:37:50] UTN FRA LOGGER.INFO: Datos  =PostmanRuntime/7.19.0 [] {"uid":"63e245f"}
[2019-11-10 17:37:50] UTN FRA LOGGER.INFO: ip =::1 [] {"uid":"63e245f"}
[2019-11-10 17:50:46] UTN FRA LOGGER.INFO: Datos  =PostmanRuntime/7.19.0 [] {"uid":"583d928"}
[2019-11-10 17:50:46] UTN FRA LOGGER.INFO: ip =::1 [] {"uid":"583d928"}
[2019-11-10 17:51:29] UTN FRA LOGGER.INFO: Datos  =PostmanRuntime/7.19.0 [] {"uid":"e7a39ab"}
[2019-11-10 17:51:29] UTN FRA LOGGER.INFO: ip =::1 [] {"uid":"e7a39ab"}
[2019-11-10 17:53:35] UTN FRA LOGGER.INFO: Datos  =PostmanRuntime/7.19.0 [] {"uid":"f18f1a2"}
[2019-11-10 17:53:35] UTN FRA LOGGER.INFO: ip =::1 [] {"uid":"f18f1a2"}
[2019-11-10 18:21:33] UTN FRA LOGGER.INFO: Datos  =PostmanRuntime/7.19.0 [] {"uid":"2339e4a"}
[2019-11-10 18:21:33] UTN FRA LOGGER.INFO: ip =::1 [] {"uid":"2339e4a"}
[2019-11-10 18:21:53] UTN FRA LOGGER.INFO: Datos  =PostmanRuntime/7.19.0 [] {"uid":"200b938"}
[2019-11-10 18:21:53] UTN FRA LOGGER.INFO: ip =::1 [] {"uid":"200b938"}
[2019-11-10 18:24:27] UTN FRA LOGGER.INFO: Datos  =PostmanRuntime/7.19.0 [] {"uid":"a03e014"}
[2019-11-10 18:24:27] UTN FRA LOGGER.INFO: ip =::1 [] {"uid":"a03e014"}
[2019-11-10 18:24:33] UTN FRA LOGGER.INFO: Datos  =PostmanRuntime/7.19.0 [] {"uid":"1b0ac0d"}
[2019-11-10 18:24:33] UTN FRA LOGGER.INFO: ip =::1 [] {"uid":"1b0ac0d"}
[2019-11-10 18:24:38] UTN FRA LOGGER.INFO: Datos  =PostmanRuntime/7.19.0 [] {"uid":"44f1a4b"}
[2019-11-10 18:24:38] UTN FRA LOGGER.INFO: ip =::1 [] {"uid":"44f1a4b"}
[2019-11-10 18:24:43] UTN FRA LOGGER.INFO: Datos  =PostmanRuntime/7.19.0 [] {"uid":"ab69061"}
[2019-11-10 18:24:43] UTN FRA LOGGER.INFO: ip =::1 [] {"uid":"ab69061"}
[2019-11-10 18:25:03] UTN FRA LOGGER.INFO: Datos  =PostmanRuntime/7.19.0 [] {"uid":"ce38970"}
[2019-11-10 18:25:03] UTN FRA LOGGER.INFO: ip =::1 [] {"uid":"ce38970"}
[2019-11-10 18:26:34] UTN FRA LOGGER.INFO: Datos  =PostmanRuntime/7.19.0 [] {"uid":"cc932cc"}
[2019-11-10 18:26:34] UTN FRA LOGGER.INFO: ip =::1 [] {"uid":"cc932cc"}
[2019-11-10 18:26:39] UTN FRA LOGGER.INFO: Datos  =PostmanRuntime/7.19.0 [] {"uid":"44f8f06"}
[2019-11-10 18:26:39] UTN FRA LOGGER.INFO: ip =::1 [] {"uid":"44f8f06"}
[2019-11-10 18:26:52] UTN FRA LOGGER.INFO: Datos  =PostmanRuntime/7.19.0 [] {"uid":"29c172d"}
[2019-11-10 18:26:52] UTN FRA LOGGER.INFO: ip =::1 [] {"uid":"29c172d"}
[2019-11-10 18:27:11] UTN FRA LOGGER.INFO: Datos  =PostmanRuntime/7.19.0 [] {"uid":"80606e2"}
[2019-11-10 18:27:11] UTN FRA LOGGER.INFO: ip =::1 [] {"uid":"80606e2"}
[2019-11-10 18:27:32] UTN FRA LOGGER.INFO: Datos  =PostmanRuntime/7.19.0 [] {"uid":"df02b1d"}
[2019-11-10 18:27:32] UTN FRA LOGGER.INFO: ip =::1 [] {"uid":"df02b1d"}
[2019-11-10 18:30:34] UTN FRA LOGGER.INFO: Datos  =PostmanRuntime/7.19.0 [] {"uid":"d39c126"}
[2019-11-10 18:30:34] UTN FRA LOGGER.INFO: ip =::1 [] {"uid":"d39c126"}
[2019-11-24 22:18:33] UTN FRA LOGGER.INFO: Datos  =PostmanRuntime/7.19.0 [] {"uid":"2c5e3ac"}
[2019-11-24 22:18:34] UTN FRA LOGGER.INFO: ip =::1 [] {"uid":"2c5e3ac"}
[2019-11-24 22:18:38] UTN FRA LOGGER.INFO: Datos  =PostmanRuntime/7.19.0 [] {"uid":"c0c147d"}
[2019-11-24 22:18:38] UTN FRA LOGGER.INFO: ip =::1 [] {"uid":"c0c147d"}
[2019-11-24 22:18:45] UTN FRA LOGGER.INFO: Datos  =PostmanRuntime/7.19.0 [] {"uid":"458e156"}
[2019-11-24 22:18:45] UTN FRA LOGGER.INFO: ip =::1 [] {"uid":"458e156"}
[2019-11-24 22:25:19] UTN FRA LOGGER.INFO: Datos  =PostmanRuntime/7.19.0 [] {"uid":"bd9d8f4"}
[2019-11-24 22:25:19] UTN FRA LOGGER.INFO: ip =::1 [] {"uid":"bd9d8f4"}
[2019-11-24 22:29:57] UTN FRA LOGGER.INFO: Datos  =PostmanRuntime/7.19.0 [] {"uid":"c1f273b"}
[2019-11-24 22:29:57] UTN FRA LOGGER.INFO: ip =::1 [] {"uid":"c1f273b"}
[2019-11-24 22:30:24] UTN FRA LOGGER.INFO: Datos  =PostmanRuntime/7.19.0 [] {"uid":"c142b77"}
[2019-11-24 22:30:24] UTN FRA LOGGER.INFO: ip =::1 [] {"uid":"c142b77"}
[2019-11-24 22:30:47] UTN FRA LOGGER.INFO: Datos  =PostmanRuntime/7.19.0 [] {"uid":"9703ceb"}
[2019-11-24 22:30:47] UTN FRA LOGGER.INFO: ip =::1 [] {"uid":"9703ceb"}
[2019-11-24 22:31:14] UTN FRA LOGGER.INFO: Datos  =PostmanRuntime/7.19.0 [] {"uid":"bfcfcdc"}
[2019-11-24 22:31:14] UTN FRA LOGGER.INFO: ip =::1 [] {"uid":"bfcfcdc"}
[2019-11-24 22:31:37] UTN FRA LOGGER.INFO: Datos  =PostmanRuntime/7.19.0 [] {"uid":"e31f7d4"}
[2019-11-24 22:31:37] UTN FRA LOGGER.INFO: ip =::1 [] {"uid":"e31f7d4"}
[2019-11-24 22:32:10] UTN FRA LOGGER.INFO: Datos  =PostmanRuntime/7.19.0 [] {"uid":"5b18ff7"}
[2019-11-24 22:32:10] UTN FRA LOGGER.INFO: ip =::1 [] {"uid":"5b18ff7"}
[2019-11-24 22:32:27] UTN FRA LOGGER.INFO: Datos  =PostmanRuntime/7.19.0 [] {"uid":"10e37b8"}
[2019-11-24 22:32:27] UTN FRA LOGGER.INFO: ip =::1 [] {"uid":"10e37b8"}
[2019-11-24 22:34:28] UTN FRA LOGGER.INFO: Datos  =PostmanRuntime/7.19.0 [] {"uid":"32da3b1"}
[2019-11-24 22:34:28] UTN FRA LOGGER.INFO: ip =::1 [] {"uid":"32da3b1"}
[2019-11-24 22:35:43] UTN FRA LOGGER.INFO: Datos  =PostmanRuntime/7.19.0 [] {"uid":"ab15cf9"}
[2019-11-24 22:35:43] UTN FRA LOGGER.INFO: ip =::1 [] {"uid":"ab15cf9"}
[2019-11-24 22:36:12] UTN FRA LOGGER.INFO: Datos  =PostmanRuntime/7.19.0 [] {"uid":"5e71e21"}
[2019-11-24 22:36:12] UTN FRA LOGGER.INFO: ip =::1 [] {"uid":"5e71e21"}
[2019-11-24 22:36:29] UTN FRA LOGGER.INFO: Datos  =PostmanRuntime/7.19.0 [] {"uid":"a1a2557"}
[2019-11-24 22:36:29] UTN FRA LOGGER.INFO: ip =::1 [] {"uid":"a1a2557"}
[2019-11-24 22:36:45] UTN FRA LOGGER.INFO: Datos  =PostmanRuntime/7.19.0 [] {"uid":"416977a"}
[2019-11-24 22:36:45] UTN FRA LOGGER.INFO: ip =::1 [] {"uid":"416977a"}
[2019-11-24 22:37:37] UTN FRA LOGGER.INFO: Datos  =PostmanRuntime/7.19.0 [] {"uid":"441bc9e"}
[2019-11-24 22:37:37] UTN FRA LOGGER.INFO: ip =::1 [] {"uid":"441bc9e"}
[2019-11-24 22:38:28] UTN FRA LOGGER.INFO: Datos  =PostmanRuntime/7.19.0 [] {"uid":"e130e98"}
[2019-11-24 22:38:28] UTN FRA LOGGER.INFO: ip =::1 [] {"uid":"e130e98"}
[2019-11-24 22:39:06] UTN FRA LOGGER.INFO: Datos  =PostmanRuntime/7.19.0 [] {"uid":"2335593"}
[2019-11-24 22:39:06] UTN FRA LOGGER.INFO: ip =::1 [] {"uid":"2335593"}
[2019-11-24 22:39:59] UTN FRA LOGGER.INFO: Datos  =PostmanRuntime/7.19.0 [] {"uid":"cbbcc27"}
[2019-11-24 22:39:59] UTN FRA LOGGER.INFO: ip =::1 [] {"uid":"cbbcc27"}
[2019-11-24 22:40:26] UTN FRA LOGGER.INFO: Datos  =PostmanRuntime/7.19.0 [] {"uid":"3892a83"}
[2019-11-24 22:40:26] UTN FRA LOGGER.INFO: ip =::1 [] {"uid":"3892a83"}
[2019-11-24 22:41:13] UTN FRA LOGGER.INFO: Datos  =PostmanRuntime/7.19.0 [] {"uid":"9eba065"}
[2019-11-24 22:41:13] UTN FRA LOGGER.INFO: ip =::1 [] {"uid":"9eba065"}
[2019-11-24 22:41:26] UTN FRA LOGGER.INFO: Datos  =PostmanRuntime/7.19.0 [] {"uid":"706f1b6"}
[2019-11-24 22:41:26] UTN FRA LOGGER.INFO: ip =::1 [] {"uid":"706f1b6"}
[2019-11-24 23:09:54] UTN FRA LOGGER.INFO: Datos  =PostmanRuntime/7.19.0 [] {"uid":"2fc0714"}
[2019-11-24 23:09:54] UTN FRA LOGGER.INFO: ip =::1 [] {"uid":"2fc0714"}
[2019-11-24 23:10:35] UTN FRA LOGGER.INFO: Datos  =PostmanRuntime/7.19.0 [] {"uid":"ee5a197"}
[2019-11-24 23:10:35] UTN FRA LOGGER.INFO: ip =::1 [] {"uid":"ee5a197"}
[2019-11-24 23:11:38] UTN FRA LOGGER.INFO: Datos  =PostmanRuntime/7.19.0 [] {"uid":"3a0ddf6"}
[2019-11-24 23:11:38] UTN FRA LOGGER.INFO: ip =::1 [] {"uid":"3a0ddf6"}
[2019-11-24 23:12:28] UTN FRA LOGGER.INFO: Datos  =PostmanRuntime/7.19.0 [] {"uid":"64071ee"}
[2019-11-24 23:12:28] UTN FRA LOGGER.INFO: ip =::1 [] {"uid":"64071ee"}
[2019-11-24 23:15:10] UTN FRA LOGGER.INFO: Datos  =PostmanRuntime/7.19.0 [] {"uid":"11431f4"}
[2019-11-24 23:15:10] UTN FRA LOGGER.INFO: ip =::1 [] {"uid":"11431f4"}
[2019-11-24 23:17:26] UTN FRA LOGGER.INFO: Datos  =PostmanRuntime/7.19.0 [] {"uid":"4f725dc"}
[2019-11-24 23:17:26] UTN FRA LOGGER.INFO: ip =::1 [] {"uid":"4f725dc"}
[2019-11-24 23:48:56] UTN FRA LOGGER.INFO: Datos  =PostmanRuntime/7.19.0 [] {"uid":"69b5ce2"}
[2019-11-24 23:48:56] UTN FRA LOGGER.INFO: ip =::1 [] {"uid":"69b5ce2"}
[2019-11-24 23:49:28] UTN FRA LOGGER.INFO: Datos  =PostmanRuntime/7.19.0 [] {"uid":"d629804"}
[2019-11-24 23:49:28] UTN FRA LOGGER.INFO: ip =::1 [] {"uid":"d629804"}
[2019-11-24 23:50:15] UTN FRA LOGGER.INFO: Datos  =PostmanRuntime/7.19.0 [] {"uid":"6aa2d1a"}
[2019-11-24 23:50:15] UTN FRA LOGGER.INFO: ip =::1 [] {"uid":"6aa2d1a"}
[2019-11-24 23:53:36] UTN FRA LOGGER.INFO: Datos  =PostmanRuntime/7.19.0 [] {"uid":"295f24a"}
[2019-11-24 23:53:36] UTN FRA LOGGER.INFO: ip =::1 [] {"uid":"295f24a"}
[2019-11-24 23:53:45] UTN FRA LOGGER.INFO: Datos  =PostmanRuntime/7.19.0 [] {"uid":"8239e80"}
[2019-11-24 23:53:45] UTN FRA LOGGER.INFO: ip =::1 [] {"uid":"8239e80"}
[2019-11-24 23:54:04] UTN FRA LOGGER.INFO: Datos  =PostmanRuntime/7.19.0 [] {"uid":"fcc4ebd"}
[2019-11-24 23:54:04] UTN FRA LOGGER.INFO: ip =::1 [] {"uid":"fcc4ebd"}
[2019-11-24 23:56:25] UTN FRA LOGGER.INFO: Datos  =PostmanRuntime/7.19.0 [] {"uid":"81e800c"}
[2019-11-24 23:56:25] UTN FRA LOGGER.INFO: ip =::1 [] {"uid":"81e800c"}
[2019-11-24 23:56:42] UTN FRA LOGGER.INFO: Datos  =PostmanRuntime/7.19.0 [] {"uid":"96fd8de"}
[2019-11-24 23:56:42] UTN FRA LOGGER.INFO: ip =::1 [] {"uid":"96fd8de"}
[2019-11-24 23:57:19] UTN FRA LOGGER.INFO: Datos  =PostmanRuntime/7.19.0 [] {"uid":"023543d"}
[2019-11-24 23:57:19] UTN FRA LOGGER.INFO: ip =::1 [] {"uid":"023543d"}
[2019-11-25 00:01:20] UTN FRA LOGGER.INFO: Datos  =PostmanRuntime/7.19.0 [] {"uid":"a344f58"}
[2019-11-25 00:01:20] UTN FRA LOGGER.INFO: ip =::1 [] {"uid":"a344f58"}
[2019-11-25 00:02:56] UTN FRA LOGGER.INFO: Datos  =PostmanRuntime/7.19.0 [] {"uid":"608cdf6"}
[2019-11-25 00:02:56] UTN FRA LOGGER.INFO: ip =::1 [] {"uid":"608cdf6"}
[2019-11-25 00:05:35] UTN FRA LOGGER.INFO: Datos  =PostmanRuntime/7.19.0 [] {"uid":"58ee30e"}
[2019-11-25 00:05:35] UTN FRA LOGGER.INFO: ip =::1 [] {"uid":"58ee30e"}
[2019-11-25 00:06:07] UTN FRA LOGGER.INFO: Datos  =PostmanRuntime/7.19.0 [] {"uid":"9248ab2"}
[2019-11-25 00:06:07] UTN FRA LOGGER.INFO: ip =::1 [] {"uid":"9248ab2"}
[2019-11-25 00:16:03] UTN FRA LOGGER.INFO: Datos  =PostmanRuntime/7.19.0 [] {"uid":"7908e9e"}
[2019-11-25 00:16:03] UTN FRA LOGGER.INFO: ip =::1 [] {"uid":"7908e9e"}
[2019-11-25 00:16:18] UTN FRA LOGGER.INFO: Datos  =PostmanRuntime/7.19.0 [] {"uid":"8057d53"}
[2019-11-25 00:16:18] UTN FRA LOGGER.INFO: ip =::1 [] {"uid":"8057d53"}
[2019-11-25 00:17:51] UTN FRA LOGGER.INFO: Datos  =PostmanRuntime/7.19.0 [] {"uid":"59024ea"}
[2019-11-25 00:17:51] UTN FRA LOGGER.INFO: ip =::1 [] {"uid":"59024ea"}
[2019-11-25 00:18:03] UTN FRA LOGGER.INFO: Datos  =PostmanRuntime/7.19.0 [] {"uid":"13d83b8"}
[2019-11-25 00:18:03] UTN FRA LOGGER.INFO: ip =::1 [] {"uid":"13d83b8"}
[2019-11-25 00:18:36] UTN FRA LOGGER.INFO: Datos  =PostmanRuntime/7.19.0 [] {"uid":"126c8f9"}
[2019-11-25 00:18:36] UTN FRA LOGGER.INFO: ip =::1 [] {"uid":"126c8f9"}
[2019-11-25 00:18:44] UTN FRA LOGGER.INFO: Datos  =PostmanRuntime/7.19.0 [] {"uid":"aced047"}
[2019-11-25 00:18:44] UTN FRA LOGGER.INFO: ip =::1 [] {"uid":"aced047"}
[2019-11-25 00:19:39] UTN FRA LOGGER.INFO: Datos  =PostmanRuntime/7.19.0 [] {"uid":"7fb1fe6"}
[2019-11-25 00:19:39] UTN FRA LOGGER.INFO: ip =::1 [] {"uid":"7fb1fe6"}
[2019-11-25 00:20:56] UTN FRA LOGGER.INFO: Datos  =PostmanRuntime/7.19.0 [] {"uid":"b67c77b"}
[2019-11-25 00:20:56] UTN FRA LOGGER.INFO: ip =::1 [] {"uid":"b67c77b"}
[2019-11-25 00:22:33] UTN FRA LOGGER.INFO: Datos  =PostmanRuntime/7.19.0 [] {"uid":"fef2080"}
[2019-11-25 00:22:33] UTN FRA LOGGER.INFO: ip =::1 [] {"uid":"fef2080"}
[2019-11-25 00:22:47] UTN FRA LOGGER.INFO: Datos  =PostmanRuntime/7.19.0 [] {"uid":"7570971"}
[2019-11-25 00:22:47] UTN FRA LOGGER.INFO: ip =::1 [] {"uid":"7570971"}
[2019-11-25 00:22:58] UTN FRA LOGGER.INFO: Datos  =PostmanRuntime/7.19.0 [] {"uid":"bc52e62"}
[2019-11-25 00:22:58] UTN FRA LOGGER.INFO: ip =::1 [] {"uid":"bc52e62"}
[2019-11-25 00:23:48] UTN FRA LOGGER.INFO: Datos  =PostmanRuntime/7.19.0 [] {"uid":"cc1a42f"}
[2019-11-25 00:23:48] UTN FRA LOGGER.INFO: ip =::1 [] {"uid":"cc1a42f"}
[2019-11-25 00:24:00] UTN FRA LOGGER.INFO: Datos  =PostmanRuntime/7.19.0 [] {"uid":"5d309f9"}
[2019-11-25 00:24:00] UTN FRA LOGGER.INFO: ip =::1 [] {"uid":"5d309f9"}
[2019-11-25 00:24:12] UTN FRA LOGGER.INFO: Datos  =PostmanRuntime/7.19.0 [] {"uid":"f57bcbd"}
[2019-11-25 00:24:12] UTN FRA LOGGER.INFO: ip =::1 [] {"uid":"f57bcbd"}
[2019-11-25 01:02:48] UTN FRA LOGGER.INFO: Datos  =PostmanRuntime/7.19.0 [] {"uid":"bbcce74"}
[2019-11-25 01:02:48] UTN FRA LOGGER.INFO: ip =::1 [] {"uid":"bbcce74"}
[2019-11-25 01:03:46] UTN FRA LOGGER.INFO: Datos  =PostmanRuntime/7.19.0 [] {"uid":"495f29c"}
[2019-11-25 01:03:46] UTN FRA LOGGER.INFO: ip =::1 [] {"uid":"495f29c"}
[2019-11-25 01:04:07] UTN FRA LOGGER.INFO: Datos  =PostmanRuntime/7.19.0 [] {"uid":"a6b08ef"}
[2019-11-25 01:04:07] UTN FRA LOGGER.INFO: ip =::1 [] {"uid":"a6b08ef"}
[2019-11-25 01:04:14] UTN FRA LOGGER.INFO: Datos  =PostmanRuntime/7.19.0 [] {"uid":"219a443"}
[2019-11-25 01:04:14] UTN FRA LOGGER.INFO: ip =::1 [] {"uid":"219a443"}
[2019-11-25 01:04:29] UTN FRA LOGGER.INFO: Datos  =PostmanRuntime/7.19.0 [] {"uid":"4cfb96f"}
[2019-11-25 01:04:29] UTN FRA LOGGER.INFO: ip =::1 [] {"uid":"4cfb96f"}
[2019-11-25 01:05:00] UTN FRA LOGGER.INFO: Datos  =PostmanRuntime/7.19.0 [] {"uid":"5ece996"}
[2019-11-25 01:05:00] UTN FRA LOGGER.INFO: ip =::1 [] {"uid":"5ece996"}
[2019-11-25 01:05:23] UTN FRA LOGGER.INFO: Datos  =PostmanRuntime/7.19.0 [] {"uid":"b1af580"}
[2019-11-25 01:05:23] UTN FRA LOGGER.INFO: ip =::1 [] {"uid":"b1af580"}
[2019-11-25 01:05:48] UTN FRA LOGGER.INFO: Datos  =PostmanRuntime/7.19.0 [] {"uid":"bfd1c63"}
[2019-11-25 01:05:48] UTN FRA LOGGER.INFO: ip =::1 [] {"uid":"bfd1c63"}
[2019-11-25 01:07:23] UTN FRA LOGGER.INFO: Datos  =PostmanRuntime/7.19.0 [] {"uid":"2a28df8"}
[2019-11-25 01:07:23] UTN FRA LOGGER.INFO: ip =::1 [] {"uid":"2a28df8"}
[2019-11-25 01:08:02] UTN FRA LOGGER.INFO: Datos  =PostmanRuntime/7.19.0 [] {"uid":"6e2fc39"}
[2019-11-25 01:08:02] UTN FRA LOGGER.INFO: ip =::1 [] {"uid":"6e2fc39"}
[2019-11-25 01:10:32] UTN FRA LOGGER.INFO: Datos  =PostmanRuntime/7.19.0 [] {"uid":"630227a"}
[2019-11-25 01:10:32] UTN FRA LOGGER.INFO: ip =::1 [] {"uid":"630227a"}
[2019-11-25 01:12:40] UTN FRA LOGGER.INFO: Datos  =PostmanRuntime/7.19.0 [] {"uid":"fb6e708"}
[2019-11-25 01:12:40] UTN FRA LOGGER.INFO: ip =::1 [] {"uid":"fb6e708"}
[2019-11-25 01:28:36] UTN FRA LOGGER.INFO: Datos  =PostmanRuntime/7.19.0 [] {"uid":"b20d275"}
[2019-11-25 01:28:36] UTN FRA LOGGER.INFO: ip =::1 [] {"uid":"b20d275"}
[2019-11-25 01:30:26] UTN FRA LOGGER.INFO: Datos  =PostmanRuntime/7.19.0 [] {"uid":"f434780"}
[2019-11-25 01:30:26] UTN FRA LOGGER.INFO: ip =::1 [] {"uid":"f434780"}
[2019-11-25 01:32:29] UTN FRA LOGGER.INFO: Datos  =PostmanRuntime/7.19.0 [] {"uid":"4111dbe"}
[2019-11-25 01:32:29] UTN FRA LOGGER.INFO: ip =::1 [] {"uid":"4111dbe"}
[2019-11-25 01:32:54] UTN FRA LOGGER.INFO: Datos  =PostmanRuntime/7.19.0 [] {"uid":"7f4d67f"}
[2019-11-25 01:32:54] UTN FRA LOGGER.INFO: ip =::1 [] {"uid":"7f4d67f"}
[2019-11-25 01:33:41] UTN FRA LOGGER.INFO: Datos  =PostmanRuntime/7.19.0 [] {"uid":"6ef1f1d"}
[2019-11-25 01:33:41] UTN FRA LOGGER.INFO: ip =::1 [] {"uid":"6ef1f1d"}
[2019-11-25 01:33:49] UTN FRA LOGGER.INFO: Datos  =PostmanRuntime/7.19.0 [] {"uid":"e37ab6c"}
[2019-11-25 01:33:49] UTN FRA LOGGER.INFO: ip =::1 [] {"uid":"e37ab6c"}
[2019-11-25 01:34:49] UTN FRA LOGGER.INFO: Datos  =PostmanRuntime/7.19.0 [] {"uid":"1d2e30b"}
[2019-11-25 01:34:49] UTN FRA LOGGER.INFO: ip =::1 [] {"uid":"1d2e30b"}
[2019-11-25 01:35:59] UTN FRA LOGGER.INFO: Datos  =PostmanRuntime/7.19.0 [] {"uid":"934a921"}
[2019-11-25 01:35:59] UTN FRA LOGGER.INFO: ip =::1 [] {"uid":"934a921"}
[2019-11-25 01:36:12] UTN FRA LOGGER.INFO: Datos  =PostmanRuntime/7.19.0 [] {"uid":"8fad092"}
[2019-11-25 01:36:12] UTN FRA LOGGER.INFO: ip =::1 [] {"uid":"8fad092"}
[2019-11-25 01:37:27] UTN FRA LOGGER.INFO: Datos  =PostmanRuntime/7.19.0 [] {"uid":"61ae8b8"}
[2019-11-25 01:37:27] UTN FRA LOGGER.INFO: ip =::1 [] {"uid":"61ae8b8"}
[2019-11-25 01:38:01] UTN FRA LOGGER.INFO: Datos  =PostmanRuntime/7.19.0 [] {"uid":"3f8ebd5"}
[2019-11-25 01:38:01] UTN FRA LOGGER.INFO: ip =::1 [] {"uid":"3f8ebd5"}
[2019-11-25 01:38:38] UTN FRA LOGGER.INFO: Datos  =PostmanRuntime/7.19.0 [] {"uid":"e15932a"}
[2019-11-25 01:38:38] UTN FRA LOGGER.INFO: ip =::1 [] {"uid":"e15932a"}
[2019-11-25 01:38:51] UTN FRA LOGGER.INFO: Datos  =PostmanRuntime/7.19.0 [] {"uid":"dc2db6b"}
[2019-11-25 01:38:51] UTN FRA LOGGER.INFO: ip =::1 [] {"uid":"dc2db6b"}
[2019-11-25 01:39:30] UTN FRA LOGGER.INFO: Datos  =PostmanRuntime/7.19.0 [] {"uid":"30a2553"}
[2019-11-25 01:39:30] UTN FRA LOGGER.INFO: ip =::1 [] {"uid":"30a2553"}
[2019-11-25 01:40:27] UTN FRA LOGGER.INFO: Datos  =PostmanRuntime/7.19.0 [] {"uid":"f792137"}
[2019-11-25 01:40:27] UTN FRA LOGGER.INFO: ip =::1 [] {"uid":"f792137"}
[2019-11-25 01:42:20] UTN FRA LOGGER.INFO: Datos  =PostmanRuntime/7.19.0 [] {"uid":"a82a5df"}
[2019-11-25 01:42:20] UTN FRA LOGGER.INFO: ip =::1 [] {"uid":"a82a5df"}
[2019-11-25 01:42:40] UTN FRA LOGGER.INFO: Datos  =PostmanRuntime/7.19.0 [] {"uid":"b667e6d"}
[2019-11-25 01:42:40] UTN FRA LOGGER.INFO: ip =::1 [] {"uid":"b667e6d"}
[2019-11-25 01:43:00] UTN FRA LOGGER.INFO: Datos  =PostmanRuntime/7.19.0 [] {"uid":"a70bb07"}
[2019-11-25 01:43:00] UTN FRA LOGGER.INFO: ip =::1 [] {"uid":"a70bb07"}
[2019-11-25 01:43:13] UTN FRA LOGGER.INFO: Datos  =PostmanRuntime/7.19.0 [] {"uid":"baf91ac"}
[2019-11-25 01:43:13] UTN FRA LOGGER.INFO: ip =::1 [] {"uid":"baf91ac"}
[2019-11-25 01:43:43] UTN FRA LOGGER.INFO: Datos  =PostmanRuntime/7.19.0 [] {"uid":"1773be8"}
[2019-11-25 01:43:43] UTN FRA LOGGER.INFO: ip =::1 [] {"uid":"1773be8"}
[2019-11-25 01:44:08] UTN FRA LOGGER.INFO: Datos  =PostmanRuntime/7.19.0 [] {"uid":"95ec612"}
[2019-11-25 01:44:08] UTN FRA LOGGER.INFO: ip =::1 [] {"uid":"95ec612"}
[2019-11-25 01:45:29] UTN FRA LOGGER.INFO: Datos  =PostmanRuntime/7.19.0 [] {"uid":"06a7418"}
[2019-11-25 01:45:29] UTN FRA LOGGER.INFO: ip =::1 [] {"uid":"06a7418"}
[2019-11-25 01:47:01] UTN FRA LOGGER.INFO: Datos  =PostmanRuntime/7.19.0 [] {"uid":"4e35062"}
[2019-11-25 01:47:01] UTN FRA LOGGER.INFO: ip =::1 [] {"uid":"4e35062"}
[2019-11-25 01:50:01] UTN FRA LOGGER.INFO: Datos  =PostmanRuntime/7.19.0 [] {"uid":"dbae477"}
[2019-11-25 01:50:01] UTN FRA LOGGER.INFO: ip =::1 [] {"uid":"dbae477"}
[2019-11-25 01:50:19] UTN FRA LOGGER.INFO: Datos  =PostmanRuntime/7.19.0 [] {"uid":"f5f17e1"}
[2019-11-25 01:50:19] UTN FRA LOGGER.INFO: ip =::1 [] {"uid":"f5f17e1"}
[2019-11-25 01:50:56] UTN FRA LOGGER.INFO: Datos  =PostmanRuntime/7.19.0 [] {"uid":"e2d372d"}
[2019-11-25 01:50:56] UTN FRA LOGGER.INFO: ip =::1 [] {"uid":"e2d372d"}
[2019-11-25 01:52:52] UTN FRA LOGGER.INFO: Datos  =PostmanRuntime/7.19.0 [] {"uid":"832f4d7"}
[2019-11-25 01:52:52] UTN FRA LOGGER.INFO: ip =::1 [] {"uid":"832f4d7"}
[2019-11-25 01:53:30] UTN FRA LOGGER.INFO: Datos  =PostmanRuntime/7.19.0 [] {"uid":"84e50c7"}
[2019-11-25 01:53:30] UTN FRA LOGGER.INFO: ip =::1 [] {"uid":"84e50c7"}
