
[2019-06-13 14:22:41] UTN FRA LOGGER.INFO: metodo=GET, URI=http%3A%2F%2Flocalhost%2FFull-API-REST-Skeleton%2Fpublic, RUTA=cd, autoridad=localhost [] {"uid":"cbdaafa"}
[2019-06-13 14:22:41] UTN FRA LOGGER.INFO: Slim-Skeleton '/' route [] {"uid":"cbdaafa"}
[2019-06-13 14:23:14] UTN FRA LOGGER.INFO: metodo=GET, URI=http%3A%2F%2Flocalhost%2FFull-API-REST-Skeleton%2Fpublic, RUTA=cd, autoridad=localhost [] {"uid":"51c39c8"}
[2019-06-13 14:23:14] UTN FRA LOGGER.INFO: Slim-Skeleton '/' route [] {"uid":"51c39c8"}
[2019-06-13 14:31:21] UTN FRA LOGGER.INFO: metodo=GET, URI=http%3A%2F%2Flocalhost%2FFull-API-REST-Skeleton%2Fpublic, RUTA=cd, autoridad=localhost [] {"uid":"8c0519b"}
[2019-06-13 14:31:21] UTN FRA LOGGER.INFO: Slim-Skeleton '/' route [] {"uid":"8c0519b"}
[2019-06-13 14:33:01] UTN FRA LOGGER.INFO: metodo=POST, URI=http%3A%2F%2Flocalhost%2FFull-API-REST-Skeleton%2Fpublic, RUTA=cd, autoridad=localhost [] {"uid":"0b2cd96"}
[2019-06-13 14:33:04] UTN FRA LOGGER.INFO: metodo=POST, URI=http%3A%2F%2Flocalhost%2FFull-API-REST-Skeleton%2Fpublic, RUTA=cd%2F, autoridad=localhost [] {"uid":"c6b9506"}
[2019-06-13 14:33:08] UTN FRA LOGGER.INFO: metodo=POST, URI=http%3A%2F%2Flocalhost%2FFull-API-REST-Skeleton%2Fpublic, RUTA=cd, autoridad=localhost [] {"uid":"be6a201"}
[2019-06-13 14:33:14] UTN FRA LOGGER.INFO: metodo=GET, URI=http%3A%2F%2Flocalhost%2FFull-API-REST-Skeleton%2Fpublic, RUTA=cd, autoridad=localhost [] {"uid":"c72b911"}
[2019-06-13 14:33:14] UTN FRA LOGGER.INFO: Slim-Skeleton '/' route [] {"uid":"c72b911"}
[2019-06-13 14:41:27] UTN FRA LOGGER.INFO: metodo=GET, URI=http%3A%2F%2Flocalhost%2FFull-API-REST-Skeleton%2Fpublic, RUTA=cd, autoridad=localhost [] {"uid":"a176d8c"}
[2019-06-13 14:41:27] UTN FRA LOGGER.INFO: Slim-Skeleton '/' route [] {"uid":"a176d8c"}
[2019-06-13 14:46:20] UTN FRA LOGGER.INFO: metodo=GET, URI=http%3A%2F%2Flocalhost%2FFull-API-REST-Skeleton%2Fpublic, RUTA=cd, autoridad=localhost [] {"uid":"ee35737"}
[2019-06-13 14:46:20] UTN FRA LOGGER.INFO: Slim-Skeleton '/' route [] {"uid":"ee35737"}
[2019-06-13 14:48:37] UTN FRA LOGGER.INFO: metodo=GET, URI=http%3A%2F%2Flocalhost%2FFull-API-REST-Skeleton%2Fpublic, RUTA=cd, autoridad=localhost [] {"uid":"abec998"}
[2019-06-13 14:48:37] UTN FRA LOGGER.INFO: Slim-Skeleton '/' route [] {"uid":"abec998"}
[2019-06-13 14:48:52] UTN FRA LOGGER.INFO: metodo=GET, URI=http%3A%2F%2Flocalhost%2FFull-API-REST-Skeleton%2Fpublic, RUTA=cd, autoridad=localhost [] {"uid":"8673393"}
[2019-06-13 14:48:52] UTN FRA LOGGER.INFO: Slim-Skeleton '/' route [] {"uid":"8673393"}
[2019-06-13 14:48:59] UTN FRA LOGGER.INFO: metodo=GET, URI=http%3A%2F%2Flocalhost%2FFull-API-REST-Skeleton%2Fpublic, RUTA=%2F, autoridad=localhost [] {"uid":"4ea4dca"}
[2019-06-13 14:48:59] UTN FRA LOGGER.INFO: Slim-Skeleton '/' route [] {"uid":"4ea4dca"}
[2019-06-13 14:50:13] UTN FRA LOGGER.INFO: metodo=GET, URI=http%3A%2F%2Flocalhost%2FFull-API-REST-Skeleton%2Fpublic, RUTA=cd, autoridad=localhost [] {"uid":"7226ecc"}
[2019-06-13 14:50:13] UTN FRA LOGGER.INFO: Slim-Skeleton '/' route [] {"uid":"7226ecc"}
[2019-06-13 14:51:49] UTN FRA LOGGER.INFO: metodo=GET, URI=http%3A%2F%2Flocalhost%2FFull-API-REST-Skeleton%2Fpublic, RUTA=cd, autoridad=localhost [] {"uid":"436b3d9"}
[2019-06-13 14:51:49] UTN FRA LOGGER.INFO: Slim-Skeleton '/' route [] {"uid":"436b3d9"}
[2019-06-13 14:52:04] UTN FRA LOGGER.INFO: metodo=GET, URI=http%3A%2F%2Flocalhost%2FFull-API-REST-Skeleton%2Fpublic, RUTA=cdsadsad, autoridad=localhost [] {"uid":"1d5953a"}
[2019-06-13 14:52:04] UTN FRA LOGGER.INFO: Slim-Skeleton '/' route [] {"uid":"1d5953a"}
[2019-06-13 14:52:24] UTN FRA LOGGER.INFO: metodo=GET, URI=http%3A%2F%2Flocalhost%2FFull-API-REST-Skeleton%2Fpublic, RUTA=cdsadsad, autoridad=localhost [] {"uid":"e59d193"}
[2019-06-13 14:52:24] UTN FRA LOGGER.INFO: Slim-Skeleton '/' route [] {"uid":"e59d193"}
[2019-06-13 14:52:34] UTN FRA LOGGER.INFO: metodo=GET, URI=http%3A%2F%2Flocalhost%2FFull-API-REST-Skeleton%2Fpublic, RUTA=cddasasd, autoridad=localhost [] {"uid":"04a9747"}
[2019-06-13 14:52:34] UTN FRA LOGGER.INFO: Slim-Skeleton '/' route [] {"uid":"04a9747"}
[2019-06-13 14:54:41] UTN FRA LOGGER.INFO: metodo=GET, URI=http%3A%2F%2Flocalhost%2FFull-API-REST-Skeleton%2Fpublic, RUTA=cd, autoridad=localhost [] {"uid":"f107aba"}
[2019-06-13 14:54:41] UTN FRA LOGGER.INFO: Slim-Skeleton '/' route [] {"uid":"f107aba"}
[2019-06-13 15:40:36] UTN FRA LOGGER.INFO: metodo=GET, URI=http%3A%2F%2Flocalhost%2FFull-API-REST-Skeleton%2Fpublic, RUTA=cd, autoridad=localhost [] {"uid":"ef8c25a"}
[2019-06-13 15:40:36] UTN FRA LOGGER.INFO: Slim-Skeleton '/' route [] {"uid":"ef8c25a"}
[2019-06-13 15:40:42] UTN FRA LOGGER.INFO: metodo=GET, URI=http%3A%2F%2Flocalhost%2FFull-API-REST-Skeleton%2Fpublic, RUTA=JWT%2F, autoridad=localhost [] {"uid":"357fab5"}
[2019-06-13 15:41:29] UTN FRA LOGGER.INFO: metodo=GET, URI=http%3A%2F%2Flocalhost%2FFull-API-REST-Skeleton%2Fpublic, RUTA=JWT%2F, autoridad=localhost [] {"uid":"3f334b7"}
[2019-06-13 15:42:30] UTN FRA LOGGER.INFO: metodo=GET, URI=http%3A%2F%2Flocalhost%2FFull-API-REST-Skeleton%2Fpublic, RUTA=JWT%2F, autoridad=localhost [] {"uid":"f77f1dc"}
[2019-06-13 15:45:52] UTN FRA LOGGER.INFO: metodo=GET, URI=http%3A%2F%2Flocalhost%2FFull-API-REST-Skeleton%2Fpublic, RUTA=JWT%2F, autoridad=localhost [] {"uid":"ebede7d"}
[2019-06-13 15:46:48] UTN FRA LOGGER.INFO: metodo=GET, URI=http%3A%2F%2Flocalhost%2FFull-API-REST-Skeleton%2Fpublic, RUTA=JWT%2F, autoridad=localhost [] {"uid":"0ecbf97"}
[2019-06-13 15:46:49] UTN FRA LOGGER.INFO: metodo=GET, URI=http%3A%2F%2Flocalhost%2FFull-API-REST-Skeleton%2Fpublic, RUTA=JWT%2F, autoridad=localhost [] {"uid":"282c134"}
[2019-06-13 15:46:50] UTN FRA LOGGER.INFO: metodo=GET, URI=http%3A%2F%2Flocalhost%2FFull-API-REST-Skeleton%2Fpublic, RUTA=JWT%2F, autoridad=localhost [] {"uid":"3c95600"}
[2019-06-13 15:47:05] UTN FRA LOGGER.INFO: metodo=GET, URI=http%3A%2F%2Flocalhost%2FFull-API-REST-Skeleton%2Fpublic, RUTA=JWT%2F, autoridad=localhost [] {"uid":"c621b16"}
[2019-06-13 15:47:10] UTN FRA LOGGER.INFO: metodo=GET, URI=http%3A%2F%2Flocalhost%2FFull-API-REST-Skeleton%2Fpublic, RUTA=cd, autoridad=localhost [] {"uid":"bf6f035"}
[2019-06-13 15:47:10] UTN FRA LOGGER.INFO: Slim-Skeleton '/' route [] {"uid":"bf6f035"}
[2019-06-13 15:47:16] UTN FRA LOGGER.INFO: metodo=GET, URI=http%3A%2F%2Flocalhost%2FFull-API-REST-Skeleton%2Fpublic, RUTA=JWT%2F, autoridad=localhost [] {"uid":"cfac656"}
[2019-06-13 15:47:52] UTN FRA LOGGER.INFO: metodo=GET, URI=http%3A%2F%2Flocalhost%2FFull-API-REST-Skeleton%2Fpublic, RUTA=JWT%2F, autoridad=localhost [] {"uid":"e14969e"}
[2019-06-13 15:47:55] UTN FRA LOGGER.INFO: metodo=GET, URI=http%3A%2F%2Flocalhost%2FFull-API-REST-Skeleton%2Fpublic, RUTA=JWT, autoridad=localhost [] {"uid":"6b74752"}
[2019-06-13 15:47:55] UTN FRA LOGGER.INFO: Slim-Skeleton '/' route [] {"uid":"6b74752"}
[2019-06-13 15:48:12] UTN FRA LOGGER.INFO: metodo=GET, URI=http%3A%2F%2Flocalhost%2FFull-API-REST-Skeleton%2Fpublic, RUTA=JWT%2FcrearToken, autoridad=localhost [] {"uid":"4d4a878"}
[2019-06-13 15:48:15] UTN FRA LOGGER.INFO: metodo=GET, URI=http%3A%2F%2Flocalhost%2FFull-API-REST-Skeleton%2Fpublic, RUTA=JWT%2FcrearToken%2F, autoridad=localhost [] {"uid":"85c7bd2"}
[2019-06-13 15:50:55] UTN FRA LOGGER.INFO: metodo=GET, URI=http%3A%2F%2Flocalhost%2FFull-API-REST-Skeleton%2Fpublic, RUTA=JWT%2F, autoridad=localhost [] {"uid":"809f0d9"}
[2019-06-13 15:51:28] UTN FRA LOGGER.INFO: metodo=GET, URI=http%3A%2F%2Flocalhost%2FFull-API-REST-Skeleton%2Fpublic, RUTA=JWT%2FdevolverPayLoad, autoridad=localhost [] {"uid":"c4c1acb"}
[2019-06-13 15:51:33] UTN FRA LOGGER.INFO: metodo=GET, URI=http%3A%2F%2Flocalhost%2FFull-API-REST-Skeleton%2Fpublic, RUTA=JWT%2FdevolverPayLoad%2F, autoridad=localhost [] {"uid":"b2bb375"}
[2019-06-13 15:53:23] UTN FRA LOGGER.INFO: metodo=GET, URI=http%3A%2F%2Flocalhost%2FFull-API-REST-Skeleton%2Fpublic, RUTA=JWT%2FdevolverPayLoad%2F, autoridad=localhost [] {"uid":"4be0464"}
[2019-06-13 15:53:26] UTN FRA LOGGER.INFO: metodo=GET, URI=http%3A%2F%2Flocalhost%2FFull-API-REST-Skeleton%2Fpublic, RUTA=JWT%2FdevolverPayLoad%2F, autoridad=localhost [] {"uid":"d345f1e"}
[2019-06-13 15:54:00] UTN FRA LOGGER.INFO: metodo=GET, URI=http%3A%2F%2Flocalhost%2FFull-API-REST-Skeleton%2Fpublic, RUTA=JWT%2FdevolverPayLoad%2F, autoridad=localhost [] {"uid":"914db4e"}
[2019-06-13 15:54:01] UTN FRA LOGGER.INFO: metodo=GET, URI=http%3A%2F%2Flocalhost%2FFull-API-REST-Skeleton%2Fpublic, RUTA=JWT%2FdevolverPayLoad%2F, autoridad=localhost [] {"uid":"d8926fc"}
[2019-06-13 15:54:01] UTN FRA LOGGER.INFO: metodo=GET, URI=http%3A%2F%2Flocalhost%2FFull-API-REST-Skeleton%2Fpublic, RUTA=JWT%2FdevolverPayLoad%2F, autoridad=localhost [] {"uid":"e6913b2"}
[2019-06-13 15:54:01] UTN FRA LOGGER.INFO: metodo=GET, URI=http%3A%2F%2Flocalhost%2FFull-API-REST-Skeleton%2Fpublic, RUTA=JWT%2FdevolverPayLoad%2F, autoridad=localhost [] {"uid":"eb07b32"}
[2019-06-13 15:54:01] UTN FRA LOGGER.INFO: metodo=GET, URI=http%3A%2F%2Flocalhost%2FFull-API-REST-Skeleton%2Fpublic, RUTA=JWT%2FdevolverPayLoad%2F, autoridad=localhost [] {"uid":"5283686"}
[2019-06-13 15:54:02] UTN FRA LOGGER.INFO: metodo=GET, URI=http%3A%2F%2Flocalhost%2FFull-API-REST-Skeleton%2Fpublic, RUTA=JWT%2FdevolverPayLoad%2F, autoridad=localhost [] {"uid":"14a954e"}
[2019-06-13 15:54:02] UTN FRA LOGGER.INFO: metodo=GET, URI=http%3A%2F%2Flocalhost%2FFull-API-REST-Skeleton%2Fpublic, RUTA=JWT%2FdevolverPayLoad%2F, autoridad=localhost [] {"uid":"904e4eb"}
[2019-06-13 15:54:29] UTN FRA LOGGER.INFO: metodo=GET, URI=http%3A%2F%2Flocalhost%2FFull-API-REST-Skeleton%2Fpublic, RUTA=JWT%2FdevolverPayLoad%2F, autoridad=localhost [] {"uid":"6aa5ecf"}
[2019-06-13 15:54:53] UTN FRA LOGGER.INFO: metodo=GET, URI=http%3A%2F%2Flocalhost%2FFull-API-REST-Skeleton%2Fpublic, RUTA=JWT%2FdevolverPayLoad%2F, autoridad=localhost [] {"uid":"8a18527"}
[2019-06-13 16:14:20] UTN FRA LOGGER.INFO: metodo=GET, URI=http%3A%2F%2Flocalhost%2FFull-API-REST-Skeleton%2Fpublic, RUTA=JWT%2F, autoridad=localhost [] {"uid":"55a4605"}
[2019-06-13 16:14:25] UTN FRA LOGGER.INFO: metodo=POST, URI=http%3A%2F%2Flocalhost%2FFull-API-REST-Skeleton%2Fpublic, RUTA=JWT%2F, autoridad=localhost [] {"uid":"f981075"}
[2019-06-13 16:16:52] UTN FRA LOGGER.INFO: metodo=POST, URI=http%3A%2F%2Flocalhost%2FFull-API-REST-Skeleton%2Fpublic, RUTA=JWT%2F, autoridad=localhost [] {"uid":"46748bf"}
[2019-06-13 16:16:56] UTN FRA LOGGER.INFO: metodo=POST, URI=http%3A%2F%2Flocalhost%2FFull-API-REST-Skeleton%2Fpublic, RUTA=JWT%2F, autoridad=localhost [] {"uid":"0caf1e0"}
[2019-06-13 16:17:07] UTN FRA LOGGER.INFO: metodo=GET, URI=http%3A%2F%2Flocalhost%2FFull-API-REST-Skeleton%2Fpublic, RUTA=JWT%2F, autoridad=localhost [] {"uid":"6dd0ab4"}
[2019-06-13 16:19:09] UTN FRA LOGGER.INFO: metodo=GET, URI=http%3A%2F%2Flocalhost%2FFull-API-REST-Skeleton%2Fpublic, RUTA=JWT%2F, autoridad=localhost [] {"uid":"37dd024"}
[2019-06-13 16:19:58] UTN FRA LOGGER.INFO: metodo=GET, URI=http%3A%2F%2Flocalhost%2FFull-API-REST-Skeleton%2Fpublic, RUTA=JWT%2F, autoridad=localhost [] {"uid":"b69d6ce"}
[2019-06-13 16:20:00] UTN FRA LOGGER.INFO: metodo=GET, URI=http%3A%2F%2Flocalhost%2FFull-API-REST-Skeleton%2Fpublic, RUTA=JWT%2F, autoridad=localhost [] {"uid":"681fbe6"}
[2019-06-13 16:20:32] UTN FRA LOGGER.INFO: metodo=GET, URI=http%3A%2F%2Flocalhost%2FFull-API-REST-Skeleton%2Fpublic, RUTA=JWT%2F, autoridad=localhost [] {"uid":"1ef71a1"}
[2019-06-13 16:20:40] UTN FRA LOGGER.INFO: metodo=GET, URI=http%3A%2F%2Flocalhost%2FFull-API-REST-Skeleton%2Fpublic, RUTA=JWT%2F, autoridad=localhost [] {"uid":"9dfad57"}
[2019-11-10 17:35:29] UTN FRA LOGGER.INFO: metodo=GET, URI=http%3A%2F%2Flocalhost%2FFull-API-REST-Skeleton%2Fpublic, RUTA=cdORM%2F, autoridad=localhost [] {"uid":"ac5dd92"}
[2019-11-10 17:37:50] UTN FRA LOGGER.INFO: metodo=GET, URI=http%3A%2F%2Flocalhost%2FFull-API-REST-Skeleton%2Fpublic, RUTA=cdORM%2F, autoridad=localhost [] {"uid":"c5b4f5f"}
[2019-11-10 17:50:46] UTN FRA LOGGER.INFO: metodo=GET, URI=http%3A%2F%2Flocalhost%2FFull-API-REST-Skeleton%2Fpublic, RUTA=cdORM%2F, autoridad=localhost [] {"uid":"6041273"}
[2019-11-10 17:51:29] UTN FRA LOGGER.INFO: metodo=GET, URI=http%3A%2F%2Flocalhost%2FFull-API-REST-Skeleton%2Fpublic, RUTA=cdORM%2F, autoridad=localhost [] {"uid":"7bc98c9"}
[2019-11-10 17:53:35] UTN FRA LOGGER.INFO: metodo=GET, URI=http%3A%2F%2Flocalhost%2FFull-API-REST-Skeleton%2Fpublic, RUTA=cdORM%2F, autoridad=localhost [] {"uid":"c1ced95"}
[2019-11-10 18:21:33] UTN FRA LOGGER.INFO: metodo=GET, URI=http%3A%2F%2Flocalhost%2FFull-API-REST-Skeleton%2Fpublic, RUTA=cdORM%2F, autoridad=localhost [] {"uid":"f331219"}
[2019-11-10 18:21:53] UTN FRA LOGGER.INFO: metodo=GET, URI=http%3A%2F%2Flocalhost%2FFull-API-REST-Skeleton%2Fpublic, RUTA=cdORM%2F, autoridad=localhost [] {"uid":"95a609b"}
[2019-11-10 18:24:27] UTN FRA LOGGER.INFO: metodo=GET, URI=http%3A%2F%2Flocalhost%2FFull-API-REST-Skeleton%2Fpublic, RUTA=cdORM%2Fusuarios, autoridad=localhost [] {"uid":"61fbbda"}
[2019-11-10 18:24:33] UTN FRA LOGGER.INFO: metodo=GET, URI=http%3A%2F%2Flocalhost%2FFull-API-REST-Skeleton%2Fpublic, RUTA=cdORM%2Fmesas, autoridad=localhost [] {"uid":"d471c98"}
[2019-11-10 18:24:38] UTN FRA LOGGER.INFO: metodo=GET, URI=http%3A%2F%2Flocalhost%2FFull-API-REST-Skeleton%2Fpublic, RUTA=cdORM%2Fproductos, autoridad=localhost [] {"uid":"e272baa"}
[2019-11-10 18:24:43] UTN FRA LOGGER.INFO: metodo=GET, URI=http%3A%2F%2Flocalhost%2FFull-API-REST-Skeleton%2Fpublic, RUTA=cdORM%2Fpedidos, autoridad=localhost [] {"uid":"c275c62"}
[2019-11-10 18:25:03] UTN FRA LOGGER.INFO: metodo=GET, URI=http%3A%2F%2Flocalhost%2FFull-API-REST-Skeleton%2Fpublic, RUTA=cdORM%2Fusuarios, autoridad=localhost [] {"uid":"0a03644"}
[2019-11-10 18:26:34] UTN FRA LOGGER.INFO: metodo=GET, URI=http%3A%2F%2Flocalhost%2FFull-API-REST-Skeleton%2Fpublic, RUTA=cdORM2%2F, autoridad=localhost [] {"uid":"979255d"}
[2019-11-10 18:26:39] UTN FRA LOGGER.INFO: metodo=GET, URI=http%3A%2F%2Flocalhost%2FFull-API-REST-Skeleton%2Fpublic, RUTA=cdORM2, autoridad=localhost [] {"uid":"b5ba491"}
[2019-11-10 18:26:39] UTN FRA LOGGER.INFO: Slim-Skeleton '/' route [] {"uid":"b5ba491"}
[2019-11-10 18:26:52] UTN FRA LOGGER.INFO: metodo=GET, URI=http%3A%2F%2Flocalhost%2FFull-API-REST-Skeleton%2Fpublic, RUTA=cdORM2%2F, autoridad=localhost [] {"uid":"e5b22e0"}
[2019-11-10 18:27:11] UTN FRA LOGGER.INFO: metodo=GET, URI=http%3A%2F%2Flocalhost%2FFull-API-REST-Skeleton%2Fpublic, RUTA=cdORM2%2F, autoridad=localhost [] {"uid":"26d873a"}
[2019-11-10 18:27:32] UTN FRA LOGGER.INFO: metodo=GET, URI=http%3A%2F%2Flocalhost%2FFull-API-REST-Skeleton%2Fpublic, RUTA=cdORM2%2F, autoridad=localhost [] {"uid":"d71c38a"}
[2019-11-10 18:30:34] UTN FRA LOGGER.INFO: metodo=GET, URI=http%3A%2F%2Flocalhost%2FFull-API-REST-Skeleton%2Fpublic, RUTA=cdORM2%2F, autoridad=localhost [] {"uid":"d8bca2a"}
[2019-11-24 22:18:34] UTN FRA LOGGER.INFO: metodo=GET, URI=http%3A%2F%2Flocalhost%2FOTRO_Parcial_Programacion%2Fpublic, RUTA=%2F, autoridad=localhost [] {"uid":"7742d98"}
[2019-11-24 22:18:34] UTN FRA LOGGER.INFO: Slim-Skeleton '/' route [] {"uid":"7742d98"}
[2019-11-24 22:18:38] UTN FRA LOGGER.INFO: metodo=GET, URI=http%3A%2F%2Flocalhost%2FOTRO_Parcial_Programacion%2Fpublic, RUTA=%2F, autoridad=localhost [] {"uid":"fc29a9f"}
[2019-11-24 22:18:38] UTN FRA LOGGER.INFO: Slim-Skeleton '/' route [] {"uid":"fc29a9f"}
[2019-11-24 22:18:45] UTN FRA LOGGER.INFO: metodo=GET, URI=http%3A%2F%2Flocalhost%2FOTRO_Parcial_Programacion%2Fpublic, RUTA=usuarios%2F, autoridad=localhost [] {"uid":"484fb01"}
[2019-11-24 22:25:19] UTN FRA LOGGER.INFO: metodo=GET, URI=http%3A%2F%2Flocalhost%2FOTRO_Parcial_Programacion%2Fpublic, RUTA=usuarios%2F, autoridad=localhost [] {"uid":"ec9ef15"}
[2019-11-24 22:29:57] UTN FRA LOGGER.INFO: metodo=GET, URI=http%3A%2F%2Flocalhost%2FOTRO_Parcial_Programacion%2Fpublic, RUTA=usuarios%2F, autoridad=localhost [] {"uid":"760ce44"}
[2019-11-24 22:30:24] UTN FRA LOGGER.INFO: metodo=GET, URI=http%3A%2F%2Flocalhost%2FOTRO_Parcial_Programacion%2Fpublic, RUTA=usuarios%2F, autoridad=localhost [] {"uid":"1fcdf16"}
[2019-11-24 22:30:47] UTN FRA LOGGER.INFO: metodo=GET, URI=http%3A%2F%2Flocalhost%2FOTRO_Parcial_Programacion%2Fpublic, RUTA=usuarios%2F, autoridad=localhost [] {"uid":"d80a1a7"}
[2019-11-24 22:31:14] UTN FRA LOGGER.INFO: metodo=GET, URI=http%3A%2F%2Flocalhost%2FOTRO_Parcial_Programacion%2Fpublic, RUTA=usuarios%2F, autoridad=localhost [] {"uid":"57b7cd0"}
[2019-11-24 22:31:37] UTN FRA LOGGER.INFO: metodo=GET, URI=http%3A%2F%2Flocalhost%2FOTRO_Parcial_Programacion%2Fpublic, RUTA=usuarios%2F, autoridad=localhost [] {"uid":"9f2a909"}
[2019-11-24 22:32:10] UTN FRA LOGGER.INFO: metodo=GET, URI=http%3A%2F%2Flocalhost%2FOTRO_Parcial_Programacion%2Fpublic, RUTA=usuarios%2F, autoridad=localhost [] {"uid":"37c001d"}
[2019-11-24 22:32:27] UTN FRA LOGGER.INFO: metodo=GET, URI=http%3A%2F%2Flocalhost%2FOTRO_Parcial_Programacion%2Fpublic, RUTA=usuarios%2F, autoridad=localhost [] {"uid":"9c05fe9"}
[2019-11-24 22:34:28] UTN FRA LOGGER.INFO: metodo=GET, URI=http%3A%2F%2Flocalhost%2FOTRO_Parcial_Programacion%2Fpublic, RUTA=usuarios%2F, autoridad=localhost [] {"uid":"9d8070a"}
[2019-11-24 22:35:43] UTN FRA LOGGER.INFO: metodo=GET, URI=http%3A%2F%2Flocalhost%2FOTRO_Parcial_Programacion%2Fpublic, RUTA=usuarios%2F, autoridad=localhost [] {"uid":"a88e5e1"}
[2019-11-24 22:36:12] UTN FRA LOGGER.INFO: metodo=GET, URI=http%3A%2F%2Flocalhost%2FOTRO_Parcial_Programacion%2Fpublic, RUTA=usuarios%2F, autoridad=localhost [] {"uid":"c43d663"}
[2019-11-24 22:36:29] UTN FRA LOGGER.INFO: metodo=GET, URI=http%3A%2F%2Flocalhost%2FOTRO_Parcial_Programacion%2Fpublic, RUTA=usuarios%2F, autoridad=localhost [] {"uid":"cdf4abb"}
[2019-11-24 22:36:45] UTN FRA LOGGER.INFO: metodo=GET, URI=http%3A%2F%2Flocalhost%2FOTRO_Parcial_Programacion%2Fpublic, RUTA=usuarios%2F, autoridad=localhost [] {"uid":"4b3246f"}
[2019-11-24 22:37:37] UTN FRA LOGGER.INFO: metodo=GET, URI=http%3A%2F%2Flocalhost%2FOTRO_Parcial_Programacion%2Fpublic, RUTA=usuarios%2F, autoridad=localhost [] {"uid":"d9b247d"}
[2019-11-24 22:38:28] UTN FRA LOGGER.INFO: metodo=GET, URI=http%3A%2F%2Flocalhost%2FOTRO_Parcial_Programacion%2Fpublic, RUTA=usuarios%2F, autoridad=localhost [] {"uid":"bb22a11"}
[2019-11-24 22:39:06] UTN FRA LOGGER.INFO: metodo=GET, URI=http%3A%2F%2Flocalhost%2FOTRO_Parcial_Programacion%2Fpublic, RUTA=usuarios%2F, autoridad=localhost [] {"uid":"4a466b3"}
[2019-11-24 22:39:59] UTN FRA LOGGER.INFO: metodo=GET, URI=http%3A%2F%2Flocalhost%2FOTRO_Parcial_Programacion%2Fpublic, RUTA=usuarios%2F, autoridad=localhost [] {"uid":"03553cf"}
[2019-11-24 22:40:26] UTN FRA LOGGER.INFO: metodo=GET, URI=http%3A%2F%2Flocalhost%2FOTRO_Parcial_Programacion%2Fpublic, RUTA=usuarios%2F, autoridad=localhost [] {"uid":"5af0b87"}
[2019-11-24 22:41:13] UTN FRA LOGGER.INFO: metodo=GET, URI=http%3A%2F%2Flocalhost%2FOTRO_Parcial_Programacion%2Fpublic, RUTA=usuarios%2F, autoridad=localhost [] {"uid":"5768923"}
[2019-11-24 22:41:26] UTN FRA LOGGER.INFO: metodo=GET, URI=http%3A%2F%2Flocalhost%2FOTRO_Parcial_Programacion%2Fpublic, RUTA=usuarios%2F, autoridad=localhost [] {"uid":"624b652"}
[2019-11-24 23:09:54] UTN FRA LOGGER.INFO: metodo=POST, URI=http%3A%2F%2Flocalhost%2FOTRO_Parcial_Programacion%2Fpublic, RUTA=usuarios%2F, autoridad=localhost [] {"uid":"4dab8dc"}
[2019-11-24 23:10:35] UTN FRA LOGGER.INFO: metodo=POST, URI=http%3A%2F%2Flocalhost%2FOTRO_Parcial_Programacion%2Fpublic, RUTA=usuarios%2F, autoridad=localhost [] {"uid":"7dda8bd"}
[2019-11-24 23:11:38] UTN FRA LOGGER.INFO: metodo=POST, URI=http%3A%2F%2Flocalhost%2FOTRO_Parcial_Programacion%2Fpublic, RUTA=usuarios%2F, autoridad=localhost [] {"uid":"fcd787d"}
[2019-11-24 23:12:28] UTN FRA LOGGER.INFO: metodo=POST, URI=http%3A%2F%2Flocalhost%2FOTRO_Parcial_Programacion%2Fpublic, RUTA=usuarios%2F, autoridad=localhost [] {"uid":"ee66e68"}
[2019-11-24 23:15:10] UTN FRA LOGGER.INFO: metodo=POST, URI=http%3A%2F%2Flocalhost%2FOTRO_Parcial_Programacion%2Fpublic, RUTA=usuarios%2F, autoridad=localhost [] {"uid":"e667b69"}
[2019-11-24 23:17:26] UTN FRA LOGGER.INFO: metodo=POST, URI=http%3A%2F%2Flocalhost%2FOTRO_Parcial_Programacion%2Fpublic, RUTA=usuarios%2F, autoridad=localhost [] {"uid":"69ed074"}
[2019-11-24 23:48:56] UTN FRA LOGGER.INFO: metodo=POST, URI=http%3A%2F%2Flocalhost%2FOTRO_Parcial_Programacion%2Fpublic, RUTA=login%2F, autoridad=localhost [] {"uid":"07ef132"}
[2019-11-24 23:49:28] UTN FRA LOGGER.INFO: metodo=POST, URI=http%3A%2F%2Flocalhost%2FOTRO_Parcial_Programacion%2Fpublic, RUTA=login%2F, autoridad=localhost [] {"uid":"d9398db"}
[2019-11-24 23:50:15] UTN FRA LOGGER.INFO: metodo=POST, URI=http%3A%2F%2Flocalhost%2FOTRO_Parcial_Programacion%2Fpublic, RUTA=login%2F, autoridad=localhost [] {"uid":"db39426"}
[2019-11-24 23:53:36] UTN FRA LOGGER.INFO: metodo=POST, URI=http%3A%2F%2Flocalhost%2FOTRO_Parcial_Programacion%2Fpublic, RUTA=login%2F, autoridad=localhost [] {"uid":"572e1b7"}
[2019-11-24 23:53:45] UTN FRA LOGGER.INFO: metodo=POST, URI=http%3A%2F%2Flocalhost%2FOTRO_Parcial_Programacion%2Fpublic, RUTA=login%2F, autoridad=localhost [] {"uid":"a698222"}
[2019-11-24 23:54:04] UTN FRA LOGGER.INFO: metodo=POST, URI=http%3A%2F%2Flocalhost%2FOTRO_Parcial_Programacion%2Fpublic, RUTA=login%2F, autoridad=localhost [] {"uid":"0f806d6"}
[2019-11-24 23:56:25] UTN FRA LOGGER.INFO: metodo=POST, URI=http%3A%2F%2Flocalhost%2FOTRO_Parcial_Programacion%2Fpublic, RUTA=login%2F, autoridad=localhost [] {"uid":"4807edc"}
[2019-11-24 23:56:42] UTN FRA LOGGER.INFO: metodo=POST, URI=http%3A%2F%2Flocalhost%2FOTRO_Parcial_Programacion%2Fpublic, RUTA=login%2F, autoridad=localhost [] {"uid":"77345fb"}
[2019-11-24 23:57:19] UTN FRA LOGGER.INFO: metodo=POST, URI=http%3A%2F%2Flocalhost%2FOTRO_Parcial_Programacion%2Fpublic, RUTA=login%2F, autoridad=localhost [] {"uid":"1cc8d3f"}
[2019-11-25 00:01:20] UTN FRA LOGGER.INFO: metodo=POST, URI=http%3A%2F%2Flocalhost%2FOTRO_Parcial_Programacion%2Fpublic, RUTA=login%2F, autoridad=localhost [] {"uid":"a0543ae"}
[2019-11-25 00:02:56] UTN FRA LOGGER.INFO: metodo=POST, URI=http%3A%2F%2Flocalhost%2FOTRO_Parcial_Programacion%2Fpublic, RUTA=login%2F, autoridad=localhost [] {"uid":"aa8a5af"}
[2019-11-25 00:05:35] UTN FRA LOGGER.INFO: metodo=POST, URI=http%3A%2F%2Flocalhost%2FOTRO_Parcial_Programacion%2Fpublic, RUTA=login%2F, autoridad=localhost [] {"uid":"89372fe"}
[2019-11-25 00:06:07] UTN FRA LOGGER.INFO: metodo=POST, URI=http%3A%2F%2Flocalhost%2FOTRO_Parcial_Programacion%2Fpublic, RUTA=users%2F, autoridad=localhost [] {"uid":"52b2cf5"}
[2019-11-25 00:16:03] UTN FRA LOGGER.INFO: metodo=POST, URI=http%3A%2F%2Flocalhost%2FOTRO_Parcial_Programacion%2Fpublic, RUTA=users%2F, autoridad=localhost [] {"uid":"28e87d0"}
[2019-11-25 00:16:18] UTN FRA LOGGER.INFO: metodo=POST, URI=http%3A%2F%2Flocalhost%2FOTRO_Parcial_Programacion%2Fpublic, RUTA=users%2F, autoridad=localhost [] {"uid":"d38588c"}
[2019-11-25 00:17:51] UTN FRA LOGGER.INFO: metodo=POST, URI=http%3A%2F%2Flocalhost%2FOTRO_Parcial_Programacion%2Fpublic, RUTA=users%2F, autoridad=localhost [] {"uid":"62ee8b0"}
[2019-11-25 00:18:03] UTN FRA LOGGER.INFO: metodo=POST, URI=http%3A%2F%2Flocalhost%2FOTRO_Parcial_Programacion%2Fpublic, RUTA=users%2F, autoridad=localhost [] {"uid":"2c0d252"}
[2019-11-25 00:18:36] UTN FRA LOGGER.INFO: metodo=POST, URI=http%3A%2F%2Flocalhost%2FOTRO_Parcial_Programacion%2Fpublic, RUTA=users%2F, autoridad=localhost [] {"uid":"d7aeb3e"}
[2019-11-25 00:18:44] UTN FRA LOGGER.INFO: metodo=POST, URI=http%3A%2F%2Flocalhost%2FOTRO_Parcial_Programacion%2Fpublic, RUTA=users%2F, autoridad=localhost [] {"uid":"cf345fc"}
[2019-11-25 00:19:39] UTN FRA LOGGER.INFO: metodo=POST, URI=http%3A%2F%2Flocalhost%2FOTRO_Parcial_Programacion%2Fpublic, RUTA=users%2F, autoridad=localhost [] {"uid":"4b61044"}
[2019-11-25 00:20:56] UTN FRA LOGGER.INFO: metodo=POST, URI=http%3A%2F%2Flocalhost%2FOTRO_Parcial_Programacion%2Fpublic, RUTA=users%2F, autoridad=localhost [] {"uid":"a32a85a"}
[2019-11-25 00:22:33] UTN FRA LOGGER.INFO: metodo=POST, URI=http%3A%2F%2Flocalhost%2FOTRO_Parcial_Programacion%2Fpublic, RUTA=users%2F, autoridad=localhost [] {"uid":"2b3553c"}
[2019-11-25 00:22:47] UTN FRA LOGGER.INFO: metodo=POST, URI=http%3A%2F%2Flocalhost%2FOTRO_Parcial_Programacion%2Fpublic, RUTA=users%2F, autoridad=localhost [] {"uid":"8510072"}
[2019-11-25 00:22:58] UTN FRA LOGGER.INFO: metodo=POST, URI=http%3A%2F%2Flocalhost%2FOTRO_Parcial_Programacion%2Fpublic, RUTA=users%2F, autoridad=localhost [] {"uid":"25b7781"}
[2019-11-25 00:23:48] UTN FRA LOGGER.INFO: metodo=POST, URI=http%3A%2F%2Flocalhost%2FOTRO_Parcial_Programacion%2Fpublic, RUTA=users%2F, autoridad=localhost [] {"uid":"1f0ba85"}
[2019-11-25 00:24:00] UTN FRA LOGGER.INFO: metodo=POST, URI=http%3A%2F%2Flocalhost%2FOTRO_Parcial_Programacion%2Fpublic, RUTA=users%2F, autoridad=localhost [] {"uid":"1940ec3"}
[2019-11-25 00:24:12] UTN FRA LOGGER.INFO: metodo=POST, URI=http%3A%2F%2Flocalhost%2FOTRO_Parcial_Programacion%2Fpublic, RUTA=users%2F, autoridad=localhost [] {"uid":"51e75dd"}
[2019-11-25 01:02:48] UTN FRA LOGGER.INFO: metodo=POST, URI=http%3A%2F%2Flocalhost%2FOTRO_Parcial_Programacion%2Fpublic, RUTA=login%2F, autoridad=localhost [] {"uid":"d023b01"}
[2019-11-25 01:03:46] UTN FRA LOGGER.INFO: metodo=POST, URI=http%3A%2F%2Flocalhost%2FOTRO_Parcial_Programacion%2Fpublic, RUTA=login%2F, autoridad=localhost [] {"uid":"aef0744"}
[2019-11-25 01:04:07] UTN FRA LOGGER.INFO: metodo=POST, URI=http%3A%2F%2Flocalhost%2FOTRO_Parcial_Programacion%2Fpublic, RUTA=login%2F, autoridad=localhost [] {"uid":"50ff9ca"}
[2019-11-25 01:04:14] UTN FRA LOGGER.INFO: metodo=POST, URI=http%3A%2F%2Flocalhost%2FOTRO_Parcial_Programacion%2Fpublic, RUTA=login%2F, autoridad=localhost [] {"uid":"6e99271"}
[2019-11-25 01:04:29] UTN FRA LOGGER.INFO: metodo=POST, URI=http%3A%2F%2Flocalhost%2FOTRO_Parcial_Programacion%2Fpublic, RUTA=login%2F, autoridad=localhost [] {"uid":"c0f2357"}
[2019-11-25 01:05:00] UTN FRA LOGGER.INFO: metodo=POST, URI=http%3A%2F%2Flocalhost%2FOTRO_Parcial_Programacion%2Fpublic, RUTA=login%2F, autoridad=localhost [] {"uid":"93309b1"}
[2019-11-25 01:05:23] UTN FRA LOGGER.INFO: metodo=POST, URI=http%3A%2F%2Flocalhost%2FOTRO_Parcial_Programacion%2Fpublic, RUTA=login%2F, autoridad=localhost [] {"uid":"3c82542"}
[2019-11-25 01:05:48] UTN FRA LOGGER.INFO: metodo=POST, URI=http%3A%2F%2Flocalhost%2FOTRO_Parcial_Programacion%2Fpublic, RUTA=login%2F, autoridad=localhost [] {"uid":"627a00f"}
[2019-11-25 01:07:23] UTN FRA LOGGER.INFO: metodo=POST, URI=http%3A%2F%2Flocalhost%2FOTRO_Parcial_Programacion%2Fpublic, RUTA=login%2F, autoridad=localhost [] {"uid":"e0e61c4"}
[2019-11-25 01:08:02] UTN FRA LOGGER.INFO: metodo=POST, URI=http%3A%2F%2Flocalhost%2FOTRO_Parcial_Programacion%2Fpublic, RUTA=login%2F, autoridad=localhost [] {"uid":"ee3366c"}
[2019-11-25 01:10:32] UTN FRA LOGGER.INFO: metodo=POST, URI=http%3A%2F%2Flocalhost%2FOTRO_Parcial_Programacion%2Fpublic, RUTA=login%2F, autoridad=localhost [] {"uid":"9cbd16c"}
[2019-11-25 01:12:40] UTN FRA LOGGER.INFO: metodo=POST, URI=http%3A%2F%2Flocalhost%2FOTRO_Parcial_Programacion%2Fpublic, RUTA=login%2F, autoridad=localhost [] {"uid":"fec97f0"}
[2019-11-25 01:28:36] UTN FRA LOGGER.INFO: metodo=POST, URI=http%3A%2F%2Flocalhost%2FOTRO_Parcial_Programacion%2Fpublic, RUTA=ingreso%2F, autoridad=localhost [] {"uid":"ed31984"}
[2019-11-25 01:30:26] UTN FRA LOGGER.INFO: metodo=POST, URI=http%3A%2F%2Flocalhost%2FOTRO_Parcial_Programacion%2Fpublic, RUTA=ingreso%2F, autoridad=localhost [] {"uid":"58ff406"}
[2019-11-25 01:32:29] UTN FRA LOGGER.INFO: metodo=POST, URI=http%3A%2F%2Flocalhost%2FOTRO_Parcial_Programacion%2Fpublic, RUTA=ingreso%2F, autoridad=localhost [] {"uid":"d402d04"}
[2019-11-25 01:32:54] UTN FRA LOGGER.INFO: metodo=POST, URI=http%3A%2F%2Flocalhost%2FOTRO_Parcial_Programacion%2Fpublic, RUTA=ingreso%2F, autoridad=localhost [] {"uid":"76ec78c"}
[2019-11-25 01:33:41] UTN FRA LOGGER.INFO: metodo=POST, URI=http%3A%2F%2Flocalhost%2FOTRO_Parcial_Programacion%2Fpublic, RUTA=ingreso%2F, autoridad=localhost [] {"uid":"0b2a1c6"}
[2019-11-25 01:33:49] UTN FRA LOGGER.INFO: metodo=POST, URI=http%3A%2F%2Flocalhost%2FOTRO_Parcial_Programacion%2Fpublic, RUTA=ingreso%2F, autoridad=localhost [] {"uid":"17edef2"}
[2019-11-25 01:34:49] UTN FRA LOGGER.INFO: metodo=POST, URI=http%3A%2F%2Flocalhost%2FOTRO_Parcial_Programacion%2Fpublic, RUTA=ingreso%2F, autoridad=localhost [] {"uid":"eae3af6"}
[2019-11-25 01:35:59] UTN FRA LOGGER.INFO: metodo=POST, URI=http%3A%2F%2Flocalhost%2FOTRO_Parcial_Programacion%2Fpublic, RUTA=ingreso%2F, autoridad=localhost [] {"uid":"cfd7cc7"}
[2019-11-25 01:36:12] UTN FRA LOGGER.INFO: metodo=POST, URI=http%3A%2F%2Flocalhost%2FOTRO_Parcial_Programacion%2Fpublic, RUTA=ingreso%2F, autoridad=localhost [] {"uid":"8479300"}
[2019-11-25 01:37:27] UTN FRA LOGGER.INFO: metodo=POST, URI=http%3A%2F%2Flocalhost%2FOTRO_Parcial_Programacion%2Fpublic, RUTA=ingreso%2F, autoridad=localhost [] {"uid":"d35e37b"}
[2019-11-25 01:38:01] UTN FRA LOGGER.INFO: metodo=POST, URI=http%3A%2F%2Flocalhost%2FOTRO_Parcial_Programacion%2Fpublic, RUTA=ingreso%2F, autoridad=localhost [] {"uid":"d9e3b29"}
[2019-11-25 01:38:38] UTN FRA LOGGER.INFO: metodo=POST, URI=http%3A%2F%2Flocalhost%2FOTRO_Parcial_Programacion%2Fpublic, RUTA=ingreso%2F, autoridad=localhost [] {"uid":"a401bee"}
[2019-11-25 01:38:51] UTN FRA LOGGER.INFO: metodo=POST, URI=http%3A%2F%2Flocalhost%2FOTRO_Parcial_Programacion%2Fpublic, RUTA=ingreso%2F, autoridad=localhost [] {"uid":"051f3af"}
[2019-11-25 01:39:30] UTN FRA LOGGER.INFO: metodo=POST, URI=http%3A%2F%2Flocalhost%2FOTRO_Parcial_Programacion%2Fpublic, RUTA=ingreso%2F, autoridad=localhost [] {"uid":"6dc343b"}
[2019-11-25 01:40:27] UTN FRA LOGGER.INFO: metodo=POST, URI=http%3A%2F%2Flocalhost%2FOTRO_Parcial_Programacion%2Fpublic, RUTA=ingreso%2F, autoridad=localhost [] {"uid":"4c09ea9"}
[2019-11-25 01:42:20] UTN FRA LOGGER.INFO: metodo=POST, URI=http%3A%2F%2Flocalhost%2FOTRO_Parcial_Programacion%2Fpublic, RUTA=ingreso%2F, autoridad=localhost [] {"uid":"ab1d513"}
[2019-11-25 01:42:40] UTN FRA LOGGER.INFO: metodo=POST, URI=http%3A%2F%2Flocalhost%2FOTRO_Parcial_Programacion%2Fpublic, RUTA=ingreso%2F, autoridad=localhost [] {"uid":"49cd1b5"}
[2019-11-25 01:43:00] UTN FRA LOGGER.INFO: metodo=POST, URI=http%3A%2F%2Flocalhost%2FOTRO_Parcial_Programacion%2Fpublic, RUTA=ingreso%2F, autoridad=localhost [] {"uid":"517e8e1"}
[2019-11-25 01:43:13] UTN FRA LOGGER.INFO: metodo=POST, URI=http%3A%2F%2Flocalhost%2FOTRO_Parcial_Programacion%2Fpublic, RUTA=ingreso%2F, autoridad=localhost [] {"uid":"80e185f"}
[2019-11-25 01:43:43] UTN FRA LOGGER.INFO: metodo=POST, URI=http%3A%2F%2Flocalhost%2FOTRO_Parcial_Programacion%2Fpublic, RUTA=ingreso%2F, autoridad=localhost [] {"uid":"c646c11"}
[2019-11-25 01:44:08] UTN FRA LOGGER.INFO: metodo=POST, URI=http%3A%2F%2Flocalhost%2FOTRO_Parcial_Programacion%2Fpublic, RUTA=ingreso%2F, autoridad=localhost [] {"uid":"b7c7eae"}
[2019-11-25 01:45:29] UTN FRA LOGGER.INFO: metodo=POST, URI=http%3A%2F%2Flocalhost%2FOTRO_Parcial_Programacion%2Fpublic, RUTA=ingreso%2F, autoridad=localhost [] {"uid":"c615c17"}
[2019-11-25 01:47:01] UTN FRA LOGGER.INFO: metodo=POST, URI=http%3A%2F%2Flocalhost%2FOTRO_Parcial_Programacion%2Fpublic, RUTA=ingreso%2F, autoridad=localhost [] {"uid":"30947c2"}
[2019-11-25 01:50:01] UTN FRA LOGGER.INFO: metodo=POST, URI=http%3A%2F%2Flocalhost%2FOTRO_Parcial_Programacion%2Fpublic, RUTA=ingreso%2F, autoridad=localhost [] {"uid":"1cafdf4"}
[2019-11-25 01:50:19] UTN FRA LOGGER.INFO: metodo=POST, URI=http%3A%2F%2Flocalhost%2FOTRO_Parcial_Programacion%2Fpublic, RUTA=ingreso%2F, autoridad=localhost [] {"uid":"1a8adc3"}
[2019-11-25 01:50:56] UTN FRA LOGGER.INFO: metodo=POST, URI=http%3A%2F%2Flocalhost%2FOTRO_Parcial_Programacion%2Fpublic, RUTA=ingreso%2F, autoridad=localhost [] {"uid":"84e1fb8"}
[2019-11-25 01:52:52] UTN FRA LOGGER.INFO: metodo=POST, URI=http%3A%2F%2Flocalhost%2FOTRO_Parcial_Programacion%2Fpublic, RUTA=ingreso%2F, autoridad=localhost [] {"uid":"b6cd080"}
[2019-11-25 01:53:30] UTN FRA LOGGER.INFO: metodo=POST, URI=http%3A%2F%2Flocalhost%2FOTRO_Parcial_Programacion%2Fpublic, RUTA=ingreso%2F, autoridad=localhost [] {"uid":"04b5b37"}
[2019-11-25 22:51:21] UTN FRA LOGGER.INFO: metodo=GET, URI=http%3A%2F%2Flocalhost%2FSegundo_Parcial_Programacion%2Fpublic, RUTA=users%2F, autoridad=localhost [] {"uid":"c16ce06"}
[2019-11-25 22:51:36] UTN FRA LOGGER.INFO: metodo=GET, URI=http%3A%2F%2Flocalhost%2FSegundo_Parcial_Programacion%2Fpublic, RUTA=users%2F, autoridad=localhost [] {"uid":"73e31fc"}
[2019-11-25 22:53:40] UTN FRA LOGGER.INFO: metodo=GET, URI=http%3A%2F%2Flocalhost%2FSegundo_Parcial_Programacion%2Fpublic, RUTA=users%2F, autoridad=localhost [] {"uid":"d9016ce"}
[2019-11-25 22:53:51] UTN FRA LOGGER.INFO: metodo=GET, URI=http%3A%2F%2Flocalhost%2FSegundo_Parcial_Programacion%2Fpublic, RUTA=users%2F, autoridad=localhost [] {"uid":"15f3148"}
[2019-11-25 22:55:30] UTN FRA LOGGER.INFO: metodo=GET, URI=http%3A%2F%2Flocalhost%2FSegundo_Parcial_Programacion%2Fpublic, RUTA=users%2F, autoridad=localhost [] {"uid":"88a9691"}
[2019-11-25 22:57:16] UTN FRA LOGGER.INFO: metodo=GET, URI=http%3A%2F%2Flocalhost%2FSegundo_Parcial_Programacion%2Fpublic, RUTA=users%2F, autoridad=localhost [] {"uid":"360bff6"}
[2019-11-25 22:57:42] UTN FRA LOGGER.INFO: metodo=GET, URI=http%3A%2F%2Flocalhost%2FSegundo_Parcial_Programacion%2Fpublic, RUTA=users%2F, autoridad=localhost [] {"uid":"8957a51"}
[2019-11-25 22:58:25] UTN FRA LOGGER.INFO: metodo=GET, URI=http%3A%2F%2Flocalhost%2FSegundo_Parcial_Programacion%2Fpublic, RUTA=users%2F, autoridad=localhost [] {"uid":"d248a85"}
[2019-11-25 22:58:45] UTN FRA LOGGER.INFO: metodo=GET, URI=http%3A%2F%2Flocalhost%2FSegundo_Parcial_Programacion%2Fpublic, RUTA=users%2F, autoridad=localhost [] {"uid":"23354b3"}
[2019-11-25 22:59:58] UTN FRA LOGGER.INFO: metodo=GET, URI=http%3A%2F%2Flocalhost%2FSegundo_Parcial_Programacion%2Fpublic, RUTA=users%2F, autoridad=localhost [] {"uid":"4fe4e6d"}
[2019-11-25 23:02:36] UTN FRA LOGGER.INFO: metodo=GET, URI=http%3A%2F%2Flocalhost%2FSegundo_Parcial_Programacion%2Fpublic, RUTA=users%2F, autoridad=localhost [] {"uid":"eb6c63a"}
[2019-11-25 23:03:51] UTN FRA LOGGER.INFO: metodo=POST, URI=http%3A%2F%2Flocalhost%2FSegundo_Parcial_Programacion%2Fpublic, RUTA=users%2F, autoridad=localhost [] {"uid":"ce8ba56"}
[2019-11-25 23:04:19] UTN FRA LOGGER.INFO: metodo=POST, URI=http%3A%2F%2Flocalhost%2FSegundo_Parcial_Programacion%2Fpublic, RUTA=users%2F, autoridad=localhost [] {"uid":"3e5c644"}
[2019-11-25 23:06:17] UTN FRA LOGGER.INFO: metodo=POST, URI=http%3A%2F%2Flocalhost%2FSegundo_Parcial_Programacion%2Fpublic, RUTA=users%2F, autoridad=localhost [] {"uid":"9ecc42f"}
[2019-11-25 23:07:13] UTN FRA LOGGER.INFO: metodo=POST, URI=http%3A%2F%2Flocalhost%2FSegundo_Parcial_Programacion%2Fpublic, RUTA=users%2F, autoridad=localhost [] {"uid":"7659b24"}
[2019-11-25 23:09:39] UTN FRA LOGGER.INFO: metodo=POST, URI=http%3A%2F%2Flocalhost%2FSegundo_Parcial_Programacion%2Fpublic, RUTA=users%2F, autoridad=localhost [] {"uid":"9345d1b"}
[2019-11-25 23:13:41] UTN FRA LOGGER.INFO: metodo=POST, URI=http%3A%2F%2Flocalhost%2FSegundo_Parcial_Programacion%2Fpublic, RUTA=users%2F, autoridad=localhost [] {"uid":"9316d47"}
[2019-11-25 23:15:26] UTN FRA LOGGER.INFO: metodo=POST, URI=http%3A%2F%2Flocalhost%2FSegundo_Parcial_Programacion%2Fpublic, RUTA=users%2F, autoridad=localhost [] {"uid":"bf47bb8"}
[2019-11-25 23:16:37] UTN FRA LOGGER.INFO: metodo=POST, URI=http%3A%2F%2Flocalhost%2FSegundo_Parcial_Programacion%2Fpublic, RUTA=users%2F, autoridad=localhost [] {"uid":"f831804"}
[2019-11-25 23:19:32] UTN FRA LOGGER.INFO: metodo=POST, URI=http%3A%2F%2Flocalhost%2FSegundo_Parcial_Programacion%2Fpublic, RUTA=login%2F, autoridad=localhost [] {"uid":"f9c6cd2"}
[2019-11-25 23:19:45] UTN FRA LOGGER.INFO: metodo=POST, URI=http%3A%2F%2Flocalhost%2FSegundo_Parcial_Programacion%2Fpublic, RUTA=login%2F, autoridad=localhost [] {"uid":"e36baac"}
[2019-11-25 23:22:48] UTN FRA LOGGER.INFO: metodo=POST, URI=http%3A%2F%2Flocalhost%2FSegundo_Parcial_Programacion%2Fpublic, RUTA=login%2F, autoridad=localhost [] {"uid":"0afd324"}
[2019-11-25 23:23:20] UTN FRA LOGGER.INFO: metodo=POST, URI=http%3A%2F%2Flocalhost%2FSegundo_Parcial_Programacion%2Fpublic, RUTA=login%2F, autoridad=localhost [] {"uid":"52a5b39"}
[2019-11-25 23:24:09] UTN FRA LOGGER.INFO: metodo=POST, URI=http%3A%2F%2Flocalhost%2FSegundo_Parcial_Programacion%2Fpublic, RUTA=login%2F, autoridad=localhost [] {"uid":"2c1e14f"}
[2019-11-25 23:25:05] UTN FRA LOGGER.INFO: metodo=POST, URI=http%3A%2F%2Flocalhost%2FSegundo_Parcial_Programacion%2Fpublic, RUTA=login%2F, autoridad=localhost [] {"uid":"a359af9"}
[2019-11-25 23:25:24] UTN FRA LOGGER.INFO: metodo=POST, URI=http%3A%2F%2Flocalhost%2FSegundo_Parcial_Programacion%2Fpublic, RUTA=login%2F, autoridad=localhost [] {"uid":"f21870d"}
[2019-11-25 23:25:54] UTN FRA LOGGER.INFO: metodo=POST, URI=http%3A%2F%2Flocalhost%2FSegundo_Parcial_Programacion%2Fpublic, RUTA=login%2F, autoridad=localhost [] {"uid":"cf56dd3"}
[2019-11-25 23:26:03] UTN FRA LOGGER.INFO: metodo=POST, URI=http%3A%2F%2Flocalhost%2FSegundo_Parcial_Programacion%2Fpublic, RUTA=login%2F, autoridad=localhost [] {"uid":"15e2e31"}
[2019-11-25 23:27:21] UTN FRA LOGGER.INFO: metodo=POST, URI=http%3A%2F%2Flocalhost%2FSegundo_Parcial_Programacion%2Fpublic, RUTA=login%2F, autoridad=localhost [] {"uid":"77a67c6"}
[2019-11-25 23:27:25] UTN FRA LOGGER.INFO: metodo=POST, URI=http%3A%2F%2Flocalhost%2FSegundo_Parcial_Programacion%2Fpublic, RUTA=login%2F, autoridad=localhost [] {"uid":"55f75c7"}
[2019-11-25 23:30:15] UTN FRA LOGGER.INFO: metodo=POST, URI=http%3A%2F%2Flocalhost%2FSegundo_Parcial_Programacion%2Fpublic, RUTA=login%2F, autoridad=localhost [] {"uid":"50b78bc"}
[2019-11-25 23:30:40] UTN FRA LOGGER.INFO: metodo=POST, URI=http%3A%2F%2Flocalhost%2FSegundo_Parcial_Programacion%2Fpublic, RUTA=login%2F, autoridad=localhost [] {"uid":"dda0b27"}
[2019-11-25 23:31:02] UTN FRA LOGGER.INFO: metodo=POST, URI=http%3A%2F%2Flocalhost%2FSegundo_Parcial_Programacion%2Fpublic, RUTA=login%2F, autoridad=localhost [] {"uid":"89ddaf2"}
[2019-11-25 23:31:25] UTN FRA LOGGER.INFO: metodo=POST, URI=http%3A%2F%2Flocalhost%2FSegundo_Parcial_Programacion%2Fpublic, RUTA=login%2F, autoridad=localhost [] {"uid":"7b8656f"}
[2019-11-25 23:31:41] UTN FRA LOGGER.INFO: metodo=POST, URI=http%3A%2F%2Flocalhost%2FSegundo_Parcial_Programacion%2Fpublic, RUTA=login%2F, autoridad=localhost [] {"uid":"c7f04c5"}
[2019-11-25 23:32:05] UTN FRA LOGGER.INFO: metodo=POST, URI=http%3A%2F%2Flocalhost%2FSegundo_Parcial_Programacion%2Fpublic, RUTA=login%2F, autoridad=localhost [] {"uid":"fcdf690"}
[2019-11-25 23:32:25] UTN FRA LOGGER.INFO: metodo=POST, URI=http%3A%2F%2Flocalhost%2FSegundo_Parcial_Programacion%2Fpublic, RUTA=login%2F, autoridad=localhost [] {"uid":"97985dc"}
[2019-11-25 23:32:58] UTN FRA LOGGER.INFO: metodo=POST, URI=http%3A%2F%2Flocalhost%2FSegundo_Parcial_Programacion%2Fpublic, RUTA=login%2F, autoridad=localhost [] {"uid":"336a481"}
[2019-11-25 23:33:20] UTN FRA LOGGER.INFO: metodo=POST, URI=http%3A%2F%2Flocalhost%2FSegundo_Parcial_Programacion%2Fpublic, RUTA=login%2F, autoridad=localhost [] {"uid":"55f65d4"}
[2019-11-25 23:33:42] UTN FRA LOGGER.INFO: metodo=POST, URI=http%3A%2F%2Flocalhost%2FSegundo_Parcial_Programacion%2Fpublic, RUTA=login%2F, autoridad=localhost [] {"uid":"41ccce9"}
[2019-11-25 23:34:10] UTN FRA LOGGER.INFO: metodo=POST, URI=http%3A%2F%2Flocalhost%2FSegundo_Parcial_Programacion%2Fpublic, RUTA=users%2F, autoridad=localhost [] {"uid":"ab17b3b"}
[2019-11-25 23:34:25] UTN FRA LOGGER.INFO: metodo=POST, URI=http%3A%2F%2Flocalhost%2FSegundo_Parcial_Programacion%2Fpublic, RUTA=users%2F, autoridad=localhost [] {"uid":"dbe7409"}
[2019-11-25 23:34:41] UTN FRA LOGGER.INFO: metodo=POST, URI=http%3A%2F%2Flocalhost%2FSegundo_Parcial_Programacion%2Fpublic, RUTA=login%2F, autoridad=localhost [] {"uid":"4d20db2"}
[2019-11-25 23:35:55] UTN FRA LOGGER.INFO: metodo=POST, URI=http%3A%2F%2Flocalhost%2FSegundo_Parcial_Programacion%2Fpublic, RUTA=login%2F, autoridad=localhost [] {"uid":"023fe69"}
[2019-11-25 23:36:33] UTN FRA LOGGER.INFO: metodo=POST, URI=http%3A%2F%2Flocalhost%2FSegundo_Parcial_Programacion%2Fpublic, RUTA=login%2F, autoridad=localhost [] {"uid":"0fe64d1"}
[2019-11-25 23:36:44] UTN FRA LOGGER.INFO: metodo=POST, URI=http%3A%2F%2Flocalhost%2FSegundo_Parcial_Programacion%2Fpublic, RUTA=login%2F, autoridad=localhost [] {"uid":"36a21a7"}
[2019-11-25 23:37:22] UTN FRA LOGGER.INFO: metodo=POST, URI=http%3A%2F%2Flocalhost%2FSegundo_Parcial_Programacion%2Fpublic, RUTA=login%2F, autoridad=localhost [] {"uid":"c47e042"}
[2019-11-25 23:37:25] UTN FRA LOGGER.INFO: metodo=POST, URI=http%3A%2F%2Flocalhost%2FSegundo_Parcial_Programacion%2Fpublic, RUTA=login%2F, autoridad=localhost [] {"uid":"c1754a2"}
[2019-11-25 23:38:08] UTN FRA LOGGER.INFO: metodo=POST, URI=http%3A%2F%2Flocalhost%2FSegundo_Parcial_Programacion%2Fpublic, RUTA=login%2F, autoridad=localhost [] {"uid":"127a993"}
[2019-11-25 23:38:16] UTN FRA LOGGER.INFO: metodo=POST, URI=http%3A%2F%2Flocalhost%2FSegundo_Parcial_Programacion%2Fpublic, RUTA=login%2F, autoridad=localhost [] {"uid":"aa90d87"}
[2019-11-25 23:38:27] UTN FRA LOGGER.INFO: metodo=POST, URI=http%3A%2F%2Flocalhost%2FSegundo_Parcial_Programacion%2Fpublic, RUTA=login%2F, autoridad=localhost [] {"uid":"fc3053e"}
[2019-11-25 23:38:50] UTN FRA LOGGER.INFO: metodo=POST, URI=http%3A%2F%2Flocalhost%2FSegundo_Parcial_Programacion%2Fpublic, RUTA=login%2F, autoridad=localhost [] {"uid":"68fda08"}
[2019-11-25 23:40:03] UTN FRA LOGGER.INFO: metodo=POST, URI=http%3A%2F%2Flocalhost%2FSegundo_Parcial_Programacion%2Fpublic, RUTA=login%2F, autoridad=localhost [] {"uid":"43dce91"}
[2019-11-25 23:41:20] UTN FRA LOGGER.INFO: metodo=POST, URI=http%3A%2F%2Flocalhost%2FSegundo_Parcial_Programacion%2Fpublic, RUTA=login%2F, autoridad=localhost [] {"uid":"7416f44"}
[2019-11-25 23:41:56] UTN FRA LOGGER.INFO: metodo=GET, URI=http%3A%2F%2Flocalhost%2FSegundo_Parcial_Programacion%2Fpublic, RUTA=users%2F, autoridad=localhost [] {"uid":"e4c20ee"}
[2019-11-25 23:43:08] UTN FRA LOGGER.INFO: metodo=POST, URI=http%3A%2F%2Flocalhost%2FSegundo_Parcial_Programacion%2Fpublic, RUTA=users%2F, autoridad=localhost [] {"uid":"ac6697d"}
[2019-11-25 23:43:41] UTN FRA LOGGER.INFO: metodo=POST, URI=http%3A%2F%2Flocalhost%2FSegundo_Parcial_Programacion%2Fpublic, RUTA=users%2F, autoridad=localhost [] {"uid":"fc5c307"}
[2019-11-25 23:44:01] UTN FRA LOGGER.INFO: metodo=POST, URI=http%3A%2F%2Flocalhost%2FSegundo_Parcial_Programacion%2Fpublic, RUTA=login%2F, autoridad=localhost [] {"uid":"37c1e05"}
[2019-11-25 23:54:46] UTN FRA LOGGER.INFO: metodo=PUT, URI=http%3A%2F%2Flocalhost%2FSegundo_Parcial_Programacion%2Fpublic, RUTA=ingreso%2F, autoridad=localhost [] {"uid":"7ddb87f"}
[2019-11-25 23:55:35] UTN FRA LOGGER.INFO: metodo=PUT, URI=http%3A%2F%2Flocalhost%2FSegundo_Parcial_Programacion%2Fpublic, RUTA=ingreso%2F, autoridad=localhost [] {"uid":"356b2c5"}
[2019-11-25 23:56:03] UTN FRA LOGGER.INFO: metodo=PUT, URI=http%3A%2F%2Flocalhost%2FSegundo_Parcial_Programacion%2Fpublic, RUTA=ingreso%2F, autoridad=localhost [] {"uid":"e8cf118"}
[2019-11-25 23:56:14] UTN FRA LOGGER.INFO: metodo=PUT, URI=http%3A%2F%2Flocalhost%2FSegundo_Parcial_Programacion%2Fpublic, RUTA=ingreso%2F, autoridad=localhost [] {"uid":"649265c"}
[2019-11-25 23:56:24] UTN FRA LOGGER.INFO: metodo=PUT, URI=http%3A%2F%2Flocalhost%2FSegundo_Parcial_Programacion%2Fpublic, RUTA=ingreso%2F, autoridad=localhost [] {"uid":"f8f6096"}
[2019-11-25 23:56:32] UTN FRA LOGGER.INFO: metodo=PUT, URI=http%3A%2F%2Flocalhost%2FSegundo_Parcial_Programacion%2Fpublic, RUTA=ingreso%2F, autoridad=localhost [] {"uid":"3d07a94"}
[2019-11-25 23:57:50] UTN FRA LOGGER.INFO: metodo=PUT, URI=http%3A%2F%2Flocalhost%2FSegundo_Parcial_Programacion%2Fpublic, RUTA=ingreso%2F, autoridad=localhost [] {"uid":"77cfec3"}
[2019-11-25 23:58:45] UTN FRA LOGGER.INFO: metodo=PUT, URI=http%3A%2F%2Flocalhost%2FSegundo_Parcial_Programacion%2Fpublic, RUTA=ingreso%2F, autoridad=localhost [] {"uid":"7d3d784"}
[2019-11-25 23:59:01] UTN FRA LOGGER.INFO: metodo=PUT, URI=http%3A%2F%2Flocalhost%2FSegundo_Parcial_Programacion%2Fpublic, RUTA=ingreso%2F, autoridad=localhost [] {"uid":"b63103d"}
[2019-11-25 23:59:44] UTN FRA LOGGER.INFO: metodo=PUT, URI=http%3A%2F%2Flocalhost%2FSegundo_Parcial_Programacion%2Fpublic, RUTA=ingreso%2F, autoridad=localhost [] {"uid":"2f7ec5e"}
[2019-11-26 00:00:21] UTN FRA LOGGER.INFO: metodo=PUT, URI=http%3A%2F%2Flocalhost%2FSegundo_Parcial_Programacion%2Fpublic, RUTA=ingreso%2F, autoridad=localhost [] {"uid":"5dbcfdd"}
[2019-11-26 00:00:55] UTN FRA LOGGER.INFO: metodo=PUT, URI=http%3A%2F%2Flocalhost%2FSegundo_Parcial_Programacion%2Fpublic, RUTA=ingreso%2F, autoridad=localhost [] {"uid":"1db4ec6"}
[2019-11-26 00:01:13] UTN FRA LOGGER.INFO: metodo=PUT, URI=http%3A%2F%2Flocalhost%2FSegundo_Parcial_Programacion%2Fpublic, RUTA=ingreso%2F, autoridad=localhost [] {"uid":"fe34702"}
[2019-11-26 00:01:21] UTN FRA LOGGER.INFO: metodo=PUT, URI=http%3A%2F%2Flocalhost%2FSegundo_Parcial_Programacion%2Fpublic, RUTA=ingreso%2F, autoridad=localhost [] {"uid":"8dfc721"}
[2019-11-26 00:01:51] UTN FRA LOGGER.INFO: metodo=PUT, URI=http%3A%2F%2Flocalhost%2FSegundo_Parcial_Programacion%2Fpublic, RUTA=ingreso%2F, autoridad=localhost [] {"uid":"8f0aee4"}
[2019-11-26 00:02:35] UTN FRA LOGGER.INFO: metodo=PUT, URI=http%3A%2F%2Flocalhost%2FSegundo_Parcial_Programacion%2Fpublic, RUTA=ingreso%2F, autoridad=localhost [] {"uid":"dffa25b"}
[2019-11-26 00:05:53] UTN FRA LOGGER.INFO: metodo=PUT, URI=http%3A%2F%2Flocalhost%2FSegundo_Parcial_Programacion%2Fpublic, RUTA=ingreso%2F, autoridad=localhost [] {"uid":"539eed4"}
[2019-11-26 00:06:42] UTN FRA LOGGER.INFO: metodo=PUT, URI=http%3A%2F%2Flocalhost%2FSegundo_Parcial_Programacion%2Fpublic, RUTA=ingreso%2F, autoridad=localhost [] {"uid":"76b1c9f"}
[2019-11-26 00:10:10] UTN FRA LOGGER.INFO: metodo=PUT, URI=http%3A%2F%2Flocalhost%2FSegundo_Parcial_Programacion%2Fpublic, RUTA=ingreso%2F, autoridad=localhost [] {"uid":"b8cf620"}
[2019-11-26 00:11:50] UTN FRA LOGGER.INFO: metodo=PUT, URI=http%3A%2F%2Flocalhost%2FSegundo_Parcial_Programacion%2Fpublic, RUTA=ingreso%2F, autoridad=localhost [] {"uid":"4b7fbf3"}
[2019-11-26 00:12:34] UTN FRA LOGGER.INFO: metodo=PUT, URI=http%3A%2F%2Flocalhost%2FSegundo_Parcial_Programacion%2Fpublic, RUTA=ingreso%2F, autoridad=localhost [] {"uid":"a220dce"}
[2019-11-26 00:12:41] UTN FRA LOGGER.INFO: metodo=PUT, URI=http%3A%2F%2Flocalhost%2FSegundo_Parcial_Programacion%2Fpublic, RUTA=ingreso%2F, autoridad=localhost [] {"uid":"afed315"}
[2019-11-26 00:12:50] UTN FRA LOGGER.INFO: metodo=PUT, URI=http%3A%2F%2Flocalhost%2FSegundo_Parcial_Programacion%2Fpublic, RUTA=ingreso%2F, autoridad=localhost [] {"uid":"8b09023"}
[2019-11-26 00:12:57] UTN FRA LOGGER.INFO: metodo=PUT, URI=http%3A%2F%2Flocalhost%2FSegundo_Parcial_Programacion%2Fpublic, RUTA=ingreso%2F, autoridad=localhost [] {"uid":"ac7e167"}
[2019-11-26 00:13:38] UTN FRA LOGGER.INFO: metodo=PUT, URI=http%3A%2F%2Flocalhost%2FSegundo_Parcial_Programacion%2Fpublic, RUTA=ingreso%2F, autoridad=localhost [] {"uid":"0ded2e8"}
[2019-11-26 00:13:50] UTN FRA LOGGER.INFO: metodo=PUT, URI=http%3A%2F%2Flocalhost%2FSegundo_Parcial_Programacion%2Fpublic, RUTA=ingreso%2F, autoridad=localhost [] {"uid":"dc78854"}
[2019-11-26 00:14:32] UTN FRA LOGGER.INFO: metodo=PUT, URI=http%3A%2F%2Flocalhost%2FSegundo_Parcial_Programacion%2Fpublic, RUTA=ingreso%2F, autoridad=localhost [] {"uid":"0f50dcf"}
[2019-11-26 00:14:40] UTN FRA LOGGER.INFO: metodo=PUT, URI=http%3A%2F%2Flocalhost%2FSegundo_Parcial_Programacion%2Fpublic, RUTA=ingreso%2F, autoridad=localhost [] {"uid":"d739065"}
[2019-11-26 00:15:20] UTN FRA LOGGER.INFO: metodo=PUT, URI=http%3A%2F%2Flocalhost%2FSegundo_Parcial_Programacion%2Fpublic, RUTA=ingreso%2F, autoridad=localhost [] {"uid":"6b2be56"}
[2019-11-26 00:16:08] UTN FRA LOGGER.INFO: metodo=PUT, URI=http%3A%2F%2Flocalhost%2FSegundo_Parcial_Programacion%2Fpublic, RUTA=ingreso%2F, autoridad=localhost [] {"uid":"f366531"}
[2019-11-26 00:16:29] UTN FRA LOGGER.INFO: metodo=PUT, URI=http%3A%2F%2Flocalhost%2FSegundo_Parcial_Programacion%2Fpublic, RUTA=ingreso%2F, autoridad=localhost [] {"uid":"3a177f4"}
[2019-11-26 00:16:44] UTN FRA LOGGER.INFO: metodo=PUT, URI=http%3A%2F%2Flocalhost%2FSegundo_Parcial_Programacion%2Fpublic, RUTA=ingreso%2F, autoridad=localhost [] {"uid":"8d676de"}
[2019-11-26 00:17:05] UTN FRA LOGGER.INFO: metodo=PUT, URI=http%3A%2F%2Flocalhost%2FSegundo_Parcial_Programacion%2Fpublic, RUTA=ingreso%2F, autoridad=localhost [] {"uid":"a70baaa"}
[2019-11-26 00:17:32] UTN FRA LOGGER.INFO: metodo=PUT, URI=http%3A%2F%2Flocalhost%2FSegundo_Parcial_Programacion%2Fpublic, RUTA=ingreso%2F, autoridad=localhost [] {"uid":"b73b6d3"}
[2019-11-26 00:17:40] UTN FRA LOGGER.INFO: metodo=PUT, URI=http%3A%2F%2Flocalhost%2FSegundo_Parcial_Programacion%2Fpublic, RUTA=ingreso%2F, autoridad=localhost [] {"uid":"091afdc"}
[2019-11-26 00:18:11] UTN FRA LOGGER.INFO: metodo=PUT, URI=http%3A%2F%2Flocalhost%2FSegundo_Parcial_Programacion%2Fpublic, RUTA=ingreso%2F, autoridad=localhost [] {"uid":"e4fe85e"}
[2019-11-26 00:18:25] UTN FRA LOGGER.INFO: metodo=PUT, URI=http%3A%2F%2Flocalhost%2FSegundo_Parcial_Programacion%2Fpublic, RUTA=ingreso%2F, autoridad=localhost [] {"uid":"8b61c90"}
[2019-11-26 00:18:30] UTN FRA LOGGER.INFO: metodo=PUT, URI=http%3A%2F%2Flocalhost%2FSegundo_Parcial_Programacion%2Fpublic, RUTA=ingreso%2F, autoridad=localhost [] {"uid":"d8a6aec"}
[2019-11-26 00:18:37] UTN FRA LOGGER.INFO: metodo=PUT, URI=http%3A%2F%2Flocalhost%2FSegundo_Parcial_Programacion%2Fpublic, RUTA=ingreso%2F, autoridad=localhost [] {"uid":"6065e81"}
[2019-11-26 00:18:58] UTN FRA LOGGER.INFO: metodo=PUT, URI=http%3A%2F%2Flocalhost%2FSegundo_Parcial_Programacion%2Fpublic, RUTA=ingreso%2F, autoridad=localhost [] {"uid":"632426e"}
[2019-11-26 00:19:32] UTN FRA LOGGER.INFO: metodo=PUT, URI=http%3A%2F%2Flocalhost%2FSegundo_Parcial_Programacion%2Fpublic, RUTA=ingreso%2F, autoridad=localhost [] {"uid":"8ca1f6f"}
[2019-11-26 00:21:35] UTN FRA LOGGER.INFO: metodo=PUT, URI=http%3A%2F%2Flocalhost%2FSegundo_Parcial_Programacion%2Fpublic, RUTA=ingreso%2F, autoridad=localhost [] {"uid":"9ba2e82"}
[2019-11-26 00:21:59] UTN FRA LOGGER.INFO: metodo=PUT, URI=http%3A%2F%2Flocalhost%2FSegundo_Parcial_Programacion%2Fpublic, RUTA=ingreso%2F, autoridad=localhost [] {"uid":"6c21df7"}
[2019-11-26 00:22:39] UTN FRA LOGGER.INFO: metodo=PUT, URI=http%3A%2F%2Flocalhost%2FSegundo_Parcial_Programacion%2Fpublic, RUTA=ingreso%2F, autoridad=localhost [] {"uid":"c61f0a7"}
[2019-11-26 00:22:45] UTN FRA LOGGER.INFO: metodo=PUT, URI=http%3A%2F%2Flocalhost%2FSegundo_Parcial_Programacion%2Fpublic, RUTA=ingreso%2F, autoridad=localhost [] {"uid":"071cc7f"}
[2019-11-26 00:23:48] UTN FRA LOGGER.INFO: metodo=PUT, URI=http%3A%2F%2Flocalhost%2FSegundo_Parcial_Programacion%2Fpublic, RUTA=ingreso%2F, autoridad=localhost [] {"uid":"04dd259"}
[2019-11-26 00:24:36] UTN FRA LOGGER.INFO: metodo=PUT, URI=http%3A%2F%2Flocalhost%2FSegundo_Parcial_Programacion%2Fpublic, RUTA=ingreso%2F, autoridad=localhost [] {"uid":"08fffe2"}
[2019-11-26 00:25:07] UTN FRA LOGGER.INFO: metodo=PUT, URI=http%3A%2F%2Flocalhost%2FSegundo_Parcial_Programacion%2Fpublic, RUTA=ingreso%2F, autoridad=localhost [] {"uid":"a1ecfe9"}
[2019-11-26 00:25:31] UTN FRA LOGGER.INFO: metodo=GET, URI=http%3A%2F%2Flocalhost%2FSegundo_Parcial_Programacion%2Fpublic, RUTA=users%2F, autoridad=localhost [] {"uid":"c13631c"}
[2019-11-26 00:25:38] UTN FRA LOGGER.INFO: metodo=PUT, URI=http%3A%2F%2Flocalhost%2FSegundo_Parcial_Programacion%2Fpublic, RUTA=ingreso%2F, autoridad=localhost [] {"uid":"50ef153"}
[2019-11-26 00:25:44] UTN FRA LOGGER.INFO: metodo=PUT, URI=http%3A%2F%2Flocalhost%2FSegundo_Parcial_Programacion%2Fpublic, RUTA=ingreso%2F, autoridad=localhost [] {"uid":"6bfbdb2"}
[2019-11-26 00:27:03] UTN FRA LOGGER.INFO: metodo=PUT, URI=http%3A%2F%2Flocalhost%2FSegundo_Parcial_Programacion%2Fpublic, RUTA=ingreso%2F, autoridad=localhost [] {"uid":"9d6ec88"}
[2019-11-26 00:28:25] UTN FRA LOGGER.INFO: metodo=PUT, URI=http%3A%2F%2Flocalhost%2FSegundo_Parcial_Programacion%2Fpublic, RUTA=ingreso%2F, autoridad=localhost [] {"uid":"b784776"}
[2019-11-26 00:29:19] UTN FRA LOGGER.INFO: metodo=PUT, URI=http%3A%2F%2Flocalhost%2FSegundo_Parcial_Programacion%2Fpublic, RUTA=egreso%2F, autoridad=localhost [] {"uid":"ba15a7e"}
[2019-11-26 00:30:28] UTN FRA LOGGER.INFO: metodo=PUT, URI=http%3A%2F%2Flocalhost%2FSegundo_Parcial_Programacion%2Fpublic, RUTA=egreso%2F, autoridad=localhost [] {"uid":"f2c0fbb"}
[2019-11-26 00:30:40] UTN FRA LOGGER.INFO: metodo=PUT, URI=http%3A%2F%2Flocalhost%2FSegundo_Parcial_Programacion%2Fpublic, RUTA=ingreso%2F, autoridad=localhost [] {"uid":"f80ccf3"}
[2019-11-26 00:36:42] UTN FRA LOGGER.INFO: metodo=PUT, URI=http%3A%2F%2Flocalhost%2FSegundo_Parcial_Programacion%2Fpublic, RUTA=ingreso%2F, autoridad=localhost [] {"uid":"fefeb2b"}
[2019-11-26 00:37:09] UTN FRA LOGGER.INFO: metodo=PUT, URI=http%3A%2F%2Flocalhost%2FSegundo_Parcial_Programacion%2Fpublic, RUTA=ingreso%2F, autoridad=localhost [] {"uid":"e7e047d"}
[2019-11-26 00:39:18] UTN FRA LOGGER.INFO: metodo=PUT, URI=http%3A%2F%2Flocalhost%2FSegundo_Parcial_Programacion%2Fpublic, RUTA=egreso%2F, autoridad=localhost [] {"uid":"883d5f7"}
[2019-11-26 00:39:41] UTN FRA LOGGER.INFO: metodo=PUT, URI=http%3A%2F%2Flocalhost%2FSegundo_Parcial_Programacion%2Fpublic, RUTA=egreso%2F, autoridad=localhost [] {"uid":"aadaa42"}
[2019-11-26 00:39:44] UTN FRA LOGGER.INFO: metodo=PUT, URI=http%3A%2F%2Flocalhost%2FSegundo_Parcial_Programacion%2Fpublic, RUTA=ingreso%2F, autoridad=localhost [] {"uid":"ce439d0"}
[2019-11-26 00:50:33] UTN FRA LOGGER.INFO: metodo=PUT, URI=http%3A%2F%2Flocalhost%2FSegundo_Parcial_Programacion%2Fpublic, RUTA=ingreso%2F, autoridad=localhost [] {"uid":"2dc18a2"}
[2019-11-26 00:50:37] UTN FRA LOGGER.INFO: metodo=PUT, URI=http%3A%2F%2Flocalhost%2FSegundo_Parcial_Programacion%2Fpublic, RUTA=egreso%2F, autoridad=localhost [] {"uid":"4b5bf16"}
[2019-11-26 00:50:50] UTN FRA LOGGER.INFO: metodo=PUT, URI=http%3A%2F%2Flocalhost%2FSegundo_Parcial_Programacion%2Fpublic, RUTA=ingreso%2F, autoridad=localhost [] {"uid":"d9232d5"}
[2019-11-26 00:55:05] UTN FRA LOGGER.INFO: metodo=GET, URI=http%3A%2F%2Flocalhost%2FSegundo_Parcial_Programacion%2Fpublic, RUTA=ingreso%2F, autoridad=localhost [] {"uid":"eb350ad"}
[2019-11-26 00:55:20] UTN FRA LOGGER.INFO: metodo=GET, URI=http%3A%2F%2Flocalhost%2FSegundo_Parcial_Programacion%2Fpublic, RUTA=ingreso%2F, autoridad=localhost [] {"uid":"7b15078"}
[2019-11-26 00:55:33] UTN FRA LOGGER.INFO: metodo=GET, URI=http%3A%2F%2Flocalhost%2FSegundo_Parcial_Programacion%2Fpublic, RUTA=ingreso%2F, autoridad=localhost [] {"uid":"12b8e1c"}
[2019-11-26 00:55:59] UTN FRA LOGGER.INFO: metodo=GET, URI=http%3A%2F%2Flocalhost%2FSegundo_Parcial_Programacion%2Fpublic, RUTA=ingreso%2F, autoridad=localhost [] {"uid":"7bc8d88"}
[2019-11-26 00:57:58] UTN FRA LOGGER.INFO: metodo=POST, URI=http%3A%2F%2Flocalhost%2FSegundo_Parcial_Programacion%2Fpublic, RUTA=users%2F, autoridad=localhost [] {"uid":"828d2bc"}
[2019-11-26 00:58:26] UTN FRA LOGGER.INFO: metodo=POST, URI=http%3A%2F%2Flocalhost%2FSegundo_Parcial_Programacion%2Fpublic, RUTA=login%2F, autoridad=localhost [] {"uid":"f4be8ed"}
[2019-11-26 00:58:59] UTN FRA LOGGER.INFO: metodo=POST, URI=http%3A%2F%2Flocalhost%2FSegundo_Parcial_Programacion%2Fpublic, RUTA=login%2F, autoridad=localhost [] {"uid":"38e2335"}
[2019-11-26 00:59:59] UTN FRA LOGGER.INFO: metodo=GET, URI=http%3A%2F%2Flocalhost%2FSegundo_Parcial_Programacion%2Fpublic, RUTA=ingreso%2Fadmin%2F, autoridad=localhost [] {"uid":"de85458"}
[2019-11-26 01:00:22] UTN FRA LOGGER.INFO: metodo=GET, URI=http%3A%2F%2Flocalhost%2FSegundo_Parcial_Programacion%2Fpublic, RUTA=ingreso%2Fadmin%2F, autoridad=localhost [] {"uid":"7d3cb0a"}
[2019-11-26 01:00:42] UTN FRA LOGGER.INFO: metodo=GET, URI=http%3A%2F%2Flocalhost%2FSegundo_Parcial_Programacion%2Fpublic, RUTA=ingreso%2Fadmin%2F, autoridad=localhost [] {"uid":"745a94e"}
[2019-11-26 01:00:53] UTN FRA LOGGER.INFO: metodo=GET, URI=http%3A%2F%2Flocalhost%2FSegundo_Parcial_Programacion%2Fpublic, RUTA=ingreso%2Fadmin%2F, autoridad=localhost [] {"uid":"d34a65e"}
[2019-11-26 01:01:32] UTN FRA LOGGER.INFO: metodo=GET, URI=http%3A%2F%2Flocalhost%2FSegundo_Parcial_Programacion%2Fpublic, RUTA=ingreso%2Fadmin%2F, autoridad=localhost [] {"uid":"f4b5e93"}
[2019-11-26 01:29:03] UTN FRA LOGGER.INFO: metodo=GET, URI=http%3A%2F%2Flocalhost%2FSegundo_Parcial_Programacion%2Fpublic, RUTA=ingreso%2F, autoridad=localhost [] {"uid":"bbdd882"}
[2019-11-26 01:29:18] UTN FRA LOGGER.INFO: metodo=GET, URI=http%3A%2F%2Flocalhost%2FSegundo_Parcial_Programacion%2Fpublic, RUTA=ingreso%2F, autoridad=localhost [] {"uid":"48a9c5f"}
