[2019-06-13 14:22:41] UTN FRA LOGGER.INFO: ::1 [] {"uid":"ecfba35"}
[2019-06-13 14:23:14] UTN FRA LOGGER.INFO: ip :::1 [] {"uid":"f1af206"}
[2019-06-13 14:31:21] UTN FRA LOGGER.INFO: info  =Mozilla/5.0 (X11; Linux x86_64) AppleWebKit/537.36 (KHTML, like Gecko) Chrome/73.0.3683.86 Safari/537.36 [] {"uid":"2676799"}
[2019-06-13 14:31:21] UTN FRA LOGGER.INFO: ip =::1 [] {"uid":"2676799"}
[2019-06-13 14:33:01] UTN FRA LOGGER.INFO: info  =PostmanRuntime/7.1.1 [] {"uid":"1c0e970"}
[2019-06-13 14:33:01] UTN FRA LOGGER.INFO: ip =::1 [] {"uid":"1c0e970"}
[2019-06-13 14:33:04] UTN FRA LOGGER.INFO: info  =PostmanRuntime/7.1.1 [] {"uid":"e0a490b"}
[2019-06-13 14:33:04] UTN FRA LOGGER.INFO: ip =::1 [] {"uid":"e0a490b"}
[2019-06-13 14:33:08] UTN FRA LOGGER.INFO: info  =PostmanRuntime/7.1.1 [] {"uid":"5792b8b"}
[2019-06-13 14:33:08] UTN FRA LOGGER.INFO: ip =::1 [] {"uid":"5792b8b"}
[2019-06-13 14:33:14] UTN FRA LOGGER.INFO: info  =PostmanRuntime/7.1.1 [] {"uid":"c3f3041"}
[2019-06-13 14:33:14] UTN FRA LOGGER.INFO: ip =::1 [] {"uid":"c3f3041"}
[2019-06-13 14:41:27] UTN FRA LOGGER.INFO: info  =Mozilla/5.0 (X11; Linux x86_64; rv:60.0) Gecko/20100101 Firefox/60.0 [] {"uid":"d971c69"}
[2019-06-13 14:41:27] UTN FRA LOGGER.INFO: ip =127.0.0.1 [] {"uid":"d971c69"}
[2019-06-13 14:46:20] UTN FRA LOGGER.INFO: info  =Mozilla/5.0 (X11; Linux x86_64; rv:60.0) Gecko/20100101 Firefox/60.0 [] {"uid":"01737b9"}
[2019-06-13 14:46:20] UTN FRA LOGGER.INFO: ip =127.0.0.1 [] {"uid":"01737b9"}
[2019-06-13 14:48:37] UTN FRA LOGGER.INFO: info  =Mozilla/5.0 (X11; Linux x86_64) AppleWebKit/537.36 (KHTML, like Gecko) Chrome/50.0.2661.76 YaBrowser/16.6.0.6383 (beta) Safari/537.36 [] {"uid":"5d9f7e5"}
[2019-06-13 14:48:37] UTN FRA LOGGER.INFO: ip =::1 [] {"uid":"5d9f7e5"}
[2019-06-13 14:48:52] UTN FRA LOGGER.INFO: info  =Mozilla/5.0 (X11; Linux x86_64) AppleWebKit/537.36 (KHTML, like Gecko) Chrome/50.0.2661.76 YaBrowser/16.6.0.6383 (beta) Safari/537.36 [] {"uid":"f6cdba9"}
[2019-06-13 14:48:52] UTN FRA LOGGER.INFO: ip =::1 [] {"uid":"f6cdba9"}
[2019-06-13 14:48:59] UTN FRA LOGGER.INFO: info  =Mozilla/5.0 (X11; Linux x86_64) AppleWebKit/537.36 (KHTML, like Gecko) Chrome/50.0.2661.76 YaBrowser/16.6.0.6383 (beta) Safari/537.36 [] {"uid":"7fb9fe5"}
[2019-06-13 14:48:59] UTN FRA LOGGER.INFO: ip =::1 [] {"uid":"7fb9fe5"}
[2019-06-13 14:50:12] UTN FRA LOGGER.INFO: info  =Mozilla/5.0 (X11; Linux x86_64) AppleWebKit/537.36 (KHTML, like Gecko) Chrome/71.0.3578.98 Safari/537.36 OPR/58.0.3135.107 [] {"uid":"05adba9"}
[2019-06-13 14:50:13] UTN FRA LOGGER.INFO: ip =::1 [] {"uid":"05adba9"}
[2019-06-13 14:51:49] UTN FRA LOGGER.INFO: info  =Mozilla/5.0 (X11; Linux x86_64) AppleWebKit/537.36 (KHTML, like Gecko) Chrome/73.0.3683.86 Safari/537.36 [] {"uid":"4869fa1"}
[2019-06-13 14:51:49] UTN FRA LOGGER.INFO: ip =::1 [] {"uid":"4869fa1"}
[2019-06-13 14:52:04] UTN FRA LOGGER.INFO: info  =PostmanRuntime/7.1.1 [] {"uid":"955f892"}
[2019-06-13 14:52:04] UTN FRA LOGGER.INFO: ip =::1 [] {"uid":"955f892"}
[2019-06-13 14:52:24] UTN FRA LOGGER.INFO: Datos  =PostmanRuntime/7.1.1 [] {"uid":"3d3557f"}
[2019-06-13 14:52:24] UTN FRA LOGGER.INFO: ip =::1 [] {"uid":"3d3557f"}
[2019-06-13 14:52:34] UTN FRA LOGGER.INFO: Datos  =Mozilla/5.0 (X11; Linux x86_64) AppleWebKit/537.36 (KHTML, like Gecko) Chrome/71.0.3578.98 Safari/537.36 OPR/58.0.3135.107 [] {"uid":"521a87e"}
[2019-06-13 14:52:34] UTN FRA LOGGER.INFO: ip =::1 [] {"uid":"521a87e"}
[2019-06-13 14:54:41] UTN FRA LOGGER.INFO: Datos  =Mozilla/5.0 (X11; Linux x86_64) AppleWebKit/537.36 (KHTML, like Gecko) Chrome/73.0.3683.86 Safari/537.36 [] {"uid":"15b9fd3"}
[2019-06-13 14:54:41] UTN FRA LOGGER.INFO: ip =::1 [] {"uid":"15b9fd3"}
[2019-06-13 15:40:36] UTN FRA LOGGER.INFO: Datos  =Mozilla/5.0 (X11; Linux x86_64) AppleWebKit/537.36 (KHTML, like Gecko) Chrome/73.0.3683.86 Safari/537.36 [] {"uid":"bbb9226"}
[2019-06-13 15:40:36] UTN FRA LOGGER.INFO: ip =::1 [] {"uid":"bbb9226"}
[2019-06-13 15:40:42] UTN FRA LOGGER.INFO: Datos  =Mozilla/5.0 (X11; Linux x86_64) AppleWebKit/537.36 (KHTML, like Gecko) Chrome/73.0.3683.86 Safari/537.36 [] {"uid":"d5105f7"}
[2019-06-13 15:40:42] UTN FRA LOGGER.INFO: ip =::1 [] {"uid":"d5105f7"}
[2019-06-13 15:41:29] UTN FRA LOGGER.INFO: Datos  =Mozilla/5.0 (X11; Linux x86_64) AppleWebKit/537.36 (KHTML, like Gecko) Chrome/73.0.3683.86 Safari/537.36 [] {"uid":"e12c6d8"}
[2019-06-13 15:41:29] UTN FRA LOGGER.INFO: ip =::1 [] {"uid":"e12c6d8"}
[2019-06-13 15:42:30] UTN FRA LOGGER.INFO: Datos  =Mozilla/5.0 (X11; Linux x86_64) AppleWebKit/537.36 (KHTML, like Gecko) Chrome/73.0.3683.86 Safari/537.36 [] {"uid":"36ef6fa"}
[2019-06-13 15:42:30] UTN FRA LOGGER.INFO: ip =::1 [] {"uid":"36ef6fa"}
[2019-06-13 15:45:52] UTN FRA LOGGER.INFO: Datos  =Mozilla/5.0 (X11; Linux x86_64) AppleWebKit/537.36 (KHTML, like Gecko) Chrome/73.0.3683.86 Safari/537.36 [] {"uid":"452e00c"}
[2019-06-13 15:45:52] UTN FRA LOGGER.INFO: ip =::1 [] {"uid":"452e00c"}
[2019-06-13 15:46:48] UTN FRA LOGGER.INFO: Datos  =Mozilla/5.0 (X11; Linux x86_64) AppleWebKit/537.36 (KHTML, like Gecko) Chrome/73.0.3683.86 Safari/537.36 [] {"uid":"accaf17"}
[2019-06-13 15:46:48] UTN FRA LOGGER.INFO: ip =::1 [] {"uid":"accaf17"}
[2019-06-13 15:46:49] UTN FRA LOGGER.INFO: Datos  =Mozilla/5.0 (X11; Linux x86_64) AppleWebKit/537.36 (KHTML, like Gecko) Chrome/73.0.3683.86 Safari/537.36 [] {"uid":"2977b9f"}
[2019-06-13 15:46:49] UTN FRA LOGGER.INFO: ip =::1 [] {"uid":"2977b9f"}
[2019-06-13 15:46:50] UTN FRA LOGGER.INFO: Datos  =Mozilla/5.0 (X11; Linux x86_64) AppleWebKit/537.36 (KHTML, like Gecko) Chrome/73.0.3683.86 Safari/537.36 [] {"uid":"5b1fbcd"}
[2019-06-13 15:46:50] UTN FRA LOGGER.INFO: ip =::1 [] {"uid":"5b1fbcd"}
[2019-06-13 15:47:05] UTN FRA LOGGER.INFO: Datos  =Mozilla/5.0 (X11; Linux x86_64) AppleWebKit/537.36 (KHTML, like Gecko) Chrome/73.0.3683.86 Safari/537.36 [] {"uid":"618e906"}
[2019-06-13 15:47:05] UTN FRA LOGGER.INFO: ip =::1 [] {"uid":"618e906"}
[2019-06-13 15:47:10] UTN FRA LOGGER.INFO: Datos  =Mozilla/5.0 (X11; Linux x86_64) AppleWebKit/537.36 (KHTML, like Gecko) Chrome/73.0.3683.86 Safari/537.36 [] {"uid":"e6f850c"}
[2019-06-13 15:47:10] UTN FRA LOGGER.INFO: ip =::1 [] {"uid":"e6f850c"}
[2019-06-13 15:47:16] UTN FRA LOGGER.INFO: Datos  =Mozilla/5.0 (X11; Linux x86_64) AppleWebKit/537.36 (KHTML, like Gecko) Chrome/73.0.3683.86 Safari/537.36 [] {"uid":"6080469"}
[2019-06-13 15:47:16] UTN FRA LOGGER.INFO: ip =::1 [] {"uid":"6080469"}
[2019-06-13 15:47:52] UTN FRA LOGGER.INFO: Datos  =Mozilla/5.0 (X11; Linux x86_64) AppleWebKit/537.36 (KHTML, like Gecko) Chrome/73.0.3683.86 Safari/537.36 [] {"uid":"be829a8"}
[2019-06-13 15:47:52] UTN FRA LOGGER.INFO: ip =::1 [] {"uid":"be829a8"}
[2019-06-13 15:47:55] UTN FRA LOGGER.INFO: Datos  =Mozilla/5.0 (X11; Linux x86_64) AppleWebKit/537.36 (KHTML, like Gecko) Chrome/73.0.3683.86 Safari/537.36 [] {"uid":"8f497ca"}
[2019-06-13 15:47:55] UTN FRA LOGGER.INFO: ip =::1 [] {"uid":"8f497ca"}
[2019-06-13 15:48:12] UTN FRA LOGGER.INFO: Datos  =Mozilla/5.0 (X11; Linux x86_64) AppleWebKit/537.36 (KHTML, like Gecko) Chrome/73.0.3683.86 Safari/537.36 [] {"uid":"9e48c5a"}
[2019-06-13 15:48:12] UTN FRA LOGGER.INFO: ip =::1 [] {"uid":"9e48c5a"}
[2019-06-13 15:48:15] UTN FRA LOGGER.INFO: Datos  =Mozilla/5.0 (X11; Linux x86_64) AppleWebKit/537.36 (KHTML, like Gecko) Chrome/73.0.3683.86 Safari/537.36 [] {"uid":"b916695"}
[2019-06-13 15:48:15] UTN FRA LOGGER.INFO: ip =::1 [] {"uid":"b916695"}
[2019-06-13 15:50:55] UTN FRA LOGGER.INFO: Datos  =Mozilla/5.0 (X11; Linux x86_64) AppleWebKit/537.36 (KHTML, like Gecko) Chrome/73.0.3683.86 Safari/537.36 [] {"uid":"1dd5fc6"}
[2019-06-13 15:50:55] UTN FRA LOGGER.INFO: ip =::1 [] {"uid":"1dd5fc6"}
[2019-06-13 15:51:28] UTN FRA LOGGER.INFO: Datos  =Mozilla/5.0 (X11; Linux x86_64) AppleWebKit/537.36 (KHTML, like Gecko) Chrome/73.0.3683.86 Safari/537.36 [] {"uid":"458c08c"}
[2019-06-13 15:51:28] UTN FRA LOGGER.INFO: ip =::1 [] {"uid":"458c08c"}
[2019-06-13 15:51:33] UTN FRA LOGGER.INFO: Datos  =Mozilla/5.0 (X11; Linux x86_64) AppleWebKit/537.36 (KHTML, like Gecko) Chrome/73.0.3683.86 Safari/537.36 [] {"uid":"c57b200"}
[2019-06-13 15:51:33] UTN FRA LOGGER.INFO: ip =::1 [] {"uid":"c57b200"}
[2019-06-13 15:53:23] UTN FRA LOGGER.INFO: Datos  =Mozilla/5.0 (X11; Linux x86_64) AppleWebKit/537.36 (KHTML, like Gecko) Chrome/73.0.3683.86 Safari/537.36 [] {"uid":"903207f"}
[2019-06-13 15:53:23] UTN FRA LOGGER.INFO: ip =::1 [] {"uid":"903207f"}
[2019-06-13 15:53:26] UTN FRA LOGGER.INFO: Datos  =Mozilla/5.0 (X11; Linux x86_64) AppleWebKit/537.36 (KHTML, like Gecko) Chrome/73.0.3683.86 Safari/537.36 [] {"uid":"3a71660"}
[2019-06-13 15:53:26] UTN FRA LOGGER.INFO: ip =::1 [] {"uid":"3a71660"}
[2019-06-13 15:54:00] UTN FRA LOGGER.INFO: Datos  =Mozilla/5.0 (X11; Linux x86_64) AppleWebKit/537.36 (KHTML, like Gecko) Chrome/73.0.3683.86 Safari/537.36 [] {"uid":"b363313"}
[2019-06-13 15:54:00] UTN FRA LOGGER.INFO: ip =::1 [] {"uid":"b363313"}
[2019-06-13 15:54:01] UTN FRA LOGGER.INFO: Datos  =Mozilla/5.0 (X11; Linux x86_64) AppleWebKit/537.36 (KHTML, like Gecko) Chrome/73.0.3683.86 Safari/537.36 [] {"uid":"a1ab03e"}
[2019-06-13 15:54:01] UTN FRA LOGGER.INFO: ip =::1 [] {"uid":"a1ab03e"}
[2019-06-13 15:54:01] UTN FRA LOGGER.INFO: Datos  =Mozilla/5.0 (X11; Linux x86_64) AppleWebKit/537.36 (KHTML, like Gecko) Chrome/73.0.3683.86 Safari/537.36 [] {"uid":"74bb1fc"}
[2019-06-13 15:54:01] UTN FRA LOGGER.INFO: ip =::1 [] {"uid":"74bb1fc"}
[2019-06-13 15:54:01] UTN FRA LOGGER.INFO: Datos  =Mozilla/5.0 (X11; Linux x86_64) AppleWebKit/537.36 (KHTML, like Gecko) Chrome/73.0.3683.86 Safari/537.36 [] {"uid":"e07b9d7"}
[2019-06-13 15:54:01] UTN FRA LOGGER.INFO: ip =::1 [] {"uid":"e07b9d7"}
[2019-06-13 15:54:01] UTN FRA LOGGER.INFO: Datos  =Mozilla/5.0 (X11; Linux x86_64) AppleWebKit/537.36 (KHTML, like Gecko) Chrome/73.0.3683.86 Safari/537.36 [] {"uid":"b3e7a0b"}
[2019-06-13 15:54:01] UTN FRA LOGGER.INFO: ip =::1 [] {"uid":"b3e7a0b"}
[2019-06-13 15:54:02] UTN FRA LOGGER.INFO: Datos  =Mozilla/5.0 (X11; Linux x86_64) AppleWebKit/537.36 (KHTML, like Gecko) Chrome/73.0.3683.86 Safari/537.36 [] {"uid":"e6fa77e"}
[2019-06-13 15:54:02] UTN FRA LOGGER.INFO: ip =::1 [] {"uid":"e6fa77e"}
[2019-06-13 15:54:02] UTN FRA LOGGER.INFO: Datos  =Mozilla/5.0 (X11; Linux x86_64) AppleWebKit/537.36 (KHTML, like Gecko) Chrome/73.0.3683.86 Safari/537.36 [] {"uid":"262fbd8"}
[2019-06-13 15:54:02] UTN FRA LOGGER.INFO: ip =::1 [] {"uid":"262fbd8"}
[2019-06-13 15:54:29] UTN FRA LOGGER.INFO: Datos  =Mozilla/5.0 (X11; Linux x86_64) AppleWebKit/537.36 (KHTML, like Gecko) Chrome/73.0.3683.86 Safari/537.36 [] {"uid":"69026c5"}
[2019-06-13 15:54:29] UTN FRA LOGGER.INFO: ip =::1 [] {"uid":"69026c5"}
[2019-06-13 15:54:53] UTN FRA LOGGER.INFO: Datos  =Mozilla/5.0 (X11; Linux x86_64) AppleWebKit/537.36 (KHTML, like Gecko) Chrome/73.0.3683.86 Safari/537.36 [] {"uid":"7f80bac"}
[2019-06-13 15:54:53] UTN FRA LOGGER.INFO: ip =::1 [] {"uid":"7f80bac"}
[2019-06-13 16:14:20] UTN FRA LOGGER.INFO: Datos  =PostmanRuntime/7.1.1 [] {"uid":"f37f107"}
[2019-06-13 16:14:20] UTN FRA LOGGER.INFO: ip =::1 [] {"uid":"f37f107"}
[2019-06-13 16:14:25] UTN FRA LOGGER.INFO: Datos  =PostmanRuntime/7.1.1 [] {"uid":"f86c548"}
[2019-06-13 16:14:25] UTN FRA LOGGER.INFO: ip =::1 [] {"uid":"f86c548"}
[2019-06-13 16:16:52] UTN FRA LOGGER.INFO: Datos  =PostmanRuntime/7.1.1 [] {"uid":"cfce916"}
[2019-06-13 16:16:52] UTN FRA LOGGER.INFO: ip =::1 [] {"uid":"cfce916"}
[2019-06-13 16:16:56] UTN FRA LOGGER.INFO: Datos  =PostmanRuntime/7.1.1 [] {"uid":"24b074c"}
[2019-06-13 16:16:56] UTN FRA LOGGER.INFO: ip =::1 [] {"uid":"24b074c"}
[2019-06-13 16:17:07] UTN FRA LOGGER.INFO: Datos  =PostmanRuntime/7.1.1 [] {"uid":"fecc8fc"}
[2019-06-13 16:17:07] UTN FRA LOGGER.INFO: ip =::1 [] {"uid":"fecc8fc"}
[2019-06-13 16:19:09] UTN FRA LOGGER.INFO: Datos  =Mozilla/5.0 (X11; Linux x86_64) AppleWebKit/537.36 (KHTML, like Gecko) Chrome/73.0.3683.86 Safari/537.36 [] {"uid":"e2193d4"}
[2019-06-13 16:19:09] UTN FRA LOGGER.INFO: ip =::1 [] {"uid":"e2193d4"}
[2019-06-13 16:19:58] UTN FRA LOGGER.INFO: Datos  =Mozilla/5.0 (X11; Linux x86_64) AppleWebKit/537.36 (KHTML, like Gecko) Chrome/73.0.3683.86 Safari/537.36 [] {"uid":"d83d781"}
[2019-06-13 16:19:58] UTN FRA LOGGER.INFO: ip =::1 [] {"uid":"d83d781"}
[2019-06-13 16:20:00] UTN FRA LOGGER.INFO: Datos  =Mozilla/5.0 (X11; Linux x86_64) AppleWebKit/537.36 (KHTML, like Gecko) Chrome/73.0.3683.86 Safari/537.36 [] {"uid":"89e32cc"}
[2019-06-13 16:20:00] UTN FRA LOGGER.INFO: ip =::1 [] {"uid":"89e32cc"}
[2019-06-13 16:20:32] UTN FRA LOGGER.INFO: Datos  =Mozilla/5.0 (X11; Linux x86_64) AppleWebKit/537.36 (KHTML, like Gecko) Chrome/73.0.3683.86 Safari/537.36 [] {"uid":"434586f"}
[2019-06-13 16:20:32] UTN FRA LOGGER.INFO: ip =::1 [] {"uid":"434586f"}
[2019-06-13 16:20:40] UTN FRA LOGGER.INFO: Datos  =PostmanRuntime/7.1.1 [] {"uid":"87cac8e"}
[2019-06-13 16:20:40] UTN FRA LOGGER.INFO: ip =::1 [] {"uid":"87cac8e"}
[2019-11-10 17:35:29] UTN FRA LOGGER.INFO: Datos  =PostmanRuntime/7.19.0 [] {"uid":"432d16e"}
[2019-11-10 17:35:29] UTN FRA LOGGER.INFO: ip =::1 [] {"uid":"432d16e"}
[2019-11-10 17:37:50] UTN FRA LOGGER.INFO: Datos  =PostmanRuntime/7.19.0 [] {"uid":"63e245f"}
[2019-11-10 17:37:50] UTN FRA LOGGER.INFO: ip =::1 [] {"uid":"63e245f"}
[2019-11-10 17:50:46] UTN FRA LOGGER.INFO: Datos  =PostmanRuntime/7.19.0 [] {"uid":"583d928"}
[2019-11-10 17:50:46] UTN FRA LOGGER.INFO: ip =::1 [] {"uid":"583d928"}
[2019-11-10 17:51:29] UTN FRA LOGGER.INFO: Datos  =PostmanRuntime/7.19.0 [] {"uid":"e7a39ab"}
[2019-11-10 17:51:29] UTN FRA LOGGER.INFO: ip =::1 [] {"uid":"e7a39ab"}
[2019-11-10 17:53:35] UTN FRA LOGGER.INFO: Datos  =PostmanRuntime/7.19.0 [] {"uid":"f18f1a2"}
[2019-11-10 17:53:35] UTN FRA LOGGER.INFO: ip =::1 [] {"uid":"f18f1a2"}
[2019-11-10 18:21:33] UTN FRA LOGGER.INFO: Datos  =PostmanRuntime/7.19.0 [] {"uid":"2339e4a"}
[2019-11-10 18:21:33] UTN FRA LOGGER.INFO: ip =::1 [] {"uid":"2339e4a"}
[2019-11-10 18:21:53] UTN FRA LOGGER.INFO: Datos  =PostmanRuntime/7.19.0 [] {"uid":"200b938"}
[2019-11-10 18:21:53] UTN FRA LOGGER.INFO: ip =::1 [] {"uid":"200b938"}
[2019-11-10 18:24:27] UTN FRA LOGGER.INFO: Datos  =PostmanRuntime/7.19.0 [] {"uid":"a03e014"}
[2019-11-10 18:24:27] UTN FRA LOGGER.INFO: ip =::1 [] {"uid":"a03e014"}
[2019-11-10 18:24:33] UTN FRA LOGGER.INFO: Datos  =PostmanRuntime/7.19.0 [] {"uid":"1b0ac0d"}
[2019-11-10 18:24:33] UTN FRA LOGGER.INFO: ip =::1 [] {"uid":"1b0ac0d"}
[2019-11-10 18:24:38] UTN FRA LOGGER.INFO: Datos  =PostmanRuntime/7.19.0 [] {"uid":"44f1a4b"}
[2019-11-10 18:24:38] UTN FRA LOGGER.INFO: ip =::1 [] {"uid":"44f1a4b"}
[2019-11-10 18:24:43] UTN FRA LOGGER.INFO: Datos  =PostmanRuntime/7.19.0 [] {"uid":"ab69061"}
[2019-11-10 18:24:43] UTN FRA LOGGER.INFO: ip =::1 [] {"uid":"ab69061"}
[2019-11-10 18:25:03] UTN FRA LOGGER.INFO: Datos  =PostmanRuntime/7.19.0 [] {"uid":"ce38970"}
[2019-11-10 18:25:03] UTN FRA LOGGER.INFO: ip =::1 [] {"uid":"ce38970"}
[2019-11-10 18:26:34] UTN FRA LOGGER.INFO: Datos  =PostmanRuntime/7.19.0 [] {"uid":"cc932cc"}
[2019-11-10 18:26:34] UTN FRA LOGGER.INFO: ip =::1 [] {"uid":"cc932cc"}
[2019-11-10 18:26:39] UTN FRA LOGGER.INFO: Datos  =PostmanRuntime/7.19.0 [] {"uid":"44f8f06"}
[2019-11-10 18:26:39] UTN FRA LOGGER.INFO: ip =::1 [] {"uid":"44f8f06"}
[2019-11-10 18:26:52] UTN FRA LOGGER.INFO: Datos  =PostmanRuntime/7.19.0 [] {"uid":"29c172d"}
[2019-11-10 18:26:52] UTN FRA LOGGER.INFO: ip =::1 [] {"uid":"29c172d"}
[2019-11-10 18:27:11] UTN FRA LOGGER.INFO: Datos  =PostmanRuntime/7.19.0 [] {"uid":"80606e2"}
[2019-11-10 18:27:11] UTN FRA LOGGER.INFO: ip =::1 [] {"uid":"80606e2"}
[2019-11-10 18:27:32] UTN FRA LOGGER.INFO: Datos  =PostmanRuntime/7.19.0 [] {"uid":"df02b1d"}
[2019-11-10 18:27:32] UTN FRA LOGGER.INFO: ip =::1 [] {"uid":"df02b1d"}
[2019-11-10 18:30:34] UTN FRA LOGGER.INFO: Datos  =PostmanRuntime/7.19.0 [] {"uid":"d39c126"}
[2019-11-10 18:30:34] UTN FRA LOGGER.INFO: ip =::1 [] {"uid":"d39c126"}
[2019-11-24 22:18:33] UTN FRA LOGGER.INFO: Datos  =PostmanRuntime/7.19.0 [] {"uid":"2c5e3ac"}
[2019-11-24 22:18:34] UTN FRA LOGGER.INFO: ip =::1 [] {"uid":"2c5e3ac"}
[2019-11-24 22:18:38] UTN FRA LOGGER.INFO: Datos  =PostmanRuntime/7.19.0 [] {"uid":"c0c147d"}
[2019-11-24 22:18:38] UTN FRA LOGGER.INFO: ip =::1 [] {"uid":"c0c147d"}
[2019-11-24 22:18:45] UTN FRA LOGGER.INFO: Datos  =PostmanRuntime/7.19.0 [] {"uid":"458e156"}
[2019-11-24 22:18:45] UTN FRA LOGGER.INFO: ip =::1 [] {"uid":"458e156"}
[2019-11-24 22:25:19] UTN FRA LOGGER.INFO: Datos  =PostmanRuntime/7.19.0 [] {"uid":"bd9d8f4"}
[2019-11-24 22:25:19] UTN FRA LOGGER.INFO: ip =::1 [] {"uid":"bd9d8f4"}
[2019-11-24 22:29:57] UTN FRA LOGGER.INFO: Datos  =PostmanRuntime/7.19.0 [] {"uid":"c1f273b"}
[2019-11-24 22:29:57] UTN FRA LOGGER.INFO: ip =::1 [] {"uid":"c1f273b"}
[2019-11-24 22:30:24] UTN FRA LOGGER.INFO: Datos  =PostmanRuntime/7.19.0 [] {"uid":"c142b77"}
[2019-11-24 22:30:24] UTN FRA LOGGER.INFO: ip =::1 [] {"uid":"c142b77"}
[2019-11-24 22:30:47] UTN FRA LOGGER.INFO: Datos  =PostmanRuntime/7.19.0 [] {"uid":"9703ceb"}
[2019-11-24 22:30:47] UTN FRA LOGGER.INFO: ip =::1 [] {"uid":"9703ceb"}
[2019-11-24 22:31:14] UTN FRA LOGGER.INFO: Datos  =PostmanRuntime/7.19.0 [] {"uid":"bfcfcdc"}
[2019-11-24 22:31:14] UTN FRA LOGGER.INFO: ip =::1 [] {"uid":"bfcfcdc"}
[2019-11-24 22:31:37] UTN FRA LOGGER.INFO: Datos  =PostmanRuntime/7.19.0 [] {"uid":"e31f7d4"}
[2019-11-24 22:31:37] UTN FRA LOGGER.INFO: ip =::1 [] {"uid":"e31f7d4"}
[2019-11-24 22:32:10] UTN FRA LOGGER.INFO: Datos  =PostmanRuntime/7.19.0 [] {"uid":"5b18ff7"}
[2019-11-24 22:32:10] UTN FRA LOGGER.INFO: ip =::1 [] {"uid":"5b18ff7"}
[2019-11-24 22:32:27] UTN FRA LOGGER.INFO: Datos  =PostmanRuntime/7.19.0 [] {"uid":"10e37b8"}
[2019-11-24 22:32:27] UTN FRA LOGGER.INFO: ip =::1 [] {"uid":"10e37b8"}
[2019-11-24 22:34:28] UTN FRA LOGGER.INFO: Datos  =PostmanRuntime/7.19.0 [] {"uid":"32da3b1"}
[2019-11-24 22:34:28] UTN FRA LOGGER.INFO: ip =::1 [] {"uid":"32da3b1"}
[2019-11-24 22:35:43] UTN FRA LOGGER.INFO: Datos  =PostmanRuntime/7.19.0 [] {"uid":"ab15cf9"}
[2019-11-24 22:35:43] UTN FRA LOGGER.INFO: ip =::1 [] {"uid":"ab15cf9"}
[2019-11-24 22:36:12] UTN FRA LOGGER.INFO: Datos  =PostmanRuntime/7.19.0 [] {"uid":"5e71e21"}
[2019-11-24 22:36:12] UTN FRA LOGGER.INFO: ip =::1 [] {"uid":"5e71e21"}
[2019-11-24 22:36:29] UTN FRA LOGGER.INFO: Datos  =PostmanRuntime/7.19.0 [] {"uid":"a1a2557"}
[2019-11-24 22:36:29] UTN FRA LOGGER.INFO: ip =::1 [] {"uid":"a1a2557"}
[2019-11-24 22:36:45] UTN FRA LOGGER.INFO: Datos  =PostmanRuntime/7.19.0 [] {"uid":"416977a"}
[2019-11-24 22:36:45] UTN FRA LOGGER.INFO: ip =::1 [] {"uid":"416977a"}
[2019-11-24 22:37:37] UTN FRA LOGGER.INFO: Datos  =PostmanRuntime/7.19.0 [] {"uid":"441bc9e"}
[2019-11-24 22:37:37] UTN FRA LOGGER.INFO: ip =::1 [] {"uid":"441bc9e"}
[2019-11-24 22:38:28] UTN FRA LOGGER.INFO: Datos  =PostmanRuntime/7.19.0 [] {"uid":"e130e98"}
[2019-11-24 22:38:28] UTN FRA LOGGER.INFO: ip =::1 [] {"uid":"e130e98"}
[2019-11-24 22:39:06] UTN FRA LOGGER.INFO: Datos  =PostmanRuntime/7.19.0 [] {"uid":"2335593"}
[2019-11-24 22:39:06] UTN FRA LOGGER.INFO: ip =::1 [] {"uid":"2335593"}
[2019-11-24 22:39:59] UTN FRA LOGGER.INFO: Datos  =PostmanRuntime/7.19.0 [] {"uid":"cbbcc27"}
[2019-11-24 22:39:59] UTN FRA LOGGER.INFO: ip =::1 [] {"uid":"cbbcc27"}
[2019-11-24 22:40:26] UTN FRA LOGGER.INFO: Datos  =PostmanRuntime/7.19.0 [] {"uid":"3892a83"}
[2019-11-24 22:40:26] UTN FRA LOGGER.INFO: ip =::1 [] {"uid":"3892a83"}
[2019-11-24 22:41:13] UTN FRA LOGGER.INFO: Datos  =PostmanRuntime/7.19.0 [] {"uid":"9eba065"}
[2019-11-24 22:41:13] UTN FRA LOGGER.INFO: ip =::1 [] {"uid":"9eba065"}
[2019-11-24 22:41:26] UTN FRA LOGGER.INFO: Datos  =PostmanRuntime/7.19.0 [] {"uid":"706f1b6"}
[2019-11-24 22:41:26] UTN FRA LOGGER.INFO: ip =::1 [] {"uid":"706f1b6"}
[2019-11-24 23:09:54] UTN FRA LOGGER.INFO: Datos  =PostmanRuntime/7.19.0 [] {"uid":"2fc0714"}
[2019-11-24 23:09:54] UTN FRA LOGGER.INFO: ip =::1 [] {"uid":"2fc0714"}
[2019-11-24 23:10:35] UTN FRA LOGGER.INFO: Datos  =PostmanRuntime/7.19.0 [] {"uid":"ee5a197"}
[2019-11-24 23:10:35] UTN FRA LOGGER.INFO: ip =::1 [] {"uid":"ee5a197"}
[2019-11-24 23:11:38] UTN FRA LOGGER.INFO: Datos  =PostmanRuntime/7.19.0 [] {"uid":"3a0ddf6"}
[2019-11-24 23:11:38] UTN FRA LOGGER.INFO: ip =::1 [] {"uid":"3a0ddf6"}
[2019-11-24 23:12:28] UTN FRA LOGGER.INFO: Datos  =PostmanRuntime/7.19.0 [] {"uid":"64071ee"}
[2019-11-24 23:12:28] UTN FRA LOGGER.INFO: ip =::1 [] {"uid":"64071ee"}
[2019-11-24 23:15:10] UTN FRA LOGGER.INFO: Datos  =PostmanRuntime/7.19.0 [] {"uid":"11431f4"}
[2019-11-24 23:15:10] UTN FRA LOGGER.INFO: ip =::1 [] {"uid":"11431f4"}
[2019-11-24 23:17:26] UTN FRA LOGGER.INFO: Datos  =PostmanRuntime/7.19.0 [] {"uid":"4f725dc"}
[2019-11-24 23:17:26] UTN FRA LOGGER.INFO: ip =::1 [] {"uid":"4f725dc"}
[2019-11-24 23:48:56] UTN FRA LOGGER.INFO: Datos  =PostmanRuntime/7.19.0 [] {"uid":"69b5ce2"}
[2019-11-24 23:48:56] UTN FRA LOGGER.INFO: ip =::1 [] {"uid":"69b5ce2"}
[2019-11-24 23:49:28] UTN FRA LOGGER.INFO: Datos  =PostmanRuntime/7.19.0 [] {"uid":"d629804"}
[2019-11-24 23:49:28] UTN FRA LOGGER.INFO: ip =::1 [] {"uid":"d629804"}
[2019-11-24 23:50:15] UTN FRA LOGGER.INFO: Datos  =PostmanRuntime/7.19.0 [] {"uid":"6aa2d1a"}
[2019-11-24 23:50:15] UTN FRA LOGGER.INFO: ip =::1 [] {"uid":"6aa2d1a"}
[2019-11-24 23:53:36] UTN FRA LOGGER.INFO: Datos  =PostmanRuntime/7.19.0 [] {"uid":"295f24a"}
[2019-11-24 23:53:36] UTN FRA LOGGER.INFO: ip =::1 [] {"uid":"295f24a"}
[2019-11-24 23:53:45] UTN FRA LOGGER.INFO: Datos  =PostmanRuntime/7.19.0 [] {"uid":"8239e80"}
[2019-11-24 23:53:45] UTN FRA LOGGER.INFO: ip =::1 [] {"uid":"8239e80"}
[2019-11-24 23:54:04] UTN FRA LOGGER.INFO: Datos  =PostmanRuntime/7.19.0 [] {"uid":"fcc4ebd"}
[2019-11-24 23:54:04] UTN FRA LOGGER.INFO: ip =::1 [] {"uid":"fcc4ebd"}
[2019-11-24 23:56:25] UTN FRA LOGGER.INFO: Datos  =PostmanRuntime/7.19.0 [] {"uid":"81e800c"}
[2019-11-24 23:56:25] UTN FRA LOGGER.INFO: ip =::1 [] {"uid":"81e800c"}
[2019-11-24 23:56:42] UTN FRA LOGGER.INFO: Datos  =PostmanRuntime/7.19.0 [] {"uid":"96fd8de"}
[2019-11-24 23:56:42] UTN FRA LOGGER.INFO: ip =::1 [] {"uid":"96fd8de"}
[2019-11-24 23:57:19] UTN FRA LOGGER.INFO: Datos  =PostmanRuntime/7.19.0 [] {"uid":"023543d"}
[2019-11-24 23:57:19] UTN FRA LOGGER.INFO: ip =::1 [] {"uid":"023543d"}
[2019-11-25 00:01:20] UTN FRA LOGGER.INFO: Datos  =PostmanRuntime/7.19.0 [] {"uid":"a344f58"}
[2019-11-25 00:01:20] UTN FRA LOGGER.INFO: ip =::1 [] {"uid":"a344f58"}
[2019-11-25 00:02:56] UTN FRA LOGGER.INFO: Datos  =PostmanRuntime/7.19.0 [] {"uid":"608cdf6"}
[2019-11-25 00:02:56] UTN FRA LOGGER.INFO: ip =::1 [] {"uid":"608cdf6"}
[2019-11-25 00:05:35] UTN FRA LOGGER.INFO: Datos  =PostmanRuntime/7.19.0 [] {"uid":"58ee30e"}
[2019-11-25 00:05:35] UTN FRA LOGGER.INFO: ip =::1 [] {"uid":"58ee30e"}
[2019-11-25 00:06:07] UTN FRA LOGGER.INFO: Datos  =PostmanRuntime/7.19.0 [] {"uid":"9248ab2"}
[2019-11-25 00:06:07] UTN FRA LOGGER.INFO: ip =::1 [] {"uid":"9248ab2"}
[2019-11-25 00:16:03] UTN FRA LOGGER.INFO: Datos  =PostmanRuntime/7.19.0 [] {"uid":"7908e9e"}
[2019-11-25 00:16:03] UTN FRA LOGGER.INFO: ip =::1 [] {"uid":"7908e9e"}
[2019-11-25 00:16:18] UTN FRA LOGGER.INFO: Datos  =PostmanRuntime/7.19.0 [] {"uid":"8057d53"}
[2019-11-25 00:16:18] UTN FRA LOGGER.INFO: ip =::1 [] {"uid":"8057d53"}
[2019-11-25 00:17:51] UTN FRA LOGGER.INFO: Datos  =PostmanRuntime/7.19.0 [] {"uid":"59024ea"}
[2019-11-25 00:17:51] UTN FRA LOGGER.INFO: ip =::1 [] {"uid":"59024ea"}
[2019-11-25 00:18:03] UTN FRA LOGGER.INFO: Datos  =PostmanRuntime/7.19.0 [] {"uid":"13d83b8"}
[2019-11-25 00:18:03] UTN FRA LOGGER.INFO: ip =::1 [] {"uid":"13d83b8"}
[2019-11-25 00:18:36] UTN FRA LOGGER.INFO: Datos  =PostmanRuntime/7.19.0 [] {"uid":"126c8f9"}
[2019-11-25 00:18:36] UTN FRA LOGGER.INFO: ip =::1 [] {"uid":"126c8f9"}
[2019-11-25 00:18:44] UTN FRA LOGGER.INFO: Datos  =PostmanRuntime/7.19.0 [] {"uid":"aced047"}
[2019-11-25 00:18:44] UTN FRA LOGGER.INFO: ip =::1 [] {"uid":"aced047"}
[2019-11-25 00:19:39] UTN FRA LOGGER.INFO: Datos  =PostmanRuntime/7.19.0 [] {"uid":"7fb1fe6"}
[2019-11-25 00:19:39] UTN FRA LOGGER.INFO: ip =::1 [] {"uid":"7fb1fe6"}
[2019-11-25 00:20:56] UTN FRA LOGGER.INFO: Datos  =PostmanRuntime/7.19.0 [] {"uid":"b67c77b"}
[2019-11-25 00:20:56] UTN FRA LOGGER.INFO: ip =::1 [] {"uid":"b67c77b"}
[2019-11-25 00:22:33] UTN FRA LOGGER.INFO: Datos  =PostmanRuntime/7.19.0 [] {"uid":"fef2080"}
[2019-11-25 00:22:33] UTN FRA LOGGER.INFO: ip =::1 [] {"uid":"fef2080"}
[2019-11-25 00:22:47] UTN FRA LOGGER.INFO: Datos  =PostmanRuntime/7.19.0 [] {"uid":"7570971"}
[2019-11-25 00:22:47] UTN FRA LOGGER.INFO: ip =::1 [] {"uid":"7570971"}
[2019-11-25 00:22:58] UTN FRA LOGGER.INFO: Datos  =PostmanRuntime/7.19.0 [] {"uid":"bc52e62"}
[2019-11-25 00:22:58] UTN FRA LOGGER.INFO: ip =::1 [] {"uid":"bc52e62"}
[2019-11-25 00:23:48] UTN FRA LOGGER.INFO: Datos  =PostmanRuntime/7.19.0 [] {"uid":"cc1a42f"}
[2019-11-25 00:23:48] UTN FRA LOGGER.INFO: ip =::1 [] {"uid":"cc1a42f"}
[2019-11-25 00:24:00] UTN FRA LOGGER.INFO: Datos  =PostmanRuntime/7.19.0 [] {"uid":"5d309f9"}
[2019-11-25 00:24:00] UTN FRA LOGGER.INFO: ip =::1 [] {"uid":"5d309f9"}
[2019-11-25 00:24:12] UTN FRA LOGGER.INFO: Datos  =PostmanRuntime/7.19.0 [] {"uid":"f57bcbd"}
[2019-11-25 00:24:12] UTN FRA LOGGER.INFO: ip =::1 [] {"uid":"f57bcbd"}
[2019-11-25 01:02:48] UTN FRA LOGGER.INFO: Datos  =PostmanRuntime/7.19.0 [] {"uid":"bbcce74"}
[2019-11-25 01:02:48] UTN FRA LOGGER.INFO: ip =::1 [] {"uid":"bbcce74"}
[2019-11-25 01:03:46] UTN FRA LOGGER.INFO: Datos  =PostmanRuntime/7.19.0 [] {"uid":"495f29c"}
[2019-11-25 01:03:46] UTN FRA LOGGER.INFO: ip =::1 [] {"uid":"495f29c"}
[2019-11-25 01:04:07] UTN FRA LOGGER.INFO: Datos  =PostmanRuntime/7.19.0 [] {"uid":"a6b08ef"}
[2019-11-25 01:04:07] UTN FRA LOGGER.INFO: ip =::1 [] {"uid":"a6b08ef"}
[2019-11-25 01:04:14] UTN FRA LOGGER.INFO: Datos  =PostmanRuntime/7.19.0 [] {"uid":"219a443"}
[2019-11-25 01:04:14] UTN FRA LOGGER.INFO: ip =::1 [] {"uid":"219a443"}
[2019-11-25 01:04:29] UTN FRA LOGGER.INFO: Datos  =PostmanRuntime/7.19.0 [] {"uid":"4cfb96f"}
[2019-11-25 01:04:29] UTN FRA LOGGER.INFO: ip =::1 [] {"uid":"4cfb96f"}
[2019-11-25 01:05:00] UTN FRA LOGGER.INFO: Datos  =PostmanRuntime/7.19.0 [] {"uid":"5ece996"}
[2019-11-25 01:05:00] UTN FRA LOGGER.INFO: ip =::1 [] {"uid":"5ece996"}
[2019-11-25 01:05:23] UTN FRA LOGGER.INFO: Datos  =PostmanRuntime/7.19.0 [] {"uid":"b1af580"}
[2019-11-25 01:05:23] UTN FRA LOGGER.INFO: ip =::1 [] {"uid":"b1af580"}
[2019-11-25 01:05:48] UTN FRA LOGGER.INFO: Datos  =PostmanRuntime/7.19.0 [] {"uid":"bfd1c63"}
[2019-11-25 01:05:48] UTN FRA LOGGER.INFO: ip =::1 [] {"uid":"bfd1c63"}
[2019-11-25 01:07:23] UTN FRA LOGGER.INFO: Datos  =PostmanRuntime/7.19.0 [] {"uid":"2a28df8"}
[2019-11-25 01:07:23] UTN FRA LOGGER.INFO: ip =::1 [] {"uid":"2a28df8"}
[2019-11-25 01:08:02] UTN FRA LOGGER.INFO: Datos  =PostmanRuntime/7.19.0 [] {"uid":"6e2fc39"}
[2019-11-25 01:08:02] UTN FRA LOGGER.INFO: ip =::1 [] {"uid":"6e2fc39"}
[2019-11-25 01:10:32] UTN FRA LOGGER.INFO: Datos  =PostmanRuntime/7.19.0 [] {"uid":"630227a"}
[2019-11-25 01:10:32] UTN FRA LOGGER.INFO: ip =::1 [] {"uid":"630227a"}
[2019-11-25 01:12:40] UTN FRA LOGGER.INFO: Datos  =PostmanRuntime/7.19.0 [] {"uid":"fb6e708"}
[2019-11-25 01:12:40] UTN FRA LOGGER.INFO: ip =::1 [] {"uid":"fb6e708"}
[2019-11-25 01:28:36] UTN FRA LOGGER.INFO: Datos  =PostmanRuntime/7.19.0 [] {"uid":"b20d275"}
[2019-11-25 01:28:36] UTN FRA LOGGER.INFO: ip =::1 [] {"uid":"b20d275"}
[2019-11-25 01:30:26] UTN FRA LOGGER.INFO: Datos  =PostmanRuntime/7.19.0 [] {"uid":"f434780"}
[2019-11-25 01:30:26] UTN FRA LOGGER.INFO: ip =::1 [] {"uid":"f434780"}
[2019-11-25 01:32:29] UTN FRA LOGGER.INFO: Datos  =PostmanRuntime/7.19.0 [] {"uid":"4111dbe"}
[2019-11-25 01:32:29] UTN FRA LOGGER.INFO: ip =::1 [] {"uid":"4111dbe"}
[2019-11-25 01:32:54] UTN FRA LOGGER.INFO: Datos  =PostmanRuntime/7.19.0 [] {"uid":"7f4d67f"}
[2019-11-25 01:32:54] UTN FRA LOGGER.INFO: ip =::1 [] {"uid":"7f4d67f"}
[2019-11-25 01:33:41] UTN FRA LOGGER.INFO: Datos  =PostmanRuntime/7.19.0 [] {"uid":"6ef1f1d"}
[2019-11-25 01:33:41] UTN FRA LOGGER.INFO: ip =::1 [] {"uid":"6ef1f1d"}
[2019-11-25 01:33:49] UTN FRA LOGGER.INFO: Datos  =PostmanRuntime/7.19.0 [] {"uid":"e37ab6c"}
[2019-11-25 01:33:49] UTN FRA LOGGER.INFO: ip =::1 [] {"uid":"e37ab6c"}
[2019-11-25 01:34:49] UTN FRA LOGGER.INFO: Datos  =PostmanRuntime/7.19.0 [] {"uid":"1d2e30b"}
[2019-11-25 01:34:49] UTN FRA LOGGER.INFO: ip =::1 [] {"uid":"1d2e30b"}
[2019-11-25 01:35:59] UTN FRA LOGGER.INFO: Datos  =PostmanRuntime/7.19.0 [] {"uid":"934a921"}
[2019-11-25 01:35:59] UTN FRA LOGGER.INFO: ip =::1 [] {"uid":"934a921"}
[2019-11-25 01:36:12] UTN FRA LOGGER.INFO: Datos  =PostmanRuntime/7.19.0 [] {"uid":"8fad092"}
[2019-11-25 01:36:12] UTN FRA LOGGER.INFO: ip =::1 [] {"uid":"8fad092"}
[2019-11-25 01:37:27] UTN FRA LOGGER.INFO: Datos  =PostmanRuntime/7.19.0 [] {"uid":"61ae8b8"}
[2019-11-25 01:37:27] UTN FRA LOGGER.INFO: ip =::1 [] {"uid":"61ae8b8"}
[2019-11-25 01:38:01] UTN FRA LOGGER.INFO: Datos  =PostmanRuntime/7.19.0 [] {"uid":"3f8ebd5"}
[2019-11-25 01:38:01] UTN FRA LOGGER.INFO: ip =::1 [] {"uid":"3f8ebd5"}
[2019-11-25 01:38:38] UTN FRA LOGGER.INFO: Datos  =PostmanRuntime/7.19.0 [] {"uid":"e15932a"}
[2019-11-25 01:38:38] UTN FRA LOGGER.INFO: ip =::1 [] {"uid":"e15932a"}
[2019-11-25 01:38:51] UTN FRA LOGGER.INFO: Datos  =PostmanRuntime/7.19.0 [] {"uid":"dc2db6b"}
[2019-11-25 01:38:51] UTN FRA LOGGER.INFO: ip =::1 [] {"uid":"dc2db6b"}
[2019-11-25 01:39:30] UTN FRA LOGGER.INFO: Datos  =PostmanRuntime/7.19.0 [] {"uid":"30a2553"}
[2019-11-25 01:39:30] UTN FRA LOGGER.INFO: ip =::1 [] {"uid":"30a2553"}
[2019-11-25 01:40:27] UTN FRA LOGGER.INFO: Datos  =PostmanRuntime/7.19.0 [] {"uid":"f792137"}
[2019-11-25 01:40:27] UTN FRA LOGGER.INFO: ip =::1 [] {"uid":"f792137"}
[2019-11-25 01:42:20] UTN FRA LOGGER.INFO: Datos  =PostmanRuntime/7.19.0 [] {"uid":"a82a5df"}
[2019-11-25 01:42:20] UTN FRA LOGGER.INFO: ip =::1 [] {"uid":"a82a5df"}
[2019-11-25 01:42:40] UTN FRA LOGGER.INFO: Datos  =PostmanRuntime/7.19.0 [] {"uid":"b667e6d"}
[2019-11-25 01:42:40] UTN FRA LOGGER.INFO: ip =::1 [] {"uid":"b667e6d"}
[2019-11-25 01:43:00] UTN FRA LOGGER.INFO: Datos  =PostmanRuntime/7.19.0 [] {"uid":"a70bb07"}
[2019-11-25 01:43:00] UTN FRA LOGGER.INFO: ip =::1 [] {"uid":"a70bb07"}
[2019-11-25 01:43:13] UTN FRA LOGGER.INFO: Datos  =PostmanRuntime/7.19.0 [] {"uid":"baf91ac"}
[2019-11-25 01:43:13] UTN FRA LOGGER.INFO: ip =::1 [] {"uid":"baf91ac"}
[2019-11-25 01:43:43] UTN FRA LOGGER.INFO: Datos  =PostmanRuntime/7.19.0 [] {"uid":"1773be8"}
[2019-11-25 01:43:43] UTN FRA LOGGER.INFO: ip =::1 [] {"uid":"1773be8"}
[2019-11-25 01:44:08] UTN FRA LOGGER.INFO: Datos  =PostmanRuntime/7.19.0 [] {"uid":"95ec612"}
[2019-11-25 01:44:08] UTN FRA LOGGER.INFO: ip =::1 [] {"uid":"95ec612"}
[2019-11-25 01:45:29] UTN FRA LOGGER.INFO: Datos  =PostmanRuntime/7.19.0 [] {"uid":"06a7418"}
[2019-11-25 01:45:29] UTN FRA LOGGER.INFO: ip =::1 [] {"uid":"06a7418"}
[2019-11-25 01:47:01] UTN FRA LOGGER.INFO: Datos  =PostmanRuntime/7.19.0 [] {"uid":"4e35062"}
[2019-11-25 01:47:01] UTN FRA LOGGER.INFO: ip =::1 [] {"uid":"4e35062"}
[2019-11-25 01:50:01] UTN FRA LOGGER.INFO: Datos  =PostmanRuntime/7.19.0 [] {"uid":"dbae477"}
[2019-11-25 01:50:01] UTN FRA LOGGER.INFO: ip =::1 [] {"uid":"dbae477"}
[2019-11-25 01:50:19] UTN FRA LOGGER.INFO: Datos  =PostmanRuntime/7.19.0 [] {"uid":"f5f17e1"}
[2019-11-25 01:50:19] UTN FRA LOGGER.INFO: ip =::1 [] {"uid":"f5f17e1"}
[2019-11-25 01:50:56] UTN FRA LOGGER.INFO: Datos  =PostmanRuntime/7.19.0 [] {"uid":"e2d372d"}
[2019-11-25 01:50:56] UTN FRA LOGGER.INFO: ip =::1 [] {"uid":"e2d372d"}
[2019-11-25 01:52:52] UTN FRA LOGGER.INFO: Datos  =PostmanRuntime/7.19.0 [] {"uid":"832f4d7"}
[2019-11-25 01:52:52] UTN FRA LOGGER.INFO: ip =::1 [] {"uid":"832f4d7"}
[2019-11-25 01:53:30] UTN FRA LOGGER.INFO: Datos  =PostmanRuntime/7.19.0 [] {"uid":"84e50c7"}
[2019-11-25 01:53:30] UTN FRA LOGGER.INFO: ip =::1 [] {"uid":"84e50c7"}
[2019-11-25 22:51:21] UTN FRA LOGGER.INFO: Datos  =PostmanRuntime/7.20.1 [] {"uid":"40c6cb8"}
[2019-11-25 22:51:21] UTN FRA LOGGER.INFO: ip =::1 [] {"uid":"40c6cb8"}
[2019-11-25 22:51:36] UTN FRA LOGGER.INFO: Datos  =PostmanRuntime/7.20.1 [] {"uid":"b74db1a"}
[2019-11-25 22:51:36] UTN FRA LOGGER.INFO: ip =::1 [] {"uid":"b74db1a"}
[2019-11-25 22:53:40] UTN FRA LOGGER.INFO: Datos  =PostmanRuntime/7.20.1 [] {"uid":"4a245dc"}
[2019-11-25 22:53:40] UTN FRA LOGGER.INFO: ip =::1 [] {"uid":"4a245dc"}
[2019-11-25 22:53:51] UTN FRA LOGGER.INFO: Datos  =PostmanRuntime/7.20.1 [] {"uid":"9ad8ac4"}
[2019-11-25 22:53:51] UTN FRA LOGGER.INFO: ip =::1 [] {"uid":"9ad8ac4"}
[2019-11-25 22:55:30] UTN FRA LOGGER.INFO: Datos  =PostmanRuntime/7.20.1 [] {"uid":"cc7ac32"}
[2019-11-25 22:55:30] UTN FRA LOGGER.INFO: ip =::1 [] {"uid":"cc7ac32"}
[2019-11-25 22:57:16] UTN FRA LOGGER.INFO: Datos  =PostmanRuntime/7.20.1 [] {"uid":"b2f1053"}
[2019-11-25 22:57:16] UTN FRA LOGGER.INFO: ip =::1 [] {"uid":"b2f1053"}
[2019-11-25 22:57:42] UTN FRA LOGGER.INFO: Datos  =PostmanRuntime/7.20.1 [] {"uid":"9209aae"}
[2019-11-25 22:57:42] UTN FRA LOGGER.INFO: ip =::1 [] {"uid":"9209aae"}
[2019-11-25 22:58:25] UTN FRA LOGGER.INFO: Datos  =PostmanRuntime/7.20.1 [] {"uid":"ec4cf13"}
[2019-11-25 22:58:25] UTN FRA LOGGER.INFO: ip =::1 [] {"uid":"ec4cf13"}
[2019-11-25 22:58:45] UTN FRA LOGGER.INFO: Datos  =PostmanRuntime/7.20.1 [] {"uid":"f803075"}
[2019-11-25 22:58:45] UTN FRA LOGGER.INFO: ip =::1 [] {"uid":"f803075"}
[2019-11-25 22:59:58] UTN FRA LOGGER.INFO: Datos  =PostmanRuntime/7.20.1 [] {"uid":"f689e8e"}
[2019-11-25 22:59:58] UTN FRA LOGGER.INFO: ip =::1 [] {"uid":"f689e8e"}
[2019-11-25 23:02:36] UTN FRA LOGGER.INFO: Datos  =PostmanRuntime/7.20.1 [] {"uid":"daffb7a"}
[2019-11-25 23:02:36] UTN FRA LOGGER.INFO: ip =::1 [] {"uid":"daffb7a"}
[2019-11-25 23:03:51] UTN FRA LOGGER.INFO: Datos  =PostmanRuntime/7.20.1 [] {"uid":"4e7d7bb"}
[2019-11-25 23:03:51] UTN FRA LOGGER.INFO: ip =::1 [] {"uid":"4e7d7bb"}
[2019-11-25 23:04:19] UTN FRA LOGGER.INFO: Datos  =PostmanRuntime/7.20.1 [] {"uid":"5484a62"}
[2019-11-25 23:04:19] UTN FRA LOGGER.INFO: ip =::1 [] {"uid":"5484a62"}
[2019-11-25 23:06:17] UTN FRA LOGGER.INFO: Datos  =PostmanRuntime/7.20.1 [] {"uid":"256cbc7"}
[2019-11-25 23:06:17] UTN FRA LOGGER.INFO: ip =::1 [] {"uid":"256cbc7"}
[2019-11-25 23:07:13] UTN FRA LOGGER.INFO: Datos  =PostmanRuntime/7.20.1 [] {"uid":"1ec00fb"}
[2019-11-25 23:07:13] UTN FRA LOGGER.INFO: ip =::1 [] {"uid":"1ec00fb"}
[2019-11-25 23:09:39] UTN FRA LOGGER.INFO: Datos  =PostmanRuntime/7.20.1 [] {"uid":"3c1f5f5"}
[2019-11-25 23:09:39] UTN FRA LOGGER.INFO: ip =::1 [] {"uid":"3c1f5f5"}
[2019-11-25 23:13:41] UTN FRA LOGGER.INFO: Datos  =PostmanRuntime/7.20.1 [] {"uid":"d79c688"}
[2019-11-25 23:13:41] UTN FRA LOGGER.INFO: ip =::1 [] {"uid":"d79c688"}
[2019-11-25 23:15:26] UTN FRA LOGGER.INFO: Datos  =PostmanRuntime/7.20.1 [] {"uid":"a958d86"}
[2019-11-25 23:15:26] UTN FRA LOGGER.INFO: ip =::1 [] {"uid":"a958d86"}
[2019-11-25 23:16:37] UTN FRA LOGGER.INFO: Datos  =PostmanRuntime/7.20.1 [] {"uid":"db22fcc"}
[2019-11-25 23:16:37] UTN FRA LOGGER.INFO: ip =::1 [] {"uid":"db22fcc"}
[2019-11-25 23:19:32] UTN FRA LOGGER.INFO: Datos  =PostmanRuntime/7.20.1 [] {"uid":"b16a2d5"}
[2019-11-25 23:19:32] UTN FRA LOGGER.INFO: ip =::1 [] {"uid":"b16a2d5"}
[2019-11-25 23:19:45] UTN FRA LOGGER.INFO: Datos  =PostmanRuntime/7.20.1 [] {"uid":"2c7bc04"}
[2019-11-25 23:19:45] UTN FRA LOGGER.INFO: ip =::1 [] {"uid":"2c7bc04"}
[2019-11-25 23:22:48] UTN FRA LOGGER.INFO: Datos  =PostmanRuntime/7.20.1 [] {"uid":"43815fe"}
[2019-11-25 23:22:48] UTN FRA LOGGER.INFO: ip =::1 [] {"uid":"43815fe"}
[2019-11-25 23:23:20] UTN FRA LOGGER.INFO: Datos  =PostmanRuntime/7.20.1 [] {"uid":"9db2e3e"}
[2019-11-25 23:23:20] UTN FRA LOGGER.INFO: ip =::1 [] {"uid":"9db2e3e"}
[2019-11-25 23:24:09] UTN FRA LOGGER.INFO: Datos  =PostmanRuntime/7.20.1 [] {"uid":"bee932c"}
[2019-11-25 23:24:09] UTN FRA LOGGER.INFO: ip =::1 [] {"uid":"bee932c"}
[2019-11-25 23:25:05] UTN FRA LOGGER.INFO: Datos  =PostmanRuntime/7.20.1 [] {"uid":"3d93a55"}
[2019-11-25 23:25:05] UTN FRA LOGGER.INFO: ip =::1 [] {"uid":"3d93a55"}
[2019-11-25 23:25:24] UTN FRA LOGGER.INFO: Datos  =PostmanRuntime/7.20.1 [] {"uid":"e24ac1c"}
[2019-11-25 23:25:24] UTN FRA LOGGER.INFO: ip =::1 [] {"uid":"e24ac1c"}
[2019-11-25 23:25:54] UTN FRA LOGGER.INFO: Datos  =PostmanRuntime/7.20.1 [] {"uid":"7676fbc"}
[2019-11-25 23:25:54] UTN FRA LOGGER.INFO: ip =::1 [] {"uid":"7676fbc"}
[2019-11-25 23:26:03] UTN FRA LOGGER.INFO: Datos  =PostmanRuntime/7.20.1 [] {"uid":"52ea430"}
[2019-11-25 23:26:03] UTN FRA LOGGER.INFO: ip =::1 [] {"uid":"52ea430"}
[2019-11-25 23:27:21] UTN FRA LOGGER.INFO: Datos  =PostmanRuntime/7.20.1 [] {"uid":"c6e1f37"}
[2019-11-25 23:27:21] UTN FRA LOGGER.INFO: ip =::1 [] {"uid":"c6e1f37"}
[2019-11-25 23:27:25] UTN FRA LOGGER.INFO: Datos  =PostmanRuntime/7.20.1 [] {"uid":"74fd7d0"}
[2019-11-25 23:27:25] UTN FRA LOGGER.INFO: ip =::1 [] {"uid":"74fd7d0"}
[2019-11-25 23:30:15] UTN FRA LOGGER.INFO: Datos  =PostmanRuntime/7.20.1 [] {"uid":"6d7beaa"}
[2019-11-25 23:30:15] UTN FRA LOGGER.INFO: ip =::1 [] {"uid":"6d7beaa"}
[2019-11-25 23:30:40] UTN FRA LOGGER.INFO: Datos  =PostmanRuntime/7.20.1 [] {"uid":"4ef602b"}
[2019-11-25 23:30:40] UTN FRA LOGGER.INFO: ip =::1 [] {"uid":"4ef602b"}
[2019-11-25 23:31:02] UTN FRA LOGGER.INFO: Datos  =PostmanRuntime/7.20.1 [] {"uid":"cbc376e"}
[2019-11-25 23:31:02] UTN FRA LOGGER.INFO: ip =::1 [] {"uid":"cbc376e"}
[2019-11-25 23:31:25] UTN FRA LOGGER.INFO: Datos  =PostmanRuntime/7.20.1 [] {"uid":"32376e0"}
[2019-11-25 23:31:25] UTN FRA LOGGER.INFO: ip =::1 [] {"uid":"32376e0"}
[2019-11-25 23:31:41] UTN FRA LOGGER.INFO: Datos  =PostmanRuntime/7.20.1 [] {"uid":"be416ab"}
[2019-11-25 23:31:41] UTN FRA LOGGER.INFO: ip =::1 [] {"uid":"be416ab"}
[2019-11-25 23:32:05] UTN FRA LOGGER.INFO: Datos  =PostmanRuntime/7.20.1 [] {"uid":"d5f72ad"}
[2019-11-25 23:32:05] UTN FRA LOGGER.INFO: ip =::1 [] {"uid":"d5f72ad"}
[2019-11-25 23:32:25] UTN FRA LOGGER.INFO: Datos  =PostmanRuntime/7.20.1 [] {"uid":"3c223e5"}
[2019-11-25 23:32:25] UTN FRA LOGGER.INFO: ip =::1 [] {"uid":"3c223e5"}
[2019-11-25 23:32:58] UTN FRA LOGGER.INFO: Datos  =PostmanRuntime/7.20.1 [] {"uid":"ca8a6ff"}
[2019-11-25 23:32:58] UTN FRA LOGGER.INFO: ip =::1 [] {"uid":"ca8a6ff"}
[2019-11-25 23:33:20] UTN FRA LOGGER.INFO: Datos  =PostmanRuntime/7.20.1 [] {"uid":"f2706bf"}
[2019-11-25 23:33:20] UTN FRA LOGGER.INFO: ip =::1 [] {"uid":"f2706bf"}
[2019-11-25 23:33:42] UTN FRA LOGGER.INFO: Datos  =PostmanRuntime/7.20.1 [] {"uid":"e019e46"}
[2019-11-25 23:33:42] UTN FRA LOGGER.INFO: ip =::1 [] {"uid":"e019e46"}
[2019-11-25 23:34:10] UTN FRA LOGGER.INFO: Datos  =PostmanRuntime/7.20.1 [] {"uid":"e724c95"}
[2019-11-25 23:34:10] UTN FRA LOGGER.INFO: ip =::1 [] {"uid":"e724c95"}
[2019-11-25 23:34:25] UTN FRA LOGGER.INFO: Datos  =PostmanRuntime/7.20.1 [] {"uid":"90f3e5d"}
[2019-11-25 23:34:25] UTN FRA LOGGER.INFO: ip =::1 [] {"uid":"90f3e5d"}
[2019-11-25 23:34:41] UTN FRA LOGGER.INFO: Datos  =PostmanRuntime/7.20.1 [] {"uid":"935e4c7"}
[2019-11-25 23:34:41] UTN FRA LOGGER.INFO: ip =::1 [] {"uid":"935e4c7"}
[2019-11-25 23:35:55] UTN FRA LOGGER.INFO: Datos  =PostmanRuntime/7.20.1 [] {"uid":"02c0585"}
[2019-11-25 23:35:55] UTN FRA LOGGER.INFO: ip =::1 [] {"uid":"02c0585"}
[2019-11-25 23:36:33] UTN FRA LOGGER.INFO: Datos  =PostmanRuntime/7.20.1 [] {"uid":"54c13f6"}
[2019-11-25 23:36:33] UTN FRA LOGGER.INFO: ip =::1 [] {"uid":"54c13f6"}
[2019-11-25 23:36:44] UTN FRA LOGGER.INFO: Datos  =PostmanRuntime/7.20.1 [] {"uid":"4fcad11"}
[2019-11-25 23:36:44] UTN FRA LOGGER.INFO: ip =::1 [] {"uid":"4fcad11"}
[2019-11-25 23:37:22] UTN FRA LOGGER.INFO: Datos  =PostmanRuntime/7.20.1 [] {"uid":"3db4cb6"}
[2019-11-25 23:37:22] UTN FRA LOGGER.INFO: ip =::1 [] {"uid":"3db4cb6"}
[2019-11-25 23:37:25] UTN FRA LOGGER.INFO: Datos  =PostmanRuntime/7.20.1 [] {"uid":"adc9d8d"}
[2019-11-25 23:37:25] UTN FRA LOGGER.INFO: ip =::1 [] {"uid":"adc9d8d"}
[2019-11-25 23:38:08] UTN FRA LOGGER.INFO: Datos  =PostmanRuntime/7.20.1 [] {"uid":"97450f7"}
[2019-11-25 23:38:08] UTN FRA LOGGER.INFO: ip =::1 [] {"uid":"97450f7"}
[2019-11-25 23:38:16] UTN FRA LOGGER.INFO: Datos  =PostmanRuntime/7.20.1 [] {"uid":"33ef93c"}
[2019-11-25 23:38:16] UTN FRA LOGGER.INFO: ip =::1 [] {"uid":"33ef93c"}
[2019-11-25 23:38:27] UTN FRA LOGGER.INFO: Datos  =PostmanRuntime/7.20.1 [] {"uid":"8a654b6"}
[2019-11-25 23:38:27] UTN FRA LOGGER.INFO: ip =::1 [] {"uid":"8a654b6"}
[2019-11-25 23:38:50] UTN FRA LOGGER.INFO: Datos  =PostmanRuntime/7.20.1 [] {"uid":"88203de"}
[2019-11-25 23:38:50] UTN FRA LOGGER.INFO: ip =::1 [] {"uid":"88203de"}
[2019-11-25 23:40:03] UTN FRA LOGGER.INFO: Datos  =PostmanRuntime/7.20.1 [] {"uid":"4456a5c"}
[2019-11-25 23:40:03] UTN FRA LOGGER.INFO: ip =::1 [] {"uid":"4456a5c"}
[2019-11-25 23:41:20] UTN FRA LOGGER.INFO: Datos  =PostmanRuntime/7.20.1 [] {"uid":"2d74ac7"}
[2019-11-25 23:41:20] UTN FRA LOGGER.INFO: ip =::1 [] {"uid":"2d74ac7"}
[2019-11-25 23:41:56] UTN FRA LOGGER.INFO: Datos  =PostmanRuntime/7.20.1 [] {"uid":"0021898"}
[2019-11-25 23:41:56] UTN FRA LOGGER.INFO: ip =::1 [] {"uid":"0021898"}
[2019-11-25 23:43:08] UTN FRA LOGGER.INFO: Datos  =PostmanRuntime/7.20.1 [] {"uid":"272b6d1"}
[2019-11-25 23:43:08] UTN FRA LOGGER.INFO: ip =::1 [] {"uid":"272b6d1"}
[2019-11-25 23:43:41] UTN FRA LOGGER.INFO: Datos  =PostmanRuntime/7.20.1 [] {"uid":"6ed05bd"}
[2019-11-25 23:43:41] UTN FRA LOGGER.INFO: ip =::1 [] {"uid":"6ed05bd"}
[2019-11-25 23:44:01] UTN FRA LOGGER.INFO: Datos  =PostmanRuntime/7.20.1 [] {"uid":"c4746e3"}
[2019-11-25 23:44:01] UTN FRA LOGGER.INFO: ip =::1 [] {"uid":"c4746e3"}
[2019-11-25 23:54:46] UTN FRA LOGGER.INFO: Datos  =PostmanRuntime/7.20.1 [] {"uid":"4169b63"}
[2019-11-25 23:54:46] UTN FRA LOGGER.INFO: ip =::1 [] {"uid":"4169b63"}
[2019-11-25 23:55:35] UTN FRA LOGGER.INFO: Datos  =PostmanRuntime/7.20.1 [] {"uid":"5c17550"}
[2019-11-25 23:55:35] UTN FRA LOGGER.INFO: ip =::1 [] {"uid":"5c17550"}
[2019-11-25 23:56:03] UTN FRA LOGGER.INFO: Datos  =PostmanRuntime/7.20.1 [] {"uid":"69c13ff"}
[2019-11-25 23:56:03] UTN FRA LOGGER.INFO: ip =::1 [] {"uid":"69c13ff"}
[2019-11-25 23:56:14] UTN FRA LOGGER.INFO: Datos  =PostmanRuntime/7.20.1 [] {"uid":"d078b2c"}
[2019-11-25 23:56:14] UTN FRA LOGGER.INFO: ip =::1 [] {"uid":"d078b2c"}
[2019-11-25 23:56:24] UTN FRA LOGGER.INFO: Datos  =PostmanRuntime/7.20.1 [] {"uid":"ec8e3dd"}
[2019-11-25 23:56:24] UTN FRA LOGGER.INFO: ip =::1 [] {"uid":"ec8e3dd"}
[2019-11-25 23:56:32] UTN FRA LOGGER.INFO: Datos  =PostmanRuntime/7.20.1 [] {"uid":"2268c82"}
[2019-11-25 23:56:32] UTN FRA LOGGER.INFO: ip =::1 [] {"uid":"2268c82"}
[2019-11-25 23:57:50] UTN FRA LOGGER.INFO: Datos  =PostmanRuntime/7.20.1 [] {"uid":"763c621"}
[2019-11-25 23:57:50] UTN FRA LOGGER.INFO: ip =::1 [] {"uid":"763c621"}
[2019-11-25 23:58:45] UTN FRA LOGGER.INFO: Datos  =PostmanRuntime/7.20.1 [] {"uid":"40874fe"}
[2019-11-25 23:58:45] UTN FRA LOGGER.INFO: ip =::1 [] {"uid":"40874fe"}
[2019-11-25 23:59:01] UTN FRA LOGGER.INFO: Datos  =PostmanRuntime/7.20.1 [] {"uid":"f3503ac"}
[2019-11-25 23:59:01] UTN FRA LOGGER.INFO: ip =::1 [] {"uid":"f3503ac"}
[2019-11-25 23:59:44] UTN FRA LOGGER.INFO: Datos  =PostmanRuntime/7.20.1 [] {"uid":"94904b5"}
[2019-11-25 23:59:44] UTN FRA LOGGER.INFO: ip =::1 [] {"uid":"94904b5"}
[2019-11-26 00:00:21] UTN FRA LOGGER.INFO: Datos  =PostmanRuntime/7.20.1 [] {"uid":"560152b"}
[2019-11-26 00:00:21] UTN FRA LOGGER.INFO: ip =::1 [] {"uid":"560152b"}
[2019-11-26 00:00:55] UTN FRA LOGGER.INFO: Datos  =PostmanRuntime/7.20.1 [] {"uid":"d6ecf4c"}
[2019-11-26 00:00:55] UTN FRA LOGGER.INFO: ip =::1 [] {"uid":"d6ecf4c"}
[2019-11-26 00:01:13] UTN FRA LOGGER.INFO: Datos  =PostmanRuntime/7.20.1 [] {"uid":"951ed1c"}
[2019-11-26 00:01:13] UTN FRA LOGGER.INFO: ip =::1 [] {"uid":"951ed1c"}
[2019-11-26 00:01:21] UTN FRA LOGGER.INFO: Datos  =PostmanRuntime/7.20.1 [] {"uid":"ebc649e"}
[2019-11-26 00:01:21] UTN FRA LOGGER.INFO: ip =::1 [] {"uid":"ebc649e"}
[2019-11-26 00:01:51] UTN FRA LOGGER.INFO: Datos  =PostmanRuntime/7.20.1 [] {"uid":"d84ee8f"}
[2019-11-26 00:01:51] UTN FRA LOGGER.INFO: ip =::1 [] {"uid":"d84ee8f"}
[2019-11-26 00:02:35] UTN FRA LOGGER.INFO: Datos  =PostmanRuntime/7.20.1 [] {"uid":"35a5ae1"}
[2019-11-26 00:02:35] UTN FRA LOGGER.INFO: ip =::1 [] {"uid":"35a5ae1"}
[2019-11-26 00:05:53] UTN FRA LOGGER.INFO: Datos  =PostmanRuntime/7.20.1 [] {"uid":"d8fdd55"}
[2019-11-26 00:05:53] UTN FRA LOGGER.INFO: ip =::1 [] {"uid":"d8fdd55"}
[2019-11-26 00:06:42] UTN FRA LOGGER.INFO: Datos  =PostmanRuntime/7.20.1 [] {"uid":"fa059a1"}
[2019-11-26 00:06:42] UTN FRA LOGGER.INFO: ip =::1 [] {"uid":"fa059a1"}
[2019-11-26 00:10:10] UTN FRA LOGGER.INFO: Datos  =PostmanRuntime/7.20.1 [] {"uid":"507ed27"}
[2019-11-26 00:10:10] UTN FRA LOGGER.INFO: ip =::1 [] {"uid":"507ed27"}
[2019-11-26 00:11:50] UTN FRA LOGGER.INFO: Datos  =PostmanRuntime/7.20.1 [] {"uid":"9ec7e1e"}
[2019-11-26 00:11:50] UTN FRA LOGGER.INFO: ip =::1 [] {"uid":"9ec7e1e"}
[2019-11-26 00:12:34] UTN FRA LOGGER.INFO: Datos  =PostmanRuntime/7.20.1 [] {"uid":"f26e55d"}
[2019-11-26 00:12:34] UTN FRA LOGGER.INFO: ip =::1 [] {"uid":"f26e55d"}
[2019-11-26 00:12:41] UTN FRA LOGGER.INFO: Datos  =PostmanRuntime/7.20.1 [] {"uid":"3f09fe0"}
[2019-11-26 00:12:41] UTN FRA LOGGER.INFO: ip =::1 [] {"uid":"3f09fe0"}
[2019-11-26 00:12:50] UTN FRA LOGGER.INFO: Datos  =PostmanRuntime/7.20.1 [] {"uid":"dc62c90"}
[2019-11-26 00:12:50] UTN FRA LOGGER.INFO: ip =::1 [] {"uid":"dc62c90"}
[2019-11-26 00:12:57] UTN FRA LOGGER.INFO: Datos  =PostmanRuntime/7.20.1 [] {"uid":"547cb46"}
[2019-11-26 00:12:57] UTN FRA LOGGER.INFO: ip =::1 [] {"uid":"547cb46"}
[2019-11-26 00:13:38] UTN FRA LOGGER.INFO: Datos  =PostmanRuntime/7.20.1 [] {"uid":"6922536"}
[2019-11-26 00:13:38] UTN FRA LOGGER.INFO: ip =::1 [] {"uid":"6922536"}
[2019-11-26 00:13:50] UTN FRA LOGGER.INFO: Datos  =PostmanRuntime/7.20.1 [] {"uid":"8dc1827"}
[2019-11-26 00:13:50] UTN FRA LOGGER.INFO: ip =::1 [] {"uid":"8dc1827"}
[2019-11-26 00:14:32] UTN FRA LOGGER.INFO: Datos  =PostmanRuntime/7.20.1 [] {"uid":"ee0d30b"}
[2019-11-26 00:14:32] UTN FRA LOGGER.INFO: ip =::1 [] {"uid":"ee0d30b"}
[2019-11-26 00:14:40] UTN FRA LOGGER.INFO: Datos  =PostmanRuntime/7.20.1 [] {"uid":"a355667"}
[2019-11-26 00:14:40] UTN FRA LOGGER.INFO: ip =::1 [] {"uid":"a355667"}
[2019-11-26 00:15:20] UTN FRA LOGGER.INFO: Datos  =PostmanRuntime/7.20.1 [] {"uid":"f13562f"}
[2019-11-26 00:15:20] UTN FRA LOGGER.INFO: ip =::1 [] {"uid":"f13562f"}
[2019-11-26 00:16:08] UTN FRA LOGGER.INFO: Datos  =PostmanRuntime/7.20.1 [] {"uid":"20d2411"}
[2019-11-26 00:16:08] UTN FRA LOGGER.INFO: ip =::1 [] {"uid":"20d2411"}
[2019-11-26 00:16:29] UTN FRA LOGGER.INFO: Datos  =PostmanRuntime/7.20.1 [] {"uid":"edb7a1e"}
[2019-11-26 00:16:29] UTN FRA LOGGER.INFO: ip =::1 [] {"uid":"edb7a1e"}
[2019-11-26 00:16:44] UTN FRA LOGGER.INFO: Datos  =PostmanRuntime/7.20.1 [] {"uid":"c278b78"}
[2019-11-26 00:16:44] UTN FRA LOGGER.INFO: ip =::1 [] {"uid":"c278b78"}
[2019-11-26 00:17:05] UTN FRA LOGGER.INFO: Datos  =PostmanRuntime/7.20.1 [] {"uid":"6b1fb73"}
[2019-11-26 00:17:05] UTN FRA LOGGER.INFO: ip =::1 [] {"uid":"6b1fb73"}
[2019-11-26 00:17:32] UTN FRA LOGGER.INFO: Datos  =PostmanRuntime/7.20.1 [] {"uid":"9c95731"}
[2019-11-26 00:17:32] UTN FRA LOGGER.INFO: ip =::1 [] {"uid":"9c95731"}
[2019-11-26 00:17:40] UTN FRA LOGGER.INFO: Datos  =PostmanRuntime/7.20.1 [] {"uid":"ac73f0e"}
[2019-11-26 00:17:40] UTN FRA LOGGER.INFO: ip =::1 [] {"uid":"ac73f0e"}
[2019-11-26 00:18:11] UTN FRA LOGGER.INFO: Datos  =PostmanRuntime/7.20.1 [] {"uid":"6c72daf"}
[2019-11-26 00:18:11] UTN FRA LOGGER.INFO: ip =::1 [] {"uid":"6c72daf"}
[2019-11-26 00:18:25] UTN FRA LOGGER.INFO: Datos  =PostmanRuntime/7.20.1 [] {"uid":"a966fb4"}
[2019-11-26 00:18:25] UTN FRA LOGGER.INFO: ip =::1 [] {"uid":"a966fb4"}
[2019-11-26 00:18:30] UTN FRA LOGGER.INFO: Datos  =PostmanRuntime/7.20.1 [] {"uid":"7912978"}
[2019-11-26 00:18:30] UTN FRA LOGGER.INFO: ip =::1 [] {"uid":"7912978"}
[2019-11-26 00:18:37] UTN FRA LOGGER.INFO: Datos  =PostmanRuntime/7.20.1 [] {"uid":"2011971"}
[2019-11-26 00:18:37] UTN FRA LOGGER.INFO: ip =::1 [] {"uid":"2011971"}
[2019-11-26 00:18:58] UTN FRA LOGGER.INFO: Datos  =PostmanRuntime/7.20.1 [] {"uid":"53b6330"}
[2019-11-26 00:18:58] UTN FRA LOGGER.INFO: ip =::1 [] {"uid":"53b6330"}
[2019-11-26 00:19:32] UTN FRA LOGGER.INFO: Datos  =PostmanRuntime/7.20.1 [] {"uid":"aa5ed67"}
[2019-11-26 00:19:32] UTN FRA LOGGER.INFO: ip =::1 [] {"uid":"aa5ed67"}
[2019-11-26 00:21:35] UTN FRA LOGGER.INFO: Datos  =PostmanRuntime/7.20.1 [] {"uid":"759a723"}
[2019-11-26 00:21:35] UTN FRA LOGGER.INFO: ip =::1 [] {"uid":"759a723"}
[2019-11-26 00:21:59] UTN FRA LOGGER.INFO: Datos  =PostmanRuntime/7.20.1 [] {"uid":"159f658"}
[2019-11-26 00:21:59] UTN FRA LOGGER.INFO: ip =::1 [] {"uid":"159f658"}
[2019-11-26 00:22:39] UTN FRA LOGGER.INFO: Datos  =PostmanRuntime/7.20.1 [] {"uid":"109da75"}
[2019-11-26 00:22:39] UTN FRA LOGGER.INFO: ip =::1 [] {"uid":"109da75"}
[2019-11-26 00:22:45] UTN FRA LOGGER.INFO: Datos  =PostmanRuntime/7.20.1 [] {"uid":"b168cd6"}
[2019-11-26 00:22:45] UTN FRA LOGGER.INFO: ip =::1 [] {"uid":"b168cd6"}
[2019-11-26 00:23:48] UTN FRA LOGGER.INFO: Datos  =PostmanRuntime/7.20.1 [] {"uid":"b26053f"}
[2019-11-26 00:23:48] UTN FRA LOGGER.INFO: ip =::1 [] {"uid":"b26053f"}
[2019-11-26 00:24:36] UTN FRA LOGGER.INFO: Datos  =PostmanRuntime/7.20.1 [] {"uid":"f20647a"}
[2019-11-26 00:24:36] UTN FRA LOGGER.INFO: ip =::1 [] {"uid":"f20647a"}
[2019-11-26 00:25:07] UTN FRA LOGGER.INFO: Datos  =PostmanRuntime/7.20.1 [] {"uid":"ba29692"}
[2019-11-26 00:25:07] UTN FRA LOGGER.INFO: ip =::1 [] {"uid":"ba29692"}
[2019-11-26 00:25:31] UTN FRA LOGGER.INFO: Datos  =PostmanRuntime/7.20.1 [] {"uid":"89636f3"}
[2019-11-26 00:25:31] UTN FRA LOGGER.INFO: ip =::1 [] {"uid":"89636f3"}
[2019-11-26 00:25:38] UTN FRA LOGGER.INFO: Datos  =PostmanRuntime/7.20.1 [] {"uid":"a834f1b"}
[2019-11-26 00:25:38] UTN FRA LOGGER.INFO: ip =::1 [] {"uid":"a834f1b"}
[2019-11-26 00:25:44] UTN FRA LOGGER.INFO: Datos  =PostmanRuntime/7.20.1 [] {"uid":"0d783e0"}
[2019-11-26 00:25:44] UTN FRA LOGGER.INFO: ip =::1 [] {"uid":"0d783e0"}
[2019-11-26 00:27:03] UTN FRA LOGGER.INFO: Datos  =PostmanRuntime/7.20.1 [] {"uid":"f0a209d"}
[2019-11-26 00:27:03] UTN FRA LOGGER.INFO: ip =::1 [] {"uid":"f0a209d"}
[2019-11-26 00:28:25] UTN FRA LOGGER.INFO: Datos  =PostmanRuntime/7.20.1 [] {"uid":"a52c517"}
[2019-11-26 00:28:25] UTN FRA LOGGER.INFO: ip =::1 [] {"uid":"a52c517"}
[2019-11-26 00:29:19] UTN FRA LOGGER.INFO: Datos  =PostmanRuntime/7.20.1 [] {"uid":"d449af2"}
[2019-11-26 00:29:19] UTN FRA LOGGER.INFO: ip =::1 [] {"uid":"d449af2"}
[2019-11-26 00:30:28] UTN FRA LOGGER.INFO: Datos  =PostmanRuntime/7.20.1 [] {"uid":"d31325a"}
[2019-11-26 00:30:28] UTN FRA LOGGER.INFO: ip =::1 [] {"uid":"d31325a"}
[2019-11-26 00:30:40] UTN FRA LOGGER.INFO: Datos  =PostmanRuntime/7.20.1 [] {"uid":"1e5b793"}
[2019-11-26 00:30:40] UTN FRA LOGGER.INFO: ip =::1 [] {"uid":"1e5b793"}
[2019-11-26 00:36:42] UTN FRA LOGGER.INFO: Datos  =PostmanRuntime/7.20.1 [] {"uid":"548fcda"}
[2019-11-26 00:36:42] UTN FRA LOGGER.INFO: ip =::1 [] {"uid":"548fcda"}
[2019-11-26 00:37:09] UTN FRA LOGGER.INFO: Datos  =PostmanRuntime/7.20.1 [] {"uid":"00bfd87"}
[2019-11-26 00:37:09] UTN FRA LOGGER.INFO: ip =::1 [] {"uid":"00bfd87"}
[2019-11-26 00:39:18] UTN FRA LOGGER.INFO: Datos  =PostmanRuntime/7.20.1 [] {"uid":"9ce812b"}
[2019-11-26 00:39:18] UTN FRA LOGGER.INFO: ip =::1 [] {"uid":"9ce812b"}
[2019-11-26 00:39:41] UTN FRA LOGGER.INFO: Datos  =PostmanRuntime/7.20.1 [] {"uid":"881e1cc"}
[2019-11-26 00:39:41] UTN FRA LOGGER.INFO: ip =::1 [] {"uid":"881e1cc"}
[2019-11-26 00:39:44] UTN FRA LOGGER.INFO: Datos  =PostmanRuntime/7.20.1 [] {"uid":"f6bfb70"}
[2019-11-26 00:39:44] UTN FRA LOGGER.INFO: ip =::1 [] {"uid":"f6bfb70"}
[2019-11-26 00:50:33] UTN FRA LOGGER.INFO: Datos  =PostmanRuntime/7.20.1 [] {"uid":"ea34e48"}
[2019-11-26 00:50:33] UTN FRA LOGGER.INFO: ip =::1 [] {"uid":"ea34e48"}
[2019-11-26 00:50:37] UTN FRA LOGGER.INFO: Datos  =PostmanRuntime/7.20.1 [] {"uid":"cecc14c"}
[2019-11-26 00:50:37] UTN FRA LOGGER.INFO: ip =::1 [] {"uid":"cecc14c"}
[2019-11-26 00:50:50] UTN FRA LOGGER.INFO: Datos  =PostmanRuntime/7.20.1 [] {"uid":"d729222"}
[2019-11-26 00:50:50] UTN FRA LOGGER.INFO: ip =::1 [] {"uid":"d729222"}
[2019-11-26 00:55:05] UTN FRA LOGGER.INFO: Datos  =PostmanRuntime/7.20.1 [] {"uid":"68ecd50"}
[2019-11-26 00:55:05] UTN FRA LOGGER.INFO: ip =::1 [] {"uid":"68ecd50"}
[2019-11-26 00:55:20] UTN FRA LOGGER.INFO: Datos  =PostmanRuntime/7.20.1 [] {"uid":"3ccdd41"}
[2019-11-26 00:55:20] UTN FRA LOGGER.INFO: ip =::1 [] {"uid":"3ccdd41"}
[2019-11-26 00:55:33] UTN FRA LOGGER.INFO: Datos  =PostmanRuntime/7.20.1 [] {"uid":"2c35233"}
[2019-11-26 00:55:33] UTN FRA LOGGER.INFO: ip =::1 [] {"uid":"2c35233"}
[2019-11-26 00:55:59] UTN FRA LOGGER.INFO: Datos  =PostmanRuntime/7.20.1 [] {"uid":"49cbee7"}
[2019-11-26 00:55:59] UTN FRA LOGGER.INFO: ip =::1 [] {"uid":"49cbee7"}
[2019-11-26 00:57:58] UTN FRA LOGGER.INFO: Datos  =PostmanRuntime/7.20.1 [] {"uid":"00a9760"}
[2019-11-26 00:57:58] UTN FRA LOGGER.INFO: ip =::1 [] {"uid":"00a9760"}
[2019-11-26 00:58:26] UTN FRA LOGGER.INFO: Datos  =PostmanRuntime/7.20.1 [] {"uid":"e2f2e72"}
[2019-11-26 00:58:26] UTN FRA LOGGER.INFO: ip =::1 [] {"uid":"e2f2e72"}
[2019-11-26 00:58:59] UTN FRA LOGGER.INFO: Datos  =PostmanRuntime/7.20.1 [] {"uid":"4a61869"}
[2019-11-26 00:58:59] UTN FRA LOGGER.INFO: ip =::1 [] {"uid":"4a61869"}
[2019-11-26 00:59:59] UTN FRA LOGGER.INFO: Datos  =PostmanRuntime/7.20.1 [] {"uid":"0f21a1e"}
[2019-11-26 00:59:59] UTN FRA LOGGER.INFO: ip =::1 [] {"uid":"0f21a1e"}
[2019-11-26 01:00:22] UTN FRA LOGGER.INFO: Datos  =PostmanRuntime/7.20.1 [] {"uid":"f62abf1"}
[2019-11-26 01:00:22] UTN FRA LOGGER.INFO: ip =::1 [] {"uid":"f62abf1"}
[2019-11-26 01:00:42] UTN FRA LOGGER.INFO: Datos  =PostmanRuntime/7.20.1 [] {"uid":"ac61b53"}
[2019-11-26 01:00:42] UTN FRA LOGGER.INFO: ip =::1 [] {"uid":"ac61b53"}
[2019-11-26 01:00:53] UTN FRA LOGGER.INFO: Datos  =PostmanRuntime/7.20.1 [] {"uid":"5bf0827"}
[2019-11-26 01:00:53] UTN FRA LOGGER.INFO: ip =::1 [] {"uid":"5bf0827"}
[2019-11-26 01:01:32] UTN FRA LOGGER.INFO: Datos  =PostmanRuntime/7.20.1 [] {"uid":"84ac8e4"}
[2019-11-26 01:01:32] UTN FRA LOGGER.INFO: ip =::1 [] {"uid":"84ac8e4"}
[2019-11-26 01:29:03] UTN FRA LOGGER.INFO: Datos  =PostmanRuntime/7.20.1 [] {"uid":"5911b3f"}
[2019-11-26 01:29:03] UTN FRA LOGGER.INFO: ip =::1 [] {"uid":"5911b3f"}
[2019-11-26 01:29:18] UTN FRA LOGGER.INFO: Datos  =PostmanRuntime/7.20.1 [] {"uid":"80af4b0"}
[2019-11-26 01:29:18] UTN FRA LOGGER.INFO: ip =::1 [] {"uid":"80af4b0"}
