[2019-06-13 14:22:41] UTN FRA LOGGER.INFO: ::1 [] {"uid":"ecfba35"}
[2019-06-13 14:23:14] UTN FRA LOGGER.INFO: ip :::1 [] {"uid":"f1af206"}
[2019-06-13 14:31:21] UTN FRA LOGGER.INFO: info  =Mozilla/5.0 (X11; Linux x86_64) AppleWebKit/537.36 (KHTML, like Gecko) Chrome/73.0.3683.86 Safari/537.36 [] {"uid":"2676799"}
[2019-06-13 14:31:21] UTN FRA LOGGER.INFO: ip =::1 [] {"uid":"2676799"}
[2019-06-13 14:33:01] UTN FRA LOGGER.INFO: info  =PostmanRuntime/7.1.1 [] {"uid":"1c0e970"}
[2019-06-13 14:33:01] UTN FRA LOGGER.INFO: ip =::1 [] {"uid":"1c0e970"}
[2019-06-13 14:33:04] UTN FRA LOGGER.INFO: info  =PostmanRuntime/7.1.1 [] {"uid":"e0a490b"}
[2019-06-13 14:33:04] UTN FRA LOGGER.INFO: ip =::1 [] {"uid":"e0a490b"}
[2019-06-13 14:33:08] UTN FRA LOGGER.INFO: info  =PostmanRuntime/7.1.1 [] {"uid":"5792b8b"}
[2019-06-13 14:33:08] UTN FRA LOGGER.INFO: ip =::1 [] {"uid":"5792b8b"}
[2019-06-13 14:33:14] UTN FRA LOGGER.INFO: info  =PostmanRuntime/7.1.1 [] {"uid":"c3f3041"}
[2019-06-13 14:33:14] UTN FRA LOGGER.INFO: ip =::1 [] {"uid":"c3f3041"}
[2019-06-13 14:41:27] UTN FRA LOGGER.INFO: info  =Mozilla/5.0 (X11; Linux x86_64; rv:60.0) Gecko/20100101 Firefox/60.0 [] {"uid":"d971c69"}
[2019-06-13 14:41:27] UTN FRA LOGGER.INFO: ip =127.0.0.1 [] {"uid":"d971c69"}
[2019-06-13 14:46:20] UTN FRA LOGGER.INFO: info  =Mozilla/5.0 (X11; Linux x86_64; rv:60.0) Gecko/20100101 Firefox/60.0 [] {"uid":"01737b9"}
[2019-06-13 14:46:20] UTN FRA LOGGER.INFO: ip =127.0.0.1 [] {"uid":"01737b9"}
[2019-06-13 14:48:37] UTN FRA LOGGER.INFO: info  =Mozilla/5.0 (X11; Linux x86_64) AppleWebKit/537.36 (KHTML, like Gecko) Chrome/50.0.2661.76 YaBrowser/16.6.0.6383 (beta) Safari/537.36 [] {"uid":"5d9f7e5"}
[2019-06-13 14:48:37] UTN FRA LOGGER.INFO: ip =::1 [] {"uid":"5d9f7e5"}
[2019-06-13 14:48:52] UTN FRA LOGGER.INFO: info  =Mozilla/5.0 (X11; Linux x86_64) AppleWebKit/537.36 (KHTML, like Gecko) Chrome/50.0.2661.76 YaBrowser/16.6.0.6383 (beta) Safari/537.36 [] {"uid":"f6cdba9"}
[2019-06-13 14:48:52] UTN FRA LOGGER.INFO: ip =::1 [] {"uid":"f6cdba9"}
[2019-06-13 14:48:59] UTN FRA LOGGER.INFO: info  =Mozilla/5.0 (X11; Linux x86_64) AppleWebKit/537.36 (KHTML, like Gecko) Chrome/50.0.2661.76 YaBrowser/16.6.0.6383 (beta) Safari/537.36 [] {"uid":"7fb9fe5"}
[2019-06-13 14:48:59] UTN FRA LOGGER.INFO: ip =::1 [] {"uid":"7fb9fe5"}
[2019-06-13 14:50:12] UTN FRA LOGGER.INFO: info  =Mozilla/5.0 (X11; Linux x86_64) AppleWebKit/537.36 (KHTML, like Gecko) Chrome/71.0.3578.98 Safari/537.36 OPR/58.0.3135.107 [] {"uid":"05adba9"}
[2019-06-13 14:50:13] UTN FRA LOGGER.INFO: ip =::1 [] {"uid":"05adba9"}
[2019-06-13 14:51:49] UTN FRA LOGGER.INFO: info  =Mozilla/5.0 (X11; Linux x86_64) AppleWebKit/537.36 (KHTML, like Gecko) Chrome/73.0.3683.86 Safari/537.36 [] {"uid":"4869fa1"}
[2019-06-13 14:51:49] UTN FRA LOGGER.INFO: ip =::1 [] {"uid":"4869fa1"}
[2019-06-13 14:52:04] UTN FRA LOGGER.INFO: info  =PostmanRuntime/7.1.1 [] {"uid":"955f892"}
[2019-06-13 14:52:04] UTN FRA LOGGER.INFO: ip =::1 [] {"uid":"955f892"}
[2019-06-13 14:52:24] UTN FRA LOGGER.INFO: Datos  =PostmanRuntime/7.1.1 [] {"uid":"3d3557f"}
[2019-06-13 14:52:24] UTN FRA LOGGER.INFO: ip =::1 [] {"uid":"3d3557f"}
[2019-06-13 14:52:34] UTN FRA LOGGER.INFO: Datos  =Mozilla/5.0 (X11; Linux x86_64) AppleWebKit/537.36 (KHTML, like Gecko) Chrome/71.0.3578.98 Safari/537.36 OPR/58.0.3135.107 [] {"uid":"521a87e"}
[2019-06-13 14:52:34] UTN FRA LOGGER.INFO: ip =::1 [] {"uid":"521a87e"}
[2019-06-13 14:54:41] UTN FRA LOGGER.INFO: Datos  =Mozilla/5.0 (X11; Linux x86_64) AppleWebKit/537.36 (KHTML, like Gecko) Chrome/73.0.3683.86 Safari/537.36 [] {"uid":"15b9fd3"}
[2019-06-13 14:54:41] UTN FRA LOGGER.INFO: ip =::1 [] {"uid":"15b9fd3"}
[2019-06-13 15:40:36] UTN FRA LOGGER.INFO: Datos  =Mozilla/5.0 (X11; Linux x86_64) AppleWebKit/537.36 (KHTML, like Gecko) Chrome/73.0.3683.86 Safari/537.36 [] {"uid":"bbb9226"}
[2019-06-13 15:40:36] UTN FRA LOGGER.INFO: ip =::1 [] {"uid":"bbb9226"}
[2019-06-13 15:40:42] UTN FRA LOGGER.INFO: Datos  =Mozilla/5.0 (X11; Linux x86_64) AppleWebKit/537.36 (KHTML, like Gecko) Chrome/73.0.3683.86 Safari/537.36 [] {"uid":"d5105f7"}
[2019-06-13 15:40:42] UTN FRA LOGGER.INFO: ip =::1 [] {"uid":"d5105f7"}
[2019-06-13 15:41:29] UTN FRA LOGGER.INFO: Datos  =Mozilla/5.0 (X11; Linux x86_64) AppleWebKit/537.36 (KHTML, like Gecko) Chrome/73.0.3683.86 Safari/537.36 [] {"uid":"e12c6d8"}
[2019-06-13 15:41:29] UTN FRA LOGGER.INFO: ip =::1 [] {"uid":"e12c6d8"}
[2019-06-13 15:42:30] UTN FRA LOGGER.INFO: Datos  =Mozilla/5.0 (X11; Linux x86_64) AppleWebKit/537.36 (KHTML, like Gecko) Chrome/73.0.3683.86 Safari/537.36 [] {"uid":"36ef6fa"}
[2019-06-13 15:42:30] UTN FRA LOGGER.INFO: ip =::1 [] {"uid":"36ef6fa"}
[2019-06-13 15:45:52] UTN FRA LOGGER.INFO: Datos  =Mozilla/5.0 (X11; Linux x86_64) AppleWebKit/537.36 (KHTML, like Gecko) Chrome/73.0.3683.86 Safari/537.36 [] {"uid":"452e00c"}
[2019-06-13 15:45:52] UTN FRA LOGGER.INFO: ip =::1 [] {"uid":"452e00c"}
[2019-06-13 15:46:48] UTN FRA LOGGER.INFO: Datos  =Mozilla/5.0 (X11; Linux x86_64) AppleWebKit/537.36 (KHTML, like Gecko) Chrome/73.0.3683.86 Safari/537.36 [] {"uid":"accaf17"}
[2019-06-13 15:46:48] UTN FRA LOGGER.INFO: ip =::1 [] {"uid":"accaf17"}
[2019-06-13 15:46:49] UTN FRA LOGGER.INFO: Datos  =Mozilla/5.0 (X11; Linux x86_64) AppleWebKit/537.36 (KHTML, like Gecko) Chrome/73.0.3683.86 Safari/537.36 [] {"uid":"2977b9f"}
[2019-06-13 15:46:49] UTN FRA LOGGER.INFO: ip =::1 [] {"uid":"2977b9f"}
[2019-06-13 15:46:50] UTN FRA LOGGER.INFO: Datos  =Mozilla/5.0 (X11; Linux x86_64) AppleWebKit/537.36 (KHTML, like Gecko) Chrome/73.0.3683.86 Safari/537.36 [] {"uid":"5b1fbcd"}
[2019-06-13 15:46:50] UTN FRA LOGGER.INFO: ip =::1 [] {"uid":"5b1fbcd"}
[2019-06-13 15:47:05] UTN FRA LOGGER.INFO: Datos  =Mozilla/5.0 (X11; Linux x86_64) AppleWebKit/537.36 (KHTML, like Gecko) Chrome/73.0.3683.86 Safari/537.36 [] {"uid":"618e906"}
[2019-06-13 15:47:05] UTN FRA LOGGER.INFO: ip =::1 [] {"uid":"618e906"}
[2019-06-13 15:47:10] UTN FRA LOGGER.INFO: Datos  =Mozilla/5.0 (X11; Linux x86_64) AppleWebKit/537.36 (KHTML, like Gecko) Chrome/73.0.3683.86 Safari/537.36 [] {"uid":"e6f850c"}
[2019-06-13 15:47:10] UTN FRA LOGGER.INFO: ip =::1 [] {"uid":"e6f850c"}
[2019-06-13 15:47:16] UTN FRA LOGGER.INFO: Datos  =Mozilla/5.0 (X11; Linux x86_64) AppleWebKit/537.36 (KHTML, like Gecko) Chrome/73.0.3683.86 Safari/537.36 [] {"uid":"6080469"}
[2019-06-13 15:47:16] UTN FRA LOGGER.INFO: ip =::1 [] {"uid":"6080469"}
[2019-06-13 15:47:52] UTN FRA LOGGER.INFO: Datos  =Mozilla/5.0 (X11; Linux x86_64) AppleWebKit/537.36 (KHTML, like Gecko) Chrome/73.0.3683.86 Safari/537.36 [] {"uid":"be829a8"}
[2019-06-13 15:47:52] UTN FRA LOGGER.INFO: ip =::1 [] {"uid":"be829a8"}
[2019-06-13 15:47:55] UTN FRA LOGGER.INFO: Datos  =Mozilla/5.0 (X11; Linux x86_64) AppleWebKit/537.36 (KHTML, like Gecko) Chrome/73.0.3683.86 Safari/537.36 [] {"uid":"8f497ca"}
[2019-06-13 15:47:55] UTN FRA LOGGER.INFO: ip =::1 [] {"uid":"8f497ca"}
[2019-06-13 15:48:12] UTN FRA LOGGER.INFO: Datos  =Mozilla/5.0 (X11; Linux x86_64) AppleWebKit/537.36 (KHTML, like Gecko) Chrome/73.0.3683.86 Safari/537.36 [] {"uid":"9e48c5a"}
[2019-06-13 15:48:12] UTN FRA LOGGER.INFO: ip =::1 [] {"uid":"9e48c5a"}
[2019-06-13 15:48:15] UTN FRA LOGGER.INFO: Datos  =Mozilla/5.0 (X11; Linux x86_64) AppleWebKit/537.36 (KHTML, like Gecko) Chrome/73.0.3683.86 Safari/537.36 [] {"uid":"b916695"}
[2019-06-13 15:48:15] UTN FRA LOGGER.INFO: ip =::1 [] {"uid":"b916695"}
[2019-06-13 15:50:55] UTN FRA LOGGER.INFO: Datos  =Mozilla/5.0 (X11; Linux x86_64) AppleWebKit/537.36 (KHTML, like Gecko) Chrome/73.0.3683.86 Safari/537.36 [] {"uid":"1dd5fc6"}
[2019-06-13 15:50:55] UTN FRA LOGGER.INFO: ip =::1 [] {"uid":"1dd5fc6"}
[2019-06-13 15:51:28] UTN FRA LOGGER.INFO: Datos  =Mozilla/5.0 (X11; Linux x86_64) AppleWebKit/537.36 (KHTML, like Gecko) Chrome/73.0.3683.86 Safari/537.36 [] {"uid":"458c08c"}
[2019-06-13 15:51:28] UTN FRA LOGGER.INFO: ip =::1 [] {"uid":"458c08c"}
[2019-06-13 15:51:33] UTN FRA LOGGER.INFO: Datos  =Mozilla/5.0 (X11; Linux x86_64) AppleWebKit/537.36 (KHTML, like Gecko) Chrome/73.0.3683.86 Safari/537.36 [] {"uid":"c57b200"}
[2019-06-13 15:51:33] UTN FRA LOGGER.INFO: ip =::1 [] {"uid":"c57b200"}
[2019-06-13 15:53:23] UTN FRA LOGGER.INFO: Datos  =Mozilla/5.0 (X11; Linux x86_64) AppleWebKit/537.36 (KHTML, like Gecko) Chrome/73.0.3683.86 Safari/537.36 [] {"uid":"903207f"}
[2019-06-13 15:53:23] UTN FRA LOGGER.INFO: ip =::1 [] {"uid":"903207f"}
[2019-06-13 15:53:26] UTN FRA LOGGER.INFO: Datos  =Mozilla/5.0 (X11; Linux x86_64) AppleWebKit/537.36 (KHTML, like Gecko) Chrome/73.0.3683.86 Safari/537.36 [] {"uid":"3a71660"}
[2019-06-13 15:53:26] UTN FRA LOGGER.INFO: ip =::1 [] {"uid":"3a71660"}
[2019-06-13 15:54:00] UTN FRA LOGGER.INFO: Datos  =Mozilla/5.0 (X11; Linux x86_64) AppleWebKit/537.36 (KHTML, like Gecko) Chrome/73.0.3683.86 Safari/537.36 [] {"uid":"b363313"}
[2019-06-13 15:54:00] UTN FRA LOGGER.INFO: ip =::1 [] {"uid":"b363313"}
[2019-06-13 15:54:01] UTN FRA LOGGER.INFO: Datos  =Mozilla/5.0 (X11; Linux x86_64) AppleWebKit/537.36 (KHTML, like Gecko) Chrome/73.0.3683.86 Safari/537.36 [] {"uid":"a1ab03e"}
[2019-06-13 15:54:01] UTN FRA LOGGER.INFO: ip =::1 [] {"uid":"a1ab03e"}
[2019-06-13 15:54:01] UTN FRA LOGGER.INFO: Datos  =Mozilla/5.0 (X11; Linux x86_64) AppleWebKit/537.36 (KHTML, like Gecko) Chrome/73.0.3683.86 Safari/537.36 [] {"uid":"74bb1fc"}
[2019-06-13 15:54:01] UTN FRA LOGGER.INFO: ip =::1 [] {"uid":"74bb1fc"}
[2019-06-13 15:54:01] UTN FRA LOGGER.INFO: Datos  =Mozilla/5.0 (X11; Linux x86_64) AppleWebKit/537.36 (KHTML, like Gecko) Chrome/73.0.3683.86 Safari/537.36 [] {"uid":"e07b9d7"}
[2019-06-13 15:54:01] UTN FRA LOGGER.INFO: ip =::1 [] {"uid":"e07b9d7"}
[2019-06-13 15:54:01] UTN FRA LOGGER.INFO: Datos  =Mozilla/5.0 (X11; Linux x86_64) AppleWebKit/537.36 (KHTML, like Gecko) Chrome/73.0.3683.86 Safari/537.36 [] {"uid":"b3e7a0b"}
[2019-06-13 15:54:01] UTN FRA LOGGER.INFO: ip =::1 [] {"uid":"b3e7a0b"}
[2019-06-13 15:54:02] UTN FRA LOGGER.INFO: Datos  =Mozilla/5.0 (X11; Linux x86_64) AppleWebKit/537.36 (KHTML, like Gecko) Chrome/73.0.3683.86 Safari/537.36 [] {"uid":"e6fa77e"}
[2019-06-13 15:54:02] UTN FRA LOGGER.INFO: ip =::1 [] {"uid":"e6fa77e"}
[2019-06-13 15:54:02] UTN FRA LOGGER.INFO: Datos  =Mozilla/5.0 (X11; Linux x86_64) AppleWebKit/537.36 (KHTML, like Gecko) Chrome/73.0.3683.86 Safari/537.36 [] {"uid":"262fbd8"}
[2019-06-13 15:54:02] UTN FRA LOGGER.INFO: ip =::1 [] {"uid":"262fbd8"}
[2019-06-13 15:54:29] UTN FRA LOGGER.INFO: Datos  =Mozilla/5.0 (X11; Linux x86_64) AppleWebKit/537.36 (KHTML, like Gecko) Chrome/73.0.3683.86 Safari/537.36 [] {"uid":"69026c5"}
[2019-06-13 15:54:29] UTN FRA LOGGER.INFO: ip =::1 [] {"uid":"69026c5"}
[2019-06-13 15:54:53] UTN FRA LOGGER.INFO: Datos  =Mozilla/5.0 (X11; Linux x86_64) AppleWebKit/537.36 (KHTML, like Gecko) Chrome/73.0.3683.86 Safari/537.36 [] {"uid":"7f80bac"}
[2019-06-13 15:54:53] UTN FRA LOGGER.INFO: ip =::1 [] {"uid":"7f80bac"}
[2019-06-13 16:14:20] UTN FRA LOGGER.INFO: Datos  =PostmanRuntime/7.1.1 [] {"uid":"f37f107"}
[2019-06-13 16:14:20] UTN FRA LOGGER.INFO: ip =::1 [] {"uid":"f37f107"}
[2019-06-13 16:14:25] UTN FRA LOGGER.INFO: Datos  =PostmanRuntime/7.1.1 [] {"uid":"f86c548"}
[2019-06-13 16:14:25] UTN FRA LOGGER.INFO: ip =::1 [] {"uid":"f86c548"}
[2019-06-13 16:16:52] UTN FRA LOGGER.INFO: Datos  =PostmanRuntime/7.1.1 [] {"uid":"cfce916"}
[2019-06-13 16:16:52] UTN FRA LOGGER.INFO: ip =::1 [] {"uid":"cfce916"}
[2019-06-13 16:16:56] UTN FRA LOGGER.INFO: Datos  =PostmanRuntime/7.1.1 [] {"uid":"24b074c"}
[2019-06-13 16:16:56] UTN FRA LOGGER.INFO: ip =::1 [] {"uid":"24b074c"}
[2019-06-13 16:17:07] UTN FRA LOGGER.INFO: Datos  =PostmanRuntime/7.1.1 [] {"uid":"fecc8fc"}
[2019-06-13 16:17:07] UTN FRA LOGGER.INFO: ip =::1 [] {"uid":"fecc8fc"}
[2019-06-13 16:19:09] UTN FRA LOGGER.INFO: Datos  =Mozilla/5.0 (X11; Linux x86_64) AppleWebKit/537.36 (KHTML, like Gecko) Chrome/73.0.3683.86 Safari/537.36 [] {"uid":"e2193d4"}
[2019-06-13 16:19:09] UTN FRA LOGGER.INFO: ip =::1 [] {"uid":"e2193d4"}
[2019-06-13 16:19:58] UTN FRA LOGGER.INFO: Datos  =Mozilla/5.0 (X11; Linux x86_64) AppleWebKit/537.36 (KHTML, like Gecko) Chrome/73.0.3683.86 Safari/537.36 [] {"uid":"d83d781"}
[2019-06-13 16:19:58] UTN FRA LOGGER.INFO: ip =::1 [] {"uid":"d83d781"}
[2019-06-13 16:20:00] UTN FRA LOGGER.INFO: Datos  =Mozilla/5.0 (X11; Linux x86_64) AppleWebKit/537.36 (KHTML, like Gecko) Chrome/73.0.3683.86 Safari/537.36 [] {"uid":"89e32cc"}
[2019-06-13 16:20:00] UTN FRA LOGGER.INFO: ip =::1 [] {"uid":"89e32cc"}
[2019-06-13 16:20:32] UTN FRA LOGGER.INFO: Datos  =Mozilla/5.0 (X11; Linux x86_64) AppleWebKit/537.36 (KHTML, like Gecko) Chrome/73.0.3683.86 Safari/537.36 [] {"uid":"434586f"}
[2019-06-13 16:20:32] UTN FRA LOGGER.INFO: ip =::1 [] {"uid":"434586f"}
[2019-06-13 16:20:40] UTN FRA LOGGER.INFO: Datos  =PostmanRuntime/7.1.1 [] {"uid":"87cac8e"}
[2019-06-13 16:20:40] UTN FRA LOGGER.INFO: ip =::1 [] {"uid":"87cac8e"}
[2019-11-10 17:35:29] UTN FRA LOGGER.INFO: Datos  =PostmanRuntime/7.19.0 [] {"uid":"432d16e"}
[2019-11-10 17:35:29] UTN FRA LOGGER.INFO: ip =::1 [] {"uid":"432d16e"}
[2019-11-10 17:37:50] UTN FRA LOGGER.INFO: Datos  =PostmanRuntime/7.19.0 [] {"uid":"63e245f"}
[2019-11-10 17:37:50] UTN FRA LOGGER.INFO: ip =::1 [] {"uid":"63e245f"}
[2019-11-10 17:50:46] UTN FRA LOGGER.INFO: Datos  =PostmanRuntime/7.19.0 [] {"uid":"583d928"}
[2019-11-10 17:50:46] UTN FRA LOGGER.INFO: ip =::1 [] {"uid":"583d928"}
[2019-11-10 17:51:29] UTN FRA LOGGER.INFO: Datos  =PostmanRuntime/7.19.0 [] {"uid":"e7a39ab"}
[2019-11-10 17:51:29] UTN FRA LOGGER.INFO: ip =::1 [] {"uid":"e7a39ab"}
[2019-11-10 17:53:35] UTN FRA LOGGER.INFO: Datos  =PostmanRuntime/7.19.0 [] {"uid":"f18f1a2"}
[2019-11-10 17:53:35] UTN FRA LOGGER.INFO: ip =::1 [] {"uid":"f18f1a2"}
[2019-11-10 18:21:33] UTN FRA LOGGER.INFO: Datos  =PostmanRuntime/7.19.0 [] {"uid":"2339e4a"}
[2019-11-10 18:21:33] UTN FRA LOGGER.INFO: ip =::1 [] {"uid":"2339e4a"}
[2019-11-10 18:21:53] UTN FRA LOGGER.INFO: Datos  =PostmanRuntime/7.19.0 [] {"uid":"200b938"}
[2019-11-10 18:21:53] UTN FRA LOGGER.INFO: ip =::1 [] {"uid":"200b938"}
[2019-11-10 18:24:27] UTN FRA LOGGER.INFO: Datos  =PostmanRuntime/7.19.0 [] {"uid":"a03e014"}
[2019-11-10 18:24:27] UTN FRA LOGGER.INFO: ip =::1 [] {"uid":"a03e014"}
[2019-11-10 18:24:33] UTN FRA LOGGER.INFO: Datos  =PostmanRuntime/7.19.0 [] {"uid":"1b0ac0d"}
[2019-11-10 18:24:33] UTN FRA LOGGER.INFO: ip =::1 [] {"uid":"1b0ac0d"}
[2019-11-10 18:24:38] UTN FRA LOGGER.INFO: Datos  =PostmanRuntime/7.19.0 [] {"uid":"44f1a4b"}
[2019-11-10 18:24:38] UTN FRA LOGGER.INFO: ip =::1 [] {"uid":"44f1a4b"}
[2019-11-10 18:24:43] UTN FRA LOGGER.INFO: Datos  =PostmanRuntime/7.19.0 [] {"uid":"ab69061"}
[2019-11-10 18:24:43] UTN FRA LOGGER.INFO: ip =::1 [] {"uid":"ab69061"}
[2019-11-10 18:25:03] UTN FRA LOGGER.INFO: Datos  =PostmanRuntime/7.19.0 [] {"uid":"ce38970"}
[2019-11-10 18:25:03] UTN FRA LOGGER.INFO: ip =::1 [] {"uid":"ce38970"}
[2019-11-10 18:26:34] UTN FRA LOGGER.INFO: Datos  =PostmanRuntime/7.19.0 [] {"uid":"cc932cc"}
[2019-11-10 18:26:34] UTN FRA LOGGER.INFO: ip =::1 [] {"uid":"cc932cc"}
[2019-11-10 18:26:39] UTN FRA LOGGER.INFO: Datos  =PostmanRuntime/7.19.0 [] {"uid":"44f8f06"}
[2019-11-10 18:26:39] UTN FRA LOGGER.INFO: ip =::1 [] {"uid":"44f8f06"}
[2019-11-10 18:26:52] UTN FRA LOGGER.INFO: Datos  =PostmanRuntime/7.19.0 [] {"uid":"29c172d"}
[2019-11-10 18:26:52] UTN FRA LOGGER.INFO: ip =::1 [] {"uid":"29c172d"}
[2019-11-10 18:27:11] UTN FRA LOGGER.INFO: Datos  =PostmanRuntime/7.19.0 [] {"uid":"80606e2"}
[2019-11-10 18:27:11] UTN FRA LOGGER.INFO: ip =::1 [] {"uid":"80606e2"}
[2019-11-10 18:27:32] UTN FRA LOGGER.INFO: Datos  =PostmanRuntime/7.19.0 [] {"uid":"df02b1d"}
[2019-11-10 18:27:32] UTN FRA LOGGER.INFO: ip =::1 [] {"uid":"df02b1d"}
[2019-11-10 18:30:34] UTN FRA LOGGER.INFO: Datos  =PostmanRuntime/7.19.0 [] {"uid":"d39c126"}
[2019-11-10 18:30:34] UTN FRA LOGGER.INFO: ip =::1 [] {"uid":"d39c126"}
[2019-11-10 19:19:27] UTN FRA LOGGER.INFO: Datos  =PostmanRuntime/7.19.0 [] {"uid":"8755d2e"}
[2019-11-10 19:19:27] UTN FRA LOGGER.INFO: ip =::1 [] {"uid":"8755d2e"}
[2019-11-10 19:19:54] UTN FRA LOGGER.INFO: Datos  =PostmanRuntime/7.19.0 [] {"uid":"6326138"}
[2019-11-10 19:19:54] UTN FRA LOGGER.INFO: ip =::1 [] {"uid":"6326138"}
[2019-11-10 19:31:14] UTN FRA LOGGER.INFO: Datos  =PostmanRuntime/7.19.0 [] {"uid":"c8eb37a"}
[2019-11-10 19:31:14] UTN FRA LOGGER.INFO: ip =::1 [] {"uid":"c8eb37a"}
[2019-11-10 19:31:37] UTN FRA LOGGER.INFO: Datos  =PostmanRuntime/7.19.0 [] {"uid":"e509c12"}
[2019-11-10 19:31:37] UTN FRA LOGGER.INFO: ip =::1 [] {"uid":"e509c12"}
[2019-11-10 19:54:31] UTN FRA LOGGER.INFO: Datos  =PostmanRuntime/7.19.0 [] {"uid":"860495d"}
[2019-11-10 19:54:31] UTN FRA LOGGER.INFO: ip =::1 [] {"uid":"860495d"}
[2019-11-10 19:54:35] UTN FRA LOGGER.INFO: Datos  =PostmanRuntime/7.19.0 [] {"uid":"f132875"}
[2019-11-10 19:54:35] UTN FRA LOGGER.INFO: ip =::1 [] {"uid":"f132875"}
[2019-11-10 19:57:58] UTN FRA LOGGER.INFO: Datos  =PostmanRuntime/7.19.0 [] {"uid":"a46f95c"}
[2019-11-10 19:57:58] UTN FRA LOGGER.INFO: ip =::1 [] {"uid":"a46f95c"}
[2019-11-10 19:58:23] UTN FRA LOGGER.INFO: Datos  =PostmanRuntime/7.19.0 [] {"uid":"f46e5b3"}
[2019-11-10 19:58:23] UTN FRA LOGGER.INFO: ip =::1 [] {"uid":"f46e5b3"}
[2019-11-10 19:59:05] UTN FRA LOGGER.INFO: Datos  =PostmanRuntime/7.19.0 [] {"uid":"4eb1b83"}
[2019-11-10 19:59:05] UTN FRA LOGGER.INFO: ip =::1 [] {"uid":"4eb1b83"}
[2019-11-10 20:03:01] UTN FRA LOGGER.INFO: Datos  =PostmanRuntime/7.19.0 [] {"uid":"b6ec04f"}
[2019-11-10 20:03:01] UTN FRA LOGGER.INFO: ip =::1 [] {"uid":"b6ec04f"}
[2019-11-10 20:04:38] UTN FRA LOGGER.INFO: Datos  =PostmanRuntime/7.19.0 [] {"uid":"eaf660e"}
[2019-11-10 20:04:38] UTN FRA LOGGER.INFO: ip =::1 [] {"uid":"eaf660e"}
[2019-11-10 20:06:06] UTN FRA LOGGER.INFO: Datos  =PostmanRuntime/7.19.0 [] {"uid":"c3ccc68"}
[2019-11-10 20:06:06] UTN FRA LOGGER.INFO: ip =::1 [] {"uid":"c3ccc68"}
[2019-11-10 20:07:14] UTN FRA LOGGER.INFO: Datos  =PostmanRuntime/7.19.0 [] {"uid":"12e0583"}
[2019-11-10 20:07:14] UTN FRA LOGGER.INFO: ip =::1 [] {"uid":"12e0583"}
[2019-11-10 20:38:04] UTN FRA LOGGER.INFO: Datos  =PostmanRuntime/7.19.0 [] {"uid":"ebfafb5"}
[2019-11-10 20:38:04] UTN FRA LOGGER.INFO: ip =::1 [] {"uid":"ebfafb5"}
[2019-11-10 20:39:37] UTN FRA LOGGER.INFO: Datos  =PostmanRuntime/7.19.0 [] {"uid":"01c4fdd"}
[2019-11-10 20:39:37] UTN FRA LOGGER.INFO: ip =::1 [] {"uid":"01c4fdd"}
[2019-11-10 20:39:57] UTN FRA LOGGER.INFO: Datos  =PostmanRuntime/7.19.0 [] {"uid":"6a6615c"}
[2019-11-10 20:39:57] UTN FRA LOGGER.INFO: ip =::1 [] {"uid":"6a6615c"}
[2019-11-10 20:53:37] UTN FRA LOGGER.INFO: Datos  =PostmanRuntime/7.19.0 [] {"uid":"c3844aa"}
[2019-11-10 20:53:37] UTN FRA LOGGER.INFO: ip =::1 [] {"uid":"c3844aa"}
[2019-11-10 20:53:57] UTN FRA LOGGER.INFO: Datos  =PostmanRuntime/7.19.0 [] {"uid":"6134171"}
[2019-11-10 20:53:57] UTN FRA LOGGER.INFO: ip =::1 [] {"uid":"6134171"}
[2019-11-10 20:54:51] UTN FRA LOGGER.INFO: Datos  =PostmanRuntime/7.19.0 [] {"uid":"e6bfad9"}
[2019-11-10 20:54:51] UTN FRA LOGGER.INFO: ip =::1 [] {"uid":"e6bfad9"}
[2019-11-10 21:12:11] UTN FRA LOGGER.INFO: Datos  =PostmanRuntime/7.19.0 [] {"uid":"a5cd8ca"}
[2019-11-10 21:12:11] UTN FRA LOGGER.INFO: ip =::1 [] {"uid":"a5cd8ca"}
[2019-11-10 21:12:56] UTN FRA LOGGER.INFO: Datos  =PostmanRuntime/7.19.0 [] {"uid":"a583d83"}
[2019-11-10 21:12:56] UTN FRA LOGGER.INFO: ip =::1 [] {"uid":"a583d83"}
[2019-11-10 21:14:39] UTN FRA LOGGER.INFO: Datos  =PostmanRuntime/7.19.0 [] {"uid":"d0b7882"}
[2019-11-10 21:14:39] UTN FRA LOGGER.INFO: ip =::1 [] {"uid":"d0b7882"}
[2019-11-10 21:15:13] UTN FRA LOGGER.INFO: Datos  =PostmanRuntime/7.19.0 [] {"uid":"bed5890"}
[2019-11-10 21:15:13] UTN FRA LOGGER.INFO: ip =::1 [] {"uid":"bed5890"}
[2019-11-10 21:48:35] UTN FRA LOGGER.INFO: Datos  =PostmanRuntime/7.19.0 [] {"uid":"d4b0063"}
[2019-11-10 21:48:35] UTN FRA LOGGER.INFO: ip =::1 [] {"uid":"d4b0063"}
[2019-11-10 21:48:47] UTN FRA LOGGER.INFO: Datos  =PostmanRuntime/7.19.0 [] {"uid":"ab93f5d"}
[2019-11-10 21:48:47] UTN FRA LOGGER.INFO: ip =::1 [] {"uid":"ab93f5d"}
[2019-11-10 21:49:27] UTN FRA LOGGER.INFO: Datos  =PostmanRuntime/7.19.0 [] {"uid":"db29b9f"}
[2019-11-10 21:49:27] UTN FRA LOGGER.INFO: ip =::1 [] {"uid":"db29b9f"}
[2019-11-10 22:13:16] UTN FRA LOGGER.INFO: Datos  =PostmanRuntime/7.19.0 [] {"uid":"7b7e232"}
[2019-11-10 22:13:16] UTN FRA LOGGER.INFO: ip =::1 [] {"uid":"7b7e232"}
[2019-11-10 22:17:51] UTN FRA LOGGER.INFO: Datos  =PostmanRuntime/7.19.0 [] {"uid":"0e9cb69"}
[2019-11-10 22:17:51] UTN FRA LOGGER.INFO: ip =::1 [] {"uid":"0e9cb69"}
[2019-11-10 22:18:07] UTN FRA LOGGER.INFO: Datos  =PostmanRuntime/7.19.0 [] {"uid":"bf728d2"}
[2019-11-10 22:18:07] UTN FRA LOGGER.INFO: ip =::1 [] {"uid":"bf728d2"}
[2019-11-10 22:18:23] UTN FRA LOGGER.INFO: Datos  =PostmanRuntime/7.19.0 [] {"uid":"aea4325"}
[2019-11-10 22:18:23] UTN FRA LOGGER.INFO: ip =::1 [] {"uid":"aea4325"}
[2019-11-10 22:18:40] UTN FRA LOGGER.INFO: Datos  =PostmanRuntime/7.19.0 [] {"uid":"8bf8001"}
[2019-11-10 22:18:40] UTN FRA LOGGER.INFO: ip =::1 [] {"uid":"8bf8001"}
[2019-11-10 22:24:28] UTN FRA LOGGER.INFO: Datos  =PostmanRuntime/7.19.0 [] {"uid":"583894a"}
[2019-11-10 22:24:28] UTN FRA LOGGER.INFO: ip =::1 [] {"uid":"583894a"}
[2019-11-10 22:25:26] UTN FRA LOGGER.INFO: Datos  =PostmanRuntime/7.19.0 [] {"uid":"d71c2aa"}
[2019-11-10 22:25:26] UTN FRA LOGGER.INFO: ip =::1 [] {"uid":"d71c2aa"}
[2019-11-10 22:25:55] UTN FRA LOGGER.INFO: Datos  =PostmanRuntime/7.19.0 [] {"uid":"a7be576"}
[2019-11-10 22:25:55] UTN FRA LOGGER.INFO: ip =::1 [] {"uid":"a7be576"}
[2019-11-10 22:26:34] UTN FRA LOGGER.INFO: Datos  =PostmanRuntime/7.19.0 [] {"uid":"5256978"}
[2019-11-10 22:26:34] UTN FRA LOGGER.INFO: ip =::1 [] {"uid":"5256978"}
[2019-11-10 22:26:58] UTN FRA LOGGER.INFO: Datos  =PostmanRuntime/7.19.0 [] {"uid":"6d665c2"}
[2019-11-10 22:26:58] UTN FRA LOGGER.INFO: ip =::1 [] {"uid":"6d665c2"}
[2019-11-10 22:27:09] UTN FRA LOGGER.INFO: Datos  =PostmanRuntime/7.19.0 [] {"uid":"4065aaf"}
[2019-11-10 22:27:09] UTN FRA LOGGER.INFO: ip =::1 [] {"uid":"4065aaf"}
[2019-11-10 22:27:29] UTN FRA LOGGER.INFO: Datos  =PostmanRuntime/7.19.0 [] {"uid":"09f3803"}
[2019-11-10 22:27:29] UTN FRA LOGGER.INFO: ip =::1 [] {"uid":"09f3803"}
[2019-11-10 22:42:56] UTN FRA LOGGER.INFO: Datos  =PostmanRuntime/7.19.0 [] {"uid":"d53fed1"}
[2019-11-10 22:42:56] UTN FRA LOGGER.INFO: ip =::1 [] {"uid":"d53fed1"}
[2019-11-10 22:43:26] UTN FRA LOGGER.INFO: Datos  =PostmanRuntime/7.19.0 [] {"uid":"3b6ca82"}
[2019-11-10 22:43:26] UTN FRA LOGGER.INFO: ip =::1 [] {"uid":"3b6ca82"}
[2019-11-10 22:44:33] UTN FRA LOGGER.INFO: Datos  =PostmanRuntime/7.19.0 [] {"uid":"e5de624"}
[2019-11-10 22:44:33] UTN FRA LOGGER.INFO: ip =::1 [] {"uid":"e5de624"}
[2019-11-10 22:45:07] UTN FRA LOGGER.INFO: Datos  =PostmanRuntime/7.19.0 [] {"uid":"966c09d"}
[2019-11-10 22:45:07] UTN FRA LOGGER.INFO: ip =::1 [] {"uid":"966c09d"}
[2019-11-16 14:51:04] UTN FRA LOGGER.INFO: Datos  =PostmanRuntime/7.19.0 [] {"uid":"a90a87d"}
[2019-11-16 14:51:04] UTN FRA LOGGER.INFO: ip =::1 [] {"uid":"a90a87d"}
[2019-11-16 14:53:31] UTN FRA LOGGER.INFO: Datos  =PostmanRuntime/7.19.0 [] {"uid":"8e43784"}
[2019-11-16 14:53:31] UTN FRA LOGGER.INFO: ip =::1 [] {"uid":"8e43784"}
[2019-11-16 15:01:54] UTN FRA LOGGER.INFO: Datos  =PostmanRuntime/7.19.0 [] {"uid":"1cce9f3"}
[2019-11-16 15:01:54] UTN FRA LOGGER.INFO: ip =::1 [] {"uid":"1cce9f3"}
[2019-11-16 15:02:48] UTN FRA LOGGER.INFO: Datos  =PostmanRuntime/7.19.0 [] {"uid":"32ab987"}
[2019-11-16 15:02:48] UTN FRA LOGGER.INFO: ip =::1 [] {"uid":"32ab987"}
[2019-11-16 15:03:02] UTN FRA LOGGER.INFO: Datos  =PostmanRuntime/7.19.0 [] {"uid":"bb725ff"}
[2019-11-16 15:03:02] UTN FRA LOGGER.INFO: ip =::1 [] {"uid":"bb725ff"}
[2019-11-16 15:03:07] UTN FRA LOGGER.INFO: Datos  =PostmanRuntime/7.19.0 [] {"uid":"e04b30a"}
[2019-11-16 15:03:07] UTN FRA LOGGER.INFO: ip =::1 [] {"uid":"e04b30a"}
[2019-11-16 15:08:11] UTN FRA LOGGER.INFO: Datos  =PostmanRuntime/7.19.0 [] {"uid":"c3b06eb"}
[2019-11-16 15:08:11] UTN FRA LOGGER.INFO: ip =::1 [] {"uid":"c3b06eb"}
[2019-11-16 15:09:16] UTN FRA LOGGER.INFO: Datos  =PostmanRuntime/7.19.0 [] {"uid":"283d662"}
[2019-11-16 15:09:16] UTN FRA LOGGER.INFO: ip =::1 [] {"uid":"283d662"}
[2019-11-16 15:12:09] UTN FRA LOGGER.INFO: Datos  =PostmanRuntime/7.19.0 [] {"uid":"5ef690c"}
[2019-11-16 15:12:09] UTN FRA LOGGER.INFO: ip =::1 [] {"uid":"5ef690c"}
[2019-11-16 15:12:41] UTN FRA LOGGER.INFO: Datos  =PostmanRuntime/7.19.0 [] {"uid":"8996588"}
[2019-11-16 15:12:41] UTN FRA LOGGER.INFO: ip =::1 [] {"uid":"8996588"}
[2019-11-16 15:13:12] UTN FRA LOGGER.INFO: Datos  =PostmanRuntime/7.19.0 [] {"uid":"cf9731f"}
[2019-11-16 15:13:12] UTN FRA LOGGER.INFO: ip =::1 [] {"uid":"cf9731f"}
[2019-11-16 15:14:06] UTN FRA LOGGER.INFO: Datos  =PostmanRuntime/7.19.0 [] {"uid":"af4a463"}
[2019-11-16 15:14:06] UTN FRA LOGGER.INFO: ip =::1 [] {"uid":"af4a463"}
[2019-11-16 15:17:01] UTN FRA LOGGER.INFO: Datos  =PostmanRuntime/7.19.0 [] {"uid":"ae794c0"}
[2019-11-16 15:17:01] UTN FRA LOGGER.INFO: ip =::1 [] {"uid":"ae794c0"}
[2019-11-16 15:17:46] UTN FRA LOGGER.INFO: Datos  =PostmanRuntime/7.19.0 [] {"uid":"8d0787f"}
[2019-11-16 15:17:46] UTN FRA LOGGER.INFO: ip =::1 [] {"uid":"8d0787f"}
[2019-11-16 15:18:54] UTN FRA LOGGER.INFO: Datos  =PostmanRuntime/7.19.0 [] {"uid":"8988149"}
[2019-11-16 15:18:54] UTN FRA LOGGER.INFO: ip =::1 [] {"uid":"8988149"}
[2019-11-16 15:44:05] UTN FRA LOGGER.INFO: Datos  =PostmanRuntime/7.19.0 [] {"uid":"34dd2ed"}
[2019-11-16 15:44:06] UTN FRA LOGGER.INFO: ip =::1 [] {"uid":"34dd2ed"}
[2019-11-16 15:44:49] UTN FRA LOGGER.INFO: Datos  =PostmanRuntime/7.19.0 [] {"uid":"cad9d3c"}
[2019-11-16 15:44:49] UTN FRA LOGGER.INFO: ip =::1 [] {"uid":"cad9d3c"}
[2019-11-16 15:45:12] UTN FRA LOGGER.INFO: Datos  =PostmanRuntime/7.19.0 [] {"uid":"eb6939e"}
[2019-11-16 15:45:12] UTN FRA LOGGER.INFO: ip =::1 [] {"uid":"eb6939e"}
[2019-11-16 15:45:27] UTN FRA LOGGER.INFO: Datos  =PostmanRuntime/7.19.0 [] {"uid":"ca4d70c"}
[2019-11-16 15:45:27] UTN FRA LOGGER.INFO: ip =::1 [] {"uid":"ca4d70c"}
[2019-11-16 15:46:42] UTN FRA LOGGER.INFO: Datos  =PostmanRuntime/7.19.0 [] {"uid":"035b20e"}
[2019-11-16 15:46:42] UTN FRA LOGGER.INFO: ip =::1 [] {"uid":"035b20e"}
[2019-11-16 15:49:59] UTN FRA LOGGER.INFO: Datos  =PostmanRuntime/7.19.0 [] {"uid":"866de24"}
[2019-11-16 15:49:59] UTN FRA LOGGER.INFO: ip =::1 [] {"uid":"866de24"}
[2019-11-16 15:50:39] UTN FRA LOGGER.INFO: Datos  =PostmanRuntime/7.19.0 [] {"uid":"78fe3e7"}
[2019-11-16 15:50:39] UTN FRA LOGGER.INFO: ip =::1 [] {"uid":"78fe3e7"}
[2019-11-16 15:52:27] UTN FRA LOGGER.INFO: Datos  =PostmanRuntime/7.19.0 [] {"uid":"0a459ef"}
[2019-11-16 15:52:27] UTN FRA LOGGER.INFO: ip =::1 [] {"uid":"0a459ef"}
[2019-11-16 15:53:16] UTN FRA LOGGER.INFO: Datos  =PostmanRuntime/7.19.0 [] {"uid":"afc8d4d"}
[2019-11-16 15:53:16] UTN FRA LOGGER.INFO: ip =::1 [] {"uid":"afc8d4d"}
[2019-11-16 15:53:45] UTN FRA LOGGER.INFO: Datos  =PostmanRuntime/7.19.0 [] {"uid":"0b24be2"}
[2019-11-16 15:53:45] UTN FRA LOGGER.INFO: ip =::1 [] {"uid":"0b24be2"}
[2019-11-16 15:54:32] UTN FRA LOGGER.INFO: Datos  =PostmanRuntime/7.19.0 [] {"uid":"2759070"}
[2019-11-16 15:54:32] UTN FRA LOGGER.INFO: ip =::1 [] {"uid":"2759070"}
[2019-11-16 15:55:35] UTN FRA LOGGER.INFO: Datos  =PostmanRuntime/7.19.0 [] {"uid":"96a5d77"}
[2019-11-16 15:55:35] UTN FRA LOGGER.INFO: ip =::1 [] {"uid":"96a5d77"}
[2019-11-16 16:16:43] UTN FRA LOGGER.INFO: Datos  =PostmanRuntime/7.19.0 [] {"uid":"fc03bb6"}
[2019-11-16 16:16:43] UTN FRA LOGGER.INFO: ip =::1 [] {"uid":"fc03bb6"}
[2019-11-16 16:17:55] UTN FRA LOGGER.INFO: Datos  =PostmanRuntime/7.19.0 [] {"uid":"076e8e1"}
[2019-11-16 16:17:55] UTN FRA LOGGER.INFO: ip =::1 [] {"uid":"076e8e1"}
[2019-11-16 16:20:51] UTN FRA LOGGER.INFO: Datos  =PostmanRuntime/7.19.0 [] {"uid":"8ec3253"}
[2019-11-16 16:20:51] UTN FRA LOGGER.INFO: ip =::1 [] {"uid":"8ec3253"}
[2019-11-16 16:20:54] UTN FRA LOGGER.INFO: Datos  =PostmanRuntime/7.19.0 [] {"uid":"3b80f44"}
[2019-11-16 16:20:54] UTN FRA LOGGER.INFO: ip =::1 [] {"uid":"3b80f44"}
[2019-11-16 16:21:42] UTN FRA LOGGER.INFO: Datos  =PostmanRuntime/7.19.0 [] {"uid":"2efcd5f"}
[2019-11-16 16:21:42] UTN FRA LOGGER.INFO: ip =::1 [] {"uid":"2efcd5f"}
[2019-11-16 16:22:09] UTN FRA LOGGER.INFO: Datos  =PostmanRuntime/7.19.0 [] {"uid":"b3238ec"}
[2019-11-16 16:22:09] UTN FRA LOGGER.INFO: ip =::1 [] {"uid":"b3238ec"}
[2019-11-16 16:22:27] UTN FRA LOGGER.INFO: Datos  =PostmanRuntime/7.19.0 [] {"uid":"b74996b"}
[2019-11-16 16:22:27] UTN FRA LOGGER.INFO: ip =::1 [] {"uid":"b74996b"}
[2019-11-16 16:23:16] UTN FRA LOGGER.INFO: Datos  =PostmanRuntime/7.19.0 [] {"uid":"cb4dbaa"}
[2019-11-16 16:23:16] UTN FRA LOGGER.INFO: ip =::1 [] {"uid":"cb4dbaa"}
[2019-11-16 16:23:26] UTN FRA LOGGER.INFO: Datos  =PostmanRuntime/7.19.0 [] {"uid":"406e105"}
[2019-11-16 16:23:26] UTN FRA LOGGER.INFO: ip =::1 [] {"uid":"406e105"}
[2019-11-16 16:23:56] UTN FRA LOGGER.INFO: Datos  =PostmanRuntime/7.19.0 [] {"uid":"159e8d4"}
[2019-11-16 16:23:56] UTN FRA LOGGER.INFO: ip =::1 [] {"uid":"159e8d4"}
[2019-11-16 16:24:50] UTN FRA LOGGER.INFO: Datos  =PostmanRuntime/7.19.0 [] {"uid":"9a90399"}
[2019-11-16 16:24:50] UTN FRA LOGGER.INFO: ip =::1 [] {"uid":"9a90399"}
[2019-11-16 16:25:17] UTN FRA LOGGER.INFO: Datos  =PostmanRuntime/7.19.0 [] {"uid":"f141d70"}
[2019-11-16 16:25:17] UTN FRA LOGGER.INFO: ip =::1 [] {"uid":"f141d70"}
[2019-11-16 16:26:56] UTN FRA LOGGER.INFO: Datos  =PostmanRuntime/7.19.0 [] {"uid":"6429cd1"}
[2019-11-16 16:26:56] UTN FRA LOGGER.INFO: ip =::1 [] {"uid":"6429cd1"}
[2019-11-16 16:27:24] UTN FRA LOGGER.INFO: Datos  =PostmanRuntime/7.19.0 [] {"uid":"c9ee7c2"}
[2019-11-16 16:27:24] UTN FRA LOGGER.INFO: ip =::1 [] {"uid":"c9ee7c2"}
[2019-11-16 16:33:09] UTN FRA LOGGER.INFO: Datos  =PostmanRuntime/7.19.0 [] {"uid":"b0cab44"}
[2019-11-16 16:33:09] UTN FRA LOGGER.INFO: ip =::1 [] {"uid":"b0cab44"}
[2019-11-16 16:51:26] UTN FRA LOGGER.INFO: Datos  =PostmanRuntime/7.19.0 [] {"uid":"d97cb5c"}
[2019-11-16 16:51:26] UTN FRA LOGGER.INFO: ip =::1 [] {"uid":"d97cb5c"}
[2019-11-16 16:51:46] UTN FRA LOGGER.INFO: Datos  =PostmanRuntime/7.19.0 [] {"uid":"b35e644"}
[2019-11-16 16:51:46] UTN FRA LOGGER.INFO: ip =::1 [] {"uid":"b35e644"}
[2019-11-16 16:55:11] UTN FRA LOGGER.INFO: Datos  =PostmanRuntime/7.19.0 [] {"uid":"68f0688"}
[2019-11-16 16:55:11] UTN FRA LOGGER.INFO: ip =::1 [] {"uid":"68f0688"}
